[ 2016-07-11T10:14:47+08:00 ] ::1 /discuz/index.php/Admin/Index/i
ERR: 非法操作:i

[ 2016-07-11T10:15:33+08:00 ] ::1 /discuz/index.php/Admin/Index/i
ERR: 非法操作:i

[ 2016-07-11T11:27:26+08:00 ] ::1 /discuz/index.php/Admin/Topic/insert
INFO: [ app_init ] --START--
INFO: Run Behavior\BuildLiteBehavior [ RunTime:0.000000s ]
INFO: [ app_init ] --END-- [ RunTime:0.001000s ]
INFO: [ app_begin ] --START--
INFO: Run Behavior\ReadHtmlCacheBehavior [ RunTime:0.001000s ]
INFO: [ app_begin ] --END-- [ RunTime:0.001000s ]
SQL: SHOW COLUMNS FROM `topic` [ RunTime:0.0010s ]
NOTIC: [8] Undefined index: validate C:\wamp64\www\discuz\ThinkPHP\Library\Think\Model.class.php 第 1185 行.
INFO: [ view_parse ] --START--
INFO: [ template_filter ] --START--
INFO: Run Behavior\ContentReplaceBehavior [ RunTime:0.000000s ]
INFO: [ template_filter ] --END-- [ RunTime:0.000000s ]
NOTIC: [8] Undefined variable: message C:\wamp64\www\discuz\App\Runtime\Cache\Admin\498a3e31f09ac715501781f028246bd1.php 第 607 行.
INFO: Run Behavior\ParseTemplateBehavior [ RunTime:0.006001s ]
INFO: [ view_parse ] --END-- [ RunTime:0.006001s ]
INFO: [ view_filter ] --START--
INFO: Run Behavior\WriteHtmlCacheBehavior [ RunTime:0.000000s ]
INFO: [ view_filter ] --END-- [ RunTime:0.000000s ]

[ 2016-07-11T11:27:34+08:00 ] ::1 /discuz/index.php/Admin/
INFO: [ app_init ] --START--
INFO: Run Behavior\BuildLiteBehavior [ RunTime:0.000000s ]
INFO: [ app_init ] --END-- [ RunTime:0.000000s ]
INFO: [ app_begin ] --START--
INFO: Run Behavior\ReadHtmlCacheBehavior [ RunTime:0.001000s ]
INFO: [ app_begin ] --END-- [ RunTime:0.001000s ]
INFO: [ view_parse ] --START--
INFO: [ template_filter ] --START--
INFO: Run Behavior\ContentReplaceBehavior [ RunTime:0.001000s ]
INFO: [ template_filter ] --END-- [ RunTime:0.001000s ]
INFO: Run Behavior\ParseTemplateBehavior [ RunTime:0.013001s ]
INFO: [ view_parse ] --END-- [ RunTime:0.013001s ]
INFO: [ view_filter ] --START--
INFO: Run Behavior\WriteHtmlCacheBehavior [ RunTime:0.001000s ]
INFO: [ view_filter ] --END-- [ RunTime:0.001000s ]
INFO: [ app_end ] --START--
INFO: Run Behavior\ShowPageTraceBehavior [ RunTime:0.001000s ]
INFO: [ app_end ] --END-- [ RunTime:0.002000s ]

[ 2016-07-11T11:27:34+08:00 ] ::1 /discuz/index.php/Admin//discuz/Public/media/image/avatar3.jpg
INFO: [ app_init ] --START--
INFO: Run Behavior\BuildLiteBehavior [ RunTime:0.000000s ]
INFO: [ app_init ] --END-- [ RunTime:0.001000s ]

[ 2016-07-11T11:27:34+08:00 ] ::1 /discuz/index.php/Admin//discuz/Public/media/image/avatar1.jpg
INFO: [ app_init ] --START--
INFO: Run Behavior\BuildLiteBehavior [ RunTime:0.000000s ]
INFO: [ app_init ] --END-- [ RunTime:0.001000s ]

[ 2016-07-11T11:27:38+08:00 ] ::1 /discuz/index.php/Admin/Topic/index
INFO: [ app_init ] --START--
INFO: Run Behavior\BuildLiteBehavior [ RunTime:0.000000s ]
INFO: [ app_init ] --END-- [ RunTime:0.000000s ]
INFO: [ app_begin ] --START--
INFO: Run Behavior\ReadHtmlCacheBehavior [ RunTime:0.000000s ]
INFO: [ app_begin ] --END-- [ RunTime:0.000000s ]
SQL: SHOW COLUMNS FROM `topic` [ RunTime:0.0010s ]
SQL: SHOW COLUMNS FROM `topic` [ RunTime:0.0010s ]
SQL: SELECT COUNT(*) AS tp_count FROM `topic` LIMIT 1   [ RunTime:0.0000s ]
SQL: SELECT * FROM `topic` ORDER BY topic_id asc  [ RunTime:0.0010s ]
NOTIC: [2] Division by zero C:\wamp64\www\discuz\ThinkPHP\Library\Think\Page.class.php 第 84 行.
NOTIC: [8] Undefined variable: search C:\wamp64\www\discuz\App\Admin\Controller\CommonController.class.php 第 245 行.
NOTIC: [8] Undefined index: values C:\wamp64\www\discuz\App\Admin\Controller\CommonController.class.php 第 246 行.
INFO: [ view_parse ] --START--
INFO: [ template_filter ] --START--
INFO: Run Behavior\ContentReplaceBehavior [ RunTime:0.000000s ]
INFO: [ template_filter ] --END-- [ RunTime:0.000000s ]
INFO: Run Behavior\ParseTemplateBehavior [ RunTime:0.010001s ]
INFO: [ view_parse ] --END-- [ RunTime:0.010001s ]
INFO: [ view_filter ] --START--
INFO: Run Behavior\WriteHtmlCacheBehavior [ RunTime:0.001000s ]
INFO: [ view_filter ] --END-- [ RunTime:0.001000s ]
INFO: [ app_end ] --START--
INFO: Run Behavior\ShowPageTraceBehavior [ RunTime:0.001000s ]
INFO: [ app_end ] --END-- [ RunTime:0.001000s ]

[ 2016-07-11T11:28:22+08:00 ] ::1 /discuz/index.php/Admin/Notice/add
ERR: 无法加载控制器:Notice

[ 2016-07-11T11:51:56+08:00 ] ::1 /discuz/index.php/Admin/Topic/__URL/add
ERR: 非法操作:__URL

[ 2016-07-11T11:52:05+08:00 ] ::1 /discuz/index.php/Admin/Topic/__URL/add
ERR: 非法操作:__URL

[ 2016-07-11T12:00:15+08:00 ] ::1 /discuz/index.php/Admin/News/index
ERR: 无法加载控制器:News

[ 2016-07-11T14:13:38+08:00 ] ::1 /discuz/index.php/Admin/Topic/edit/id/1
ERR: 模板不存在:./App/Admin/View/Topic/edit.html

[ 2016-07-11T14:15:35+08:00 ] ::1 /discuz/index.php/Admin/Topic/edit/id/undefined
ERR: 模板不存在:./App/Admin/View/Topic/edit.html

