[ 2016-07-09T13:43:10+08:00 ] ::1 /discuz/index.php/Admin/Index/media/css/bootstrap.min.css
ERR: 非法操作:media

[ 2016-07-09T13:43:10+08:00 ] ::1 /discuz/index.php/Admin/Index/media/css/default.css
ERR: 非法操作:media

[ 2016-07-09T13:43:10+08:00 ] ::1 /discuz/index.php/Admin/Index/media/css/font-awesome.min.css
ERR: 非法操作:media

[ 2016-07-09T13:43:10+08:00 ] ::1 /discuz/index.php/Admin/Index/media/css/bootstrap-responsive.min.css
ERR: 非法操作:media

[ 2016-07-09T13:43:10+08:00 ] ::1 /discuz/index.php/Admin/Index/media/css/style-metro.css
ERR: 非法操作:media

[ 2016-07-09T13:43:10+08:00 ] ::1 /discuz/index.php/Admin/Index/media/css/uniform.default.css
ERR: 非法操作:media

[ 2016-07-09T13:43:10+08:00 ] ::1 /discuz/index.php/Admin/Index/media/css/style.css
ERR: 非法操作:media

[ 2016-07-09T13:43:10+08:00 ] ::1 /discuz/index.php/Admin/Index/media/css/style-responsive.css
ERR: 非法操作:media

[ 2016-07-09T13:43:10+08:00 ] ::1 /discuz/index.php/Admin/Index/media/js/jquery-ui-1.10.1.custom.min.js
ERR: 非法操作:media

[ 2016-07-09T13:43:10+08:00 ] ::1 /discuz/index.php/Admin/Index/media/css/DT_bootstrap.css
ERR: 非法操作:media

[ 2016-07-09T13:43:10+08:00 ] ::1 /discuz/index.php/Admin/Index/media/js/jquery-1.10.1.min.js
ERR: 非法操作:media

[ 2016-07-09T13:43:10+08:00 ] ::1 /discuz/index.php/Admin/Index/media/js/bootstrap.min.js
ERR: 非法操作:media

[ 2016-07-09T13:43:10+08:00 ] ::1 /discuz/index.php/Admin/Index/media/js/jquery.cookie.min.js
ERR: 非法操作:media

[ 2016-07-09T13:43:10+08:00 ] ::1 /discuz/index.php/Admin/Index/media/js/jquery.slimscroll.min.js
ERR: 非法操作:media

[ 2016-07-09T13:43:10+08:00 ] ::1 /discuz/index.php/Admin/Index/media/js/jquery.uniform.min.js
ERR: 非法操作:media

[ 2016-07-09T13:43:10+08:00 ] ::1 /discuz/index.php/Admin/Index/media/js/jquery-migrate-1.2.1.min.js
ERR: 非法操作:media

[ 2016-07-09T13:43:10+08:00 ] ::1 /discuz/index.php/Admin/Index/media/js/app.js
ERR: 非法操作:media

[ 2016-07-09T13:43:10+08:00 ] ::1 /discuz/index.php/Admin/Index/media/js/jquery.blockui.min.js
ERR: 非法操作:media

[ 2016-07-09T13:43:10+08:00 ] ::1 /discuz/index.php/Admin/Index/media/js/jquery-ui-1.10.1.custom.min.js
ERR: 非法操作:media

[ 2016-07-09T13:43:10+08:00 ] ::1 /discuz/index.php/Admin/Index/media/js/bootstrap.min.js
ERR: 非法操作:media

[ 2016-07-09T13:43:10+08:00 ] ::1 /discuz/index.php/Admin/Index/media/js/jquery.slimscroll.min.js
ERR: 非法操作:media

[ 2016-07-09T13:43:10+08:00 ] ::1 /discuz/index.php/Admin/Index/media/js/jquery.blockui.min.js
ERR: 非法操作:media

[ 2016-07-09T13:43:10+08:00 ] ::1 /discuz/index.php/Admin/Index/media/js/jquery.cookie.min.js
ERR: 非法操作:media

[ 2016-07-09T13:43:10+08:00 ] ::1 /discuz/index.php/Admin/Index/media/js/jquery.uniform.min.js
ERR: 非法操作:media

[ 2016-07-09T13:43:10+08:00 ] ::1 /discuz/index.php/Admin/Index/media/js/app.js
ERR: 非法操作:media

[ 2016-07-09T13:43:24+08:00 ] ::1 /discuz/index.php/Admin/Index/media/css/bootstrap.min.css
ERR: 非法操作:media

[ 2016-07-09T13:43:24+08:00 ] ::1 /discuz/index.php/Admin/Index/media/css/font-awesome.min.css
ERR: 非法操作:media

[ 2016-07-09T13:43:24+08:00 ] ::1 /discuz/index.php/Admin/Index/media/css/style-responsive.css
ERR: 非法操作:media

[ 2016-07-09T13:43:24+08:00 ] ::1 /discuz/index.php/Admin/Index/media/css/default.css
ERR: 非法操作:media

[ 2016-07-09T13:43:24+08:00 ] ::1 /discuz/index.php/Admin/Index/media/css/bootstrap-responsive.min.css
ERR: 非法操作:media

[ 2016-07-09T13:43:24+08:00 ] ::1 /discuz/index.php/Admin/Index/media/css/style-metro.css
ERR: 非法操作:media

[ 2016-07-09T13:43:24+08:00 ] ::1 /discuz/index.php/Admin/Index/media/css/style.css
ERR: 非法操作:media

[ 2016-07-09T13:43:24+08:00 ] ::1 /discuz/index.php/Admin/Index/media/js/bootstrap.min.js
ERR: 非法操作:media

[ 2016-07-09T13:43:24+08:00 ] ::1 /discuz/index.php/Admin/Index/media/js/jquery-1.10.1.min.js
ERR: 非法操作:media

[ 2016-07-09T13:43:24+08:00 ] ::1 /discuz/index.php/Admin/Index/media/css/uniform.default.css
ERR: 非法操作:media

[ 2016-07-09T13:43:24+08:00 ] ::1 /discuz/index.php/Admin/Index/media/js/jquery.slimscroll.min.js
ERR: 非法操作:media

[ 2016-07-09T13:43:24+08:00 ] ::1 /discuz/index.php/Admin/Index/media/css/DT_bootstrap.css
ERR: 非法操作:media

[ 2016-07-09T13:43:24+08:00 ] ::1 /discuz/index.php/Admin/Index/media/js/jquery-ui-1.10.1.custom.min.js
ERR: 非法操作:media

[ 2016-07-09T13:43:24+08:00 ] ::1 /discuz/index.php/Admin/Index/media/js/jquery.blockui.min.js
ERR: 非法操作:media

[ 2016-07-09T13:43:24+08:00 ] ::1 /discuz/index.php/Admin/Index/media/js/jquery-migrate-1.2.1.min.js
ERR: 非法操作:media

[ 2016-07-09T13:43:24+08:00 ] ::1 /discuz/index.php/Admin/Index/media/js/jquery.cookie.min.js
ERR: 非法操作:media

[ 2016-07-09T13:43:24+08:00 ] ::1 /discuz/index.php/Admin/Index/media/js/app.js
ERR: 非法操作:media

[ 2016-07-09T13:43:24+08:00 ] ::1 /discuz/index.php/Admin/Index/media/js/jquery.uniform.min.js
ERR: 非法操作:media

[ 2016-07-09T13:43:24+08:00 ] ::1 /discuz/index.php/Admin/Index/media/js/jquery-ui-1.10.1.custom.min.js
ERR: 非法操作:media

[ 2016-07-09T13:43:24+08:00 ] ::1 /discuz/index.php/Admin/Index/media/js/bootstrap.min.js
ERR: 非法操作:media

[ 2016-07-09T13:43:24+08:00 ] ::1 /discuz/index.php/Admin/Index/media/js/jquery.slimscroll.min.js
ERR: 非法操作:media

[ 2016-07-09T13:43:24+08:00 ] ::1 /discuz/index.php/Admin/Index/media/js/jquery.blockui.min.js
ERR: 非法操作:media

[ 2016-07-09T13:43:24+08:00 ] ::1 /discuz/index.php/Admin/Index/media/js/jquery.cookie.min.js
ERR: 非法操作:media

[ 2016-07-09T13:43:25+08:00 ] ::1 /discuz/index.php/Admin/Index/media/js/jquery.uniform.min.js
ERR: 非法操作:media

[ 2016-07-09T13:43:25+08:00 ] ::1 /discuz/index.php/Admin/Index/media/js/app.js
ERR: 非法操作:media

[ 2016-07-09T14:21:45+08:00 ] ::1 /discuz/index.php/Admin/Index/media/css/bootstrap.min.css
ERR: 非法操作:media

[ 2016-07-09T14:21:45+08:00 ] ::1 /discuz/index.php/Admin/Index/media/css/default.css
ERR: 非法操作:media

[ 2016-07-09T14:21:45+08:00 ] ::1 /discuz/index.php/Admin/Index/media/css/bootstrap-responsive.min.css
ERR: 非法操作:media

[ 2016-07-09T14:21:45+08:00 ] ::1 /discuz/index.php/Admin/Index/media/css/font-awesome.min.css
ERR: 非法操作:media

[ 2016-07-09T14:21:45+08:00 ] ::1 /discuz/index.php/Admin/Index/media/css/DT_bootstrap.css
ERR: 非法操作:media

[ 2016-07-09T14:21:45+08:00 ] ::1 /discuz/index.php/Admin/Index/media/css/uniform.default.css
ERR: 非法操作:media

[ 2016-07-09T14:21:45+08:00 ] ::1 /discuz/index.php/Admin/Index/media/css/style-metro.css
ERR: 非法操作:media

[ 2016-07-09T14:21:45+08:00 ] ::1 /discuz/index.php/Admin/Index/media/css/style-responsive.css
ERR: 非法操作:media

[ 2016-07-09T14:21:45+08:00 ] ::1 /discuz/index.php/Admin/Index/media/js/jquery-migrate-1.2.1.min.js
ERR: 非法操作:media

[ 2016-07-09T14:21:45+08:00 ] ::1 /discuz/index.php/Admin/Index/media/css/style.css
ERR: 非法操作:media

[ 2016-07-09T14:21:45+08:00 ] ::1 /discuz/index.php/Admin/Index/media/js/jquery-1.10.1.min.js
ERR: 非法操作:media

[ 2016-07-09T14:21:45+08:00 ] ::1 /discuz/index.php/Admin/Index/media/js/jquery-ui-1.10.1.custom.min.js
ERR: 非法操作:media

[ 2016-07-09T14:21:45+08:00 ] ::1 /discuz/index.php/Admin/Index/media/js/jquery.slimscroll.min.js
ERR: 非法操作:media

[ 2016-07-09T14:21:45+08:00 ] ::1 /discuz/index.php/Admin/Index/media/js/jquery.uniform.min.js
ERR: 非法操作:media

[ 2016-07-09T14:21:45+08:00 ] ::1 /discuz/index.php/Admin/Index/media/js/jquery.blockui.min.js
ERR: 非法操作:media

[ 2016-07-09T14:21:45+08:00 ] ::1 /discuz/index.php/Admin/Index/media/js/bootstrap.min.js
ERR: 非法操作:media

[ 2016-07-09T14:21:45+08:00 ] ::1 /discuz/index.php/Admin/Index/media/js/jquery.cookie.min.js
ERR: 非法操作:media

[ 2016-07-09T14:21:45+08:00 ] ::1 /discuz/index.php/Admin/Index/media/js/app.js
ERR: 非法操作:media

[ 2016-07-09T14:21:45+08:00 ] ::1 /discuz/index.php/Admin/Index/media/js/jquery-migrate-1.2.1.min.js
ERR: 非法操作:media

[ 2016-07-09T14:21:45+08:00 ] ::1 /discuz/index.php/Admin/Index/media/js/jquery-ui-1.10.1.custom.min.js
ERR: 非法操作:media

[ 2016-07-09T14:21:45+08:00 ] ::1 /discuz/index.php/Admin/Index/media/js/bootstrap.min.js
ERR: 非法操作:media

[ 2016-07-09T14:21:46+08:00 ] ::1 /discuz/index.php/Admin/Index/media/js/jquery.slimscroll.min.js
ERR: 非法操作:media

[ 2016-07-09T14:21:46+08:00 ] ::1 /discuz/index.php/Admin/Index/media/js/jquery.blockui.min.js
ERR: 非法操作:media

[ 2016-07-09T14:21:46+08:00 ] ::1 /discuz/index.php/Admin/Index/media/js/jquery.cookie.min.js
ERR: 非法操作:media

[ 2016-07-09T14:21:46+08:00 ] ::1 /discuz/index.php/Admin/Index/media/js/jquery.uniform.min.js
ERR: 非法操作:media

[ 2016-07-09T14:21:46+08:00 ] ::1 /discuz/index.php/Admin/Index/media/js/app.js
ERR: 非法操作:media

[ 2016-07-09T14:30:45+08:00 ] ::1 /discuz/index.php/Admin/User/media/css/bootstrap.min.css
ERR: 非法操作:media

[ 2016-07-09T14:30:45+08:00 ] ::1 /discuz/index.php/Admin/User/media/css/bootstrap-responsive.min.css
ERR: 非法操作:media

[ 2016-07-09T14:30:45+08:00 ] ::1 /discuz/index.php/Admin/User/media/css/style.css
ERR: 非法操作:media

[ 2016-07-09T14:30:46+08:00 ] ::1 /discuz/index.php/Admin/User/media/css/style-metro.css
ERR: 非法操作:media

[ 2016-07-09T14:30:46+08:00 ] ::1 /discuz/index.php/Admin/User/media/css/font-awesome.min.css
ERR: 非法操作:media

[ 2016-07-09T14:30:46+08:00 ] ::1 /discuz/index.php/Admin/User/media/css/uniform.default.css
ERR: 非法操作:media

[ 2016-07-09T14:30:46+08:00 ] ::1 /discuz/index.php/Admin/User/media/css/default.css
ERR: 非法操作:media

[ 2016-07-09T14:30:46+08:00 ] ::1 /discuz/index.php/Admin/User/media/js/jquery-1.10.1.min.js
ERR: 非法操作:media

[ 2016-07-09T14:30:46+08:00 ] ::1 /discuz/index.php/Admin/User/media/css/DT_bootstrap.css
ERR: 非法操作:media

[ 2016-07-09T14:30:46+08:00 ] ::1 /discuz/index.php/Admin/User/media/css/select2_metro.css
ERR: 非法操作:media

[ 2016-07-09T14:30:46+08:00 ] ::1 /discuz/index.php/Admin/User/media/css/style-responsive.css
ERR: 非法操作:media

[ 2016-07-09T14:30:46+08:00 ] ::1 /discuz/index.php/Admin/User/media/js/jquery-ui-1.10.1.custom.min.js
ERR: 非法操作:media

[ 2016-07-09T14:30:46+08:00 ] ::1 /discuz/index.php/Admin/User/media/js/jquery.slimscroll.min.js
ERR: 非法操作:media

[ 2016-07-09T14:30:46+08:00 ] ::1 /discuz/index.php/Admin/User/media/js/bootstrap.min.js
ERR: 非法操作:media

[ 2016-07-09T14:30:46+08:00 ] ::1 /discuz/index.php/Admin/User/media/js/jquery.blockui.min.js
ERR: 非法操作:media

[ 2016-07-09T14:30:46+08:00 ] ::1 /discuz/index.php/Admin/User/media/js/jquery-migrate-1.2.1.min.js
ERR: 非法操作:media

[ 2016-07-09T14:30:46+08:00 ] ::1 /discuz/index.php/Admin/User/media/js/jquery.uniform.min.js
ERR: 非法操作:media

[ 2016-07-09T14:30:46+08:00 ] ::1 /discuz/index.php/Admin/User/media/js/select2.min.js
ERR: 非法操作:media

[ 2016-07-09T14:30:46+08:00 ] ::1 /discuz/index.php/Admin/User/media/js/jquery.cookie.min.js
ERR: 非法操作:media

[ 2016-07-09T14:30:46+08:00 ] ::1 /discuz/index.php/Admin/User/media/js/jquery.dataTables.min.js
ERR: 非法操作:media

[ 2016-07-09T14:30:46+08:00 ] ::1 /discuz/index.php/Admin/User/media/js/DT_bootstrap.js
ERR: 非法操作:media

[ 2016-07-09T14:30:46+08:00 ] ::1 /discuz/index.php/Admin/User/media/js/app.js
ERR: 非法操作:media

[ 2016-07-09T14:30:46+08:00 ] ::1 /discuz/index.php/Admin/User/media/js/table-advanced.js
ERR: 非法操作:media

[ 2016-07-09T14:30:46+08:00 ] ::1 /discuz/index.php/Admin/User/media/js/jquery-ui-1.10.1.custom.min.js
ERR: 非法操作:media

[ 2016-07-09T14:30:46+08:00 ] ::1 /discuz/index.php/Admin/User/media/js/bootstrap.min.js
ERR: 非法操作:media

[ 2016-07-09T14:30:46+08:00 ] ::1 /discuz/index.php/Admin/User/media/js/jquery.slimscroll.min.js
ERR: 非法操作:media

[ 2016-07-09T14:30:46+08:00 ] ::1 /discuz/index.php/Admin/User/media/js/jquery.blockui.min.js
ERR: 非法操作:media

[ 2016-07-09T14:30:46+08:00 ] ::1 /discuz/index.php/Admin/User/media/js/jquery.cookie.min.js
ERR: 非法操作:media

[ 2016-07-09T14:30:47+08:00 ] ::1 /discuz/index.php/Admin/User/media/js/jquery.uniform.min.js
ERR: 非法操作:media

[ 2016-07-09T14:30:47+08:00 ] ::1 /discuz/index.php/Admin/User/media/js/select2.min.js
ERR: 非法操作:media

[ 2016-07-09T14:30:47+08:00 ] ::1 /discuz/index.php/Admin/User/media/js/jquery.dataTables.min.js
ERR: 非法操作:media

[ 2016-07-09T14:30:47+08:00 ] ::1 /discuz/index.php/Admin/User/media/js/DT_bootstrap.js
ERR: 非法操作:media

[ 2016-07-09T14:30:47+08:00 ] ::1 /discuz/index.php/Admin/User/media/js/app.js
ERR: 非法操作:media

[ 2016-07-09T14:30:47+08:00 ] ::1 /discuz/index.php/Admin/User/media/js/table-advanced.js
ERR: 非法操作:media

[ 2016-07-09T14:31:34+08:00 ] ::1 /discuz/index.php/Admin/User/media/css/bootstrap-responsive.min.css
ERR: 非法操作:media

[ 2016-07-09T14:31:34+08:00 ] ::1 /discuz/index.php/Admin/User/media/css/style-metro.css
ERR: 非法操作:media

[ 2016-07-09T14:31:34+08:00 ] ::1 /discuz/index.php/Admin/User/media/css/bootstrap.min.css
ERR: 非法操作:media

[ 2016-07-09T14:31:34+08:00 ] ::1 /discuz/index.php/Admin/User/media/css/font-awesome.min.css
ERR: 非法操作:media

[ 2016-07-09T14:31:34+08:00 ] ::1 /discuz/index.php/Admin/User/media/css/style.css
ERR: 非法操作:media

[ 2016-07-09T14:31:34+08:00 ] ::1 /discuz/index.php/Admin/User/media/css/style-responsive.css
ERR: 非法操作:media

[ 2016-07-09T14:31:35+08:00 ] ::1 /discuz/index.php/Admin/User/media/css/select2_metro.css
ERR: 非法操作:media

[ 2016-07-09T14:31:35+08:00 ] ::1 /discuz/index.php/Admin/User/media/css/default.css
ERR: 非法操作:media

[ 2016-07-09T14:31:35+08:00 ] ::1 /discuz/index.php/Admin/User/media/js/jquery-ui-1.10.1.custom.min.js
ERR: 非法操作:media

[ 2016-07-09T14:31:35+08:00 ] ::1 /discuz/index.php/Admin/User/media/js/jquery-1.10.1.min.js
ERR: 非法操作:media

[ 2016-07-09T14:31:35+08:00 ] ::1 /discuz/index.php/Admin/User/media/css/DT_bootstrap.css
ERR: 非法操作:media

[ 2016-07-09T14:31:35+08:00 ] ::1 /discuz/index.php/Admin/User/media/css/uniform.default.css
ERR: 非法操作:media

[ 2016-07-09T14:31:35+08:00 ] ::1 /discuz/index.php/Admin/User/media/js/bootstrap.min.js
ERR: 非法操作:media

[ 2016-07-09T14:31:35+08:00 ] ::1 /discuz/index.php/Admin/User/media/js/jquery.slimscroll.min.js
ERR: 非法操作:media

[ 2016-07-09T14:31:35+08:00 ] ::1 /discuz/index.php/Admin/User/media/js/jquery-migrate-1.2.1.min.js
ERR: 非法操作:media

[ 2016-07-09T14:31:35+08:00 ] ::1 /discuz/index.php/Admin/User/media/js/jquery.uniform.min.js
ERR: 非法操作:media

[ 2016-07-09T14:31:35+08:00 ] ::1 /discuz/index.php/Admin/User/media/js/jquery.cookie.min.js
ERR: 非法操作:media

[ 2016-07-09T14:31:35+08:00 ] ::1 /discuz/index.php/Admin/User/media/js/select2.min.js
ERR: 非法操作:media

[ 2016-07-09T14:31:35+08:00 ] ::1 /discuz/index.php/Admin/User/media/js/jquery.dataTables.min.js
ERR: 非法操作:media

[ 2016-07-09T14:31:35+08:00 ] ::1 /discuz/index.php/Admin/User/media/js/jquery.blockui.min.js
ERR: 非法操作:media

[ 2016-07-09T14:31:35+08:00 ] ::1 /discuz/index.php/Admin/User/media/js/DT_bootstrap.js
ERR: 非法操作:media

[ 2016-07-09T14:31:35+08:00 ] ::1 /discuz/index.php/Admin/User/media/js/app.js
ERR: 非法操作:media

[ 2016-07-09T14:31:35+08:00 ] ::1 /discuz/index.php/Admin/User/media/js/table-advanced.js
ERR: 非法操作:media

[ 2016-07-09T14:31:35+08:00 ] ::1 /discuz/index.php/Admin/User/media/js/jquery-ui-1.10.1.custom.min.js
ERR: 非法操作:media

[ 2016-07-09T14:31:35+08:00 ] ::1 /discuz/index.php/Admin/User/media/js/bootstrap.min.js
ERR: 非法操作:media

[ 2016-07-09T14:31:35+08:00 ] ::1 /discuz/index.php/Admin/User/media/js/jquery.slimscroll.min.js
ERR: 非法操作:media

[ 2016-07-09T14:31:35+08:00 ] ::1 /discuz/index.php/Admin/User/media/js/jquery.blockui.min.js
ERR: 非法操作:media

[ 2016-07-09T14:31:35+08:00 ] ::1 /discuz/index.php/Admin/User/media/js/jquery.cookie.min.js
ERR: 非法操作:media

[ 2016-07-09T14:31:36+08:00 ] ::1 /discuz/index.php/Admin/User/media/js/jquery.uniform.min.js
ERR: 非法操作:media

[ 2016-07-09T14:31:36+08:00 ] ::1 /discuz/index.php/Admin/User/media/js/select2.min.js
ERR: 非法操作:media

[ 2016-07-09T14:31:36+08:00 ] ::1 /discuz/index.php/Admin/User/media/js/jquery.dataTables.min.js
ERR: 非法操作:media

[ 2016-07-09T14:31:36+08:00 ] ::1 /discuz/index.php/Admin/User/media/js/DT_bootstrap.js
ERR: 非法操作:media

[ 2016-07-09T14:31:36+08:00 ] ::1 /discuz/index.php/Admin/User/media/js/app.js
ERR: 非法操作:media

[ 2016-07-09T14:31:36+08:00 ] ::1 /discuz/index.php/Admin/User/media/js/table-advanced.js
ERR: 非法操作:media

[ 2016-07-09T14:41:42+08:00 ] ::1 /discuz/index.php/Admin/User/media/js/jquery-1.10.1.min.js
ERR: 非法操作:media

[ 2016-07-09T14:41:42+08:00 ] ::1 /discuz/index.php/Admin/User/media/js/jquery.slimscroll.min.js
ERR: 非法操作:media

[ 2016-07-09T14:41:42+08:00 ] ::1 /discuz/index.php/Admin/User/media/js/bootstrap.min.js
ERR: 非法操作:media

[ 2016-07-09T14:41:42+08:00 ] ::1 /discuz/index.php/Admin/User/media/js/select2.min.js
ERR: 非法操作:media

[ 2016-07-09T14:41:42+08:00 ] ::1 /discuz/index.php/Admin/User/media/js/jquery-ui-1.10.1.custom.min.js
ERR: 非法操作:media

[ 2016-07-09T14:41:42+08:00 ] ::1 /discuz/index.php/Admin/User/media/js/DT_bootstrap.js
ERR: 非法操作:media

[ 2016-07-09T14:41:42+08:00 ] ::1 /discuz/index.php/Admin/User/media/js/jquery.uniform.min.js
ERR: 非法操作:media

[ 2016-07-09T14:41:42+08:00 ] ::1 /discuz/index.php/Admin/User/media/js/jquery-migrate-1.2.1.min.js
ERR: 非法操作:media

[ 2016-07-09T14:41:42+08:00 ] ::1 /discuz/index.php/Admin/User/media/js/table-advanced.js
ERR: 非法操作:media

[ 2016-07-09T14:41:42+08:00 ] ::1 /discuz/index.php/Admin/User/media/js/jquery.cookie.min.js
ERR: 非法操作:media

[ 2016-07-09T14:41:42+08:00 ] ::1 /discuz/index.php/Admin/User/media/js/jquery.dataTables.min.js
ERR: 非法操作:media

[ 2016-07-09T14:41:42+08:00 ] ::1 /discuz/index.php/Admin/User/media/js/jquery.blockui.min.js
ERR: 非法操作:media

[ 2016-07-09T14:41:42+08:00 ] ::1 /discuz/index.php/Admin/User/media/js/app.js
ERR: 非法操作:media

[ 2016-07-09T14:41:43+08:00 ] ::1 /discuz/index.php/Admin/User/media/js/jquery-migrate-1.2.1.min.js
ERR: 非法操作:media

[ 2016-07-09T14:41:43+08:00 ] ::1 /discuz/index.php/Admin/User/media/js/jquery-ui-1.10.1.custom.min.js
ERR: 非法操作:media

[ 2016-07-09T14:41:43+08:00 ] ::1 /discuz/index.php/Admin/User/media/js/bootstrap.min.js
ERR: 非法操作:media

[ 2016-07-09T14:41:43+08:00 ] ::1 /discuz/index.php/Admin/User/media/js/jquery.slimscroll.min.js
ERR: 非法操作:media

[ 2016-07-09T14:41:43+08:00 ] ::1 /discuz/index.php/Admin/User/media/js/jquery.blockui.min.js
ERR: 非法操作:media

[ 2016-07-09T14:41:43+08:00 ] ::1 /discuz/index.php/Admin/User/media/js/jquery.cookie.min.js
ERR: 非法操作:media

[ 2016-07-09T14:41:43+08:00 ] ::1 /discuz/index.php/Admin/User/media/js/jquery.uniform.min.js
ERR: 非法操作:media

[ 2016-07-09T14:41:43+08:00 ] ::1 /discuz/index.php/Admin/User/media/js/select2.min.js
ERR: 非法操作:media

[ 2016-07-09T14:41:43+08:00 ] ::1 /discuz/index.php/Admin/User/media/js/jquery.dataTables.min.js
ERR: 非法操作:media

[ 2016-07-09T14:41:43+08:00 ] ::1 /discuz/index.php/Admin/User/media/js/DT_bootstrap.js
ERR: 非法操作:media

[ 2016-07-09T14:41:43+08:00 ] ::1 /discuz/index.php/Admin/User/media/js/app.js
ERR: 非法操作:media

[ 2016-07-09T14:41:43+08:00 ] ::1 /discuz/index.php/Admin/User/media/js/table-advanced.js
ERR: 非法操作:media

[ 2016-07-09T14:47:34+08:00 ] ::1 /discuz/index.php/Admin/User/media/js/jquery-migrate-1.2.1.min.js
ERR: 非法操作:media

[ 2016-07-09T14:47:34+08:00 ] ::1 /discuz/index.php/Admin/User/media/js/jquery-1.10.1.min.js
ERR: 非法操作:media

[ 2016-07-09T14:47:34+08:00 ] ::1 /discuz/index.php/Admin/User/media/js/jquery-ui-1.10.1.custom.min.js
ERR: 非法操作:media

[ 2016-07-09T14:47:34+08:00 ] ::1 /discuz/index.php/Admin/User/media/js/jquery.slimscroll.min.js
ERR: 非法操作:media

[ 2016-07-09T14:47:34+08:00 ] ::1 /discuz/index.php/Admin/User/media/js/jquery.cookie.min.js
ERR: 非法操作:media

[ 2016-07-09T14:47:34+08:00 ] ::1 /discuz/index.php/Admin/User/media/js/jquery.dataTables.min.js
ERR: 非法操作:media

[ 2016-07-09T14:47:34+08:00 ] ::1 /discuz/index.php/Admin/User/media/js/select2.min.js
ERR: 非法操作:media

[ 2016-07-09T14:47:34+08:00 ] ::1 /discuz/index.php/Admin/User/media/js/DT_bootstrap.js
ERR: 非法操作:media

[ 2016-07-09T14:47:34+08:00 ] ::1 /discuz/index.php/Admin/User/media/js/bootstrap.min.js
ERR: 非法操作:media

[ 2016-07-09T14:47:34+08:00 ] ::1 /discuz/index.php/Admin/User/media/js/jquery.blockui.min.js
ERR: 非法操作:media

[ 2016-07-09T14:47:34+08:00 ] ::1 /discuz/index.php/Admin/User/media/js/jquery.uniform.min.js
ERR: 非法操作:media

[ 2016-07-09T14:47:34+08:00 ] ::1 /discuz/index.php/Admin/User/media/js/app.js
ERR: 非法操作:media

[ 2016-07-09T14:47:34+08:00 ] ::1 /discuz/index.php/Admin/User/media/js/table-advanced.js
ERR: 非法操作:media

[ 2016-07-09T14:47:35+08:00 ] ::1 /discuz/index.php/Admin/User/media/js/jquery-migrate-1.2.1.min.js
ERR: 非法操作:media

[ 2016-07-09T14:47:35+08:00 ] ::1 /discuz/index.php/Admin/User/media/js/jquery-ui-1.10.1.custom.min.js
ERR: 非法操作:media

[ 2016-07-09T14:47:35+08:00 ] ::1 /discuz/index.php/Admin/User/media/js/bootstrap.min.js
ERR: 非法操作:media

[ 2016-07-09T14:47:35+08:00 ] ::1 /discuz/index.php/Admin/User/media/js/jquery.slimscroll.min.js
ERR: 非法操作:media

[ 2016-07-09T14:47:35+08:00 ] ::1 /discuz/index.php/Admin/User/media/js/jquery.blockui.min.js
ERR: 非法操作:media

[ 2016-07-09T14:47:35+08:00 ] ::1 /discuz/index.php/Admin/User/media/js/jquery.cookie.min.js
ERR: 非法操作:media

[ 2016-07-09T14:47:35+08:00 ] ::1 /discuz/index.php/Admin/User/media/js/jquery.uniform.min.js
ERR: 非法操作:media

[ 2016-07-09T14:47:35+08:00 ] ::1 /discuz/index.php/Admin/User/media/js/select2.min.js
ERR: 非法操作:media

[ 2016-07-09T14:47:35+08:00 ] ::1 /discuz/index.php/Admin/User/media/js/jquery.dataTables.min.js
ERR: 非法操作:media

[ 2016-07-09T14:47:35+08:00 ] ::1 /discuz/index.php/Admin/User/media/js/DT_bootstrap.js
ERR: 非法操作:media

[ 2016-07-09T14:47:36+08:00 ] ::1 /discuz/index.php/Admin/User/media/js/app.js
ERR: 非法操作:media

[ 2016-07-09T14:47:36+08:00 ] ::1 /discuz/index.php/Admin/User/media/js/table-advanced.js
ERR: 非法操作:media

[ 2016-07-09T14:48:05+08:00 ] ::1 /discuz/index.php/Admin/User/media/js/jquery-1.10.1.min.js
ERR: 非法操作:media

[ 2016-07-09T14:48:05+08:00 ] ::1 /discuz/index.php/Admin/User/media/js/bootstrap.min.js
ERR: 非法操作:media

[ 2016-07-09T14:48:05+08:00 ] ::1 /discuz/index.php/Admin/User/media/js/jquery.cookie.min.js
ERR: 非法操作:media

[ 2016-07-09T14:48:05+08:00 ] ::1 /discuz/index.php/Admin/User/media/js/jquery.slimscroll.min.js
ERR: 非法操作:media

[ 2016-07-09T14:48:05+08:00 ] ::1 /discuz/index.php/Admin/User/media/js/jquery.blockui.min.js
ERR: 非法操作:media

[ 2016-07-09T14:48:05+08:00 ] ::1 /discuz/index.php/Admin/User/media/js/jquery-migrate-1.2.1.min.js
ERR: 非法操作:media

[ 2016-07-09T14:48:05+08:00 ] ::1 /discuz/index.php/Admin/User/media/js/jquery-ui-1.10.1.custom.min.js
ERR: 非法操作:media

[ 2016-07-09T14:48:05+08:00 ] ::1 /discuz/index.php/Admin/User/media/js/select2.min.js
ERR: 非法操作:media

[ 2016-07-09T14:48:05+08:00 ] ::1 /discuz/index.php/Admin/User/media/js/jquery.dataTables.min.js
ERR: 非法操作:media

[ 2016-07-09T14:48:05+08:00 ] ::1 /discuz/index.php/Admin/User/media/js/jquery.uniform.min.js
ERR: 非法操作:media

[ 2016-07-09T14:48:05+08:00 ] ::1 /discuz/index.php/Admin/User/media/js/DT_bootstrap.js
ERR: 非法操作:media

[ 2016-07-09T14:48:05+08:00 ] ::1 /discuz/index.php/Admin/User/media/js/app.js
ERR: 非法操作:media

[ 2016-07-09T14:48:05+08:00 ] ::1 /discuz/index.php/Admin/User/media/js/table-advanced.js
ERR: 非法操作:media

[ 2016-07-09T14:48:06+08:00 ] ::1 /discuz/index.php/Admin/User/media/js/jquery-migrate-1.2.1.min.js
ERR: 非法操作:media

[ 2016-07-09T14:48:06+08:00 ] ::1 /discuz/index.php/Admin/User/media/js/jquery-ui-1.10.1.custom.min.js
ERR: 非法操作:media

[ 2016-07-09T14:48:06+08:00 ] ::1 /discuz/index.php/Admin/User/media/js/bootstrap.min.js
ERR: 非法操作:media

[ 2016-07-09T14:48:06+08:00 ] ::1 /discuz/index.php/Admin/User/media/js/jquery.slimscroll.min.js
ERR: 非法操作:media

[ 2016-07-09T14:48:06+08:00 ] ::1 /discuz/index.php/Admin/User/media/js/jquery.blockui.min.js
ERR: 非法操作:media

[ 2016-07-09T14:48:06+08:00 ] ::1 /discuz/index.php/Admin/User/media/js/jquery.cookie.min.js
ERR: 非法操作:media

[ 2016-07-09T14:48:06+08:00 ] ::1 /discuz/index.php/Admin/User/media/js/jquery.uniform.min.js
ERR: 非法操作:media

[ 2016-07-09T14:48:06+08:00 ] ::1 /discuz/index.php/Admin/User/media/js/select2.min.js
ERR: 非法操作:media

[ 2016-07-09T14:48:06+08:00 ] ::1 /discuz/index.php/Admin/User/media/js/jquery.dataTables.min.js
ERR: 非法操作:media

[ 2016-07-09T14:48:06+08:00 ] ::1 /discuz/index.php/Admin/User/media/js/DT_bootstrap.js
ERR: 非法操作:media

[ 2016-07-09T14:48:06+08:00 ] ::1 /discuz/index.php/Admin/User/media/js/app.js
ERR: 非法操作:media

[ 2016-07-09T14:48:06+08:00 ] ::1 /discuz/index.php/Admin/User/media/js/table-advanced.js
ERR: 非法操作:media

[ 2016-07-09T14:48:34+08:00 ] ::1 /discuz/index.php/Admin/User/media/js/jquery-migrate-1.2.1.min.js
ERR: 非法操作:media

[ 2016-07-09T14:48:34+08:00 ] ::1 /discuz/index.php/Admin/User/media/js/jquery-ui-1.10.1.custom.min.js
ERR: 非法操作:media

[ 2016-07-09T14:48:34+08:00 ] ::1 /discuz/index.php/Admin/User/media/js/jquery-1.10.1.min.js
ERR: 非法操作:media

[ 2016-07-09T14:48:34+08:00 ] ::1 /discuz/index.php/Admin/User/media/js/jquery.uniform.min.js
ERR: 非法操作:media

[ 2016-07-09T14:48:34+08:00 ] ::1 /discuz/index.php/Admin/User/media/js/jquery.cookie.min.js
ERR: 非法操作:media

[ 2016-07-09T14:48:34+08:00 ] ::1 /discuz/index.php/Admin/User/media/js/jquery.dataTables.min.js
ERR: 非法操作:media

[ 2016-07-09T14:48:34+08:00 ] ::1 /discuz/index.php/Admin/User/media/js/jquery.blockui.min.js
ERR: 非法操作:media

[ 2016-07-09T14:48:34+08:00 ] ::1 /discuz/index.php/Admin/User/media/js/select2.min.js
ERR: 非法操作:media

[ 2016-07-09T14:48:34+08:00 ] ::1 /discuz/index.php/Admin/User/media/js/bootstrap.min.js
ERR: 非法操作:media

[ 2016-07-09T14:48:34+08:00 ] ::1 /discuz/index.php/Admin/User/media/js/DT_bootstrap.js
ERR: 非法操作:media

[ 2016-07-09T14:48:34+08:00 ] ::1 /discuz/index.php/Admin/User/media/js/app.js
ERR: 非法操作:media

[ 2016-07-09T14:48:34+08:00 ] ::1 /discuz/index.php/Admin/User/media/js/table-advanced.js
ERR: 非法操作:media

[ 2016-07-09T14:48:34+08:00 ] ::1 /discuz/index.php/Admin/User/media/js/jquery.slimscroll.min.js
ERR: 非法操作:media

[ 2016-07-09T14:48:35+08:00 ] ::1 /discuz/index.php/Admin/User/media/js/jquery-migrate-1.2.1.min.js
ERR: 非法操作:media

[ 2016-07-09T14:48:35+08:00 ] ::1 /discuz/index.php/Admin/User/media/js/jquery-ui-1.10.1.custom.min.js
ERR: 非法操作:media

[ 2016-07-09T14:48:35+08:00 ] ::1 /discuz/index.php/Admin/User/media/js/bootstrap.min.js
ERR: 非法操作:media

[ 2016-07-09T14:48:35+08:00 ] ::1 /discuz/index.php/Admin/User/media/js/jquery.slimscroll.min.js
ERR: 非法操作:media

[ 2016-07-09T14:48:35+08:00 ] ::1 /discuz/index.php/Admin/User/media/js/jquery.blockui.min.js
ERR: 非法操作:media

[ 2016-07-09T14:48:35+08:00 ] ::1 /discuz/index.php/Admin/User/media/js/jquery.cookie.min.js
ERR: 非法操作:media

[ 2016-07-09T14:48:35+08:00 ] ::1 /discuz/index.php/Admin/User/media/js/jquery.uniform.min.js
ERR: 非法操作:media

[ 2016-07-09T14:48:35+08:00 ] ::1 /discuz/index.php/Admin/User/media/js/select2.min.js
ERR: 非法操作:media

[ 2016-07-09T14:48:35+08:00 ] ::1 /discuz/index.php/Admin/User/media/js/jquery.dataTables.min.js
ERR: 非法操作:media

[ 2016-07-09T14:48:36+08:00 ] ::1 /discuz/index.php/Admin/User/media/js/DT_bootstrap.js
ERR: 非法操作:media

[ 2016-07-09T14:48:36+08:00 ] ::1 /discuz/index.php/Admin/User/media/js/app.js
ERR: 非法操作:media

[ 2016-07-09T14:48:36+08:00 ] ::1 /discuz/index.php/Admin/User/media/js/table-advanced.js
ERR: 非法操作:media

[ 2016-07-09T16:09:48+08:00 ] ::1 /discuz/index.php/Admin/User/media/js/jquery-ui-1.10.1.custom.min.js
ERR: 非法操作:media

[ 2016-07-09T16:09:48+08:00 ] ::1 /discuz/index.php/Admin/User/media/js/bootstrap.min.js
ERR: 非法操作:media

[ 2016-07-09T16:09:48+08:00 ] ::1 /discuz/index.php/Admin/User/media/js/jquery-1.10.1.min.js
ERR: 非法操作:media

[ 2016-07-09T16:09:48+08:00 ] ::1 /discuz/index.php/Admin/User/media/js/jquery.blockui.min.js
ERR: 非法操作:media

[ 2016-07-09T16:09:48+08:00 ] ::1 /discuz/index.php/Admin/User/media/js/jquery.uniform.min.js
ERR: 非法操作:media

[ 2016-07-09T16:09:48+08:00 ] ::1 /discuz/index.php/Admin/User/media/js/jquery-migrate-1.2.1.min.js
ERR: 非法操作:media

[ 2016-07-09T16:09:48+08:00 ] ::1 /discuz/index.php/Admin/User/media/js/select2.min.js
ERR: 非法操作:media

[ 2016-07-09T16:09:48+08:00 ] ::1 /discuz/index.php/Admin/User/media/js/jquery.slimscroll.min.js
ERR: 非法操作:media

[ 2016-07-09T16:09:48+08:00 ] ::1 /discuz/index.php/Admin/User/media/js/jquery.cookie.min.js
ERR: 非法操作:media

[ 2016-07-09T16:09:48+08:00 ] ::1 /discuz/index.php/Admin/User/media/js/jquery.dataTables.min.js
ERR: 非法操作:media

[ 2016-07-09T16:09:48+08:00 ] ::1 /discuz/index.php/Admin/User/media/js/app.js
ERR: 非法操作:media

[ 2016-07-09T16:09:48+08:00 ] ::1 /discuz/index.php/Admin/User/media/js/DT_bootstrap.js
ERR: 非法操作:media

[ 2016-07-09T16:09:48+08:00 ] ::1 /discuz/index.php/Admin/User/media/js/table-advanced.js
ERR: 非法操作:media

[ 2016-07-09T16:09:48+08:00 ] ::1 /discuz/index.php/Admin/User/media/js/jquery-migrate-1.2.1.min.js
ERR: 非法操作:media

[ 2016-07-09T16:09:48+08:00 ] ::1 /discuz/index.php/Admin/User/media/js/jquery-ui-1.10.1.custom.min.js
ERR: 非法操作:media

[ 2016-07-09T16:09:49+08:00 ] ::1 /discuz/index.php/Admin/User/media/js/bootstrap.min.js
ERR: 非法操作:media

[ 2016-07-09T16:09:49+08:00 ] ::1 /discuz/index.php/Admin/User/media/js/jquery.slimscroll.min.js
ERR: 非法操作:media

[ 2016-07-09T16:09:49+08:00 ] ::1 /discuz/index.php/Admin/User/media/js/jquery.blockui.min.js
ERR: 非法操作:media

[ 2016-07-09T16:09:49+08:00 ] ::1 /discuz/index.php/Admin/User/media/js/jquery.cookie.min.js
ERR: 非法操作:media

[ 2016-07-09T16:09:49+08:00 ] ::1 /discuz/index.php/Admin/User/media/js/jquery.uniform.min.js
ERR: 非法操作:media

[ 2016-07-09T16:09:49+08:00 ] ::1 /discuz/index.php/Admin/User/media/js/select2.min.js
ERR: 非法操作:media

[ 2016-07-09T16:09:49+08:00 ] ::1 /discuz/index.php/Admin/User/media/js/jquery.dataTables.min.js
ERR: 非法操作:media

[ 2016-07-09T16:09:49+08:00 ] ::1 /discuz/index.php/Admin/User/media/js/DT_bootstrap.js
ERR: 非法操作:media

[ 2016-07-09T16:09:49+08:00 ] ::1 /discuz/index.php/Admin/User/media/js/app.js
ERR: 非法操作:media

[ 2016-07-09T16:09:49+08:00 ] ::1 /discuz/index.php/Admin/User/media/js/table-advanced.js
ERR: 非法操作:media

[ 2016-07-09T16:10:39+08:00 ] ::1 /discuz/index.php/Admin/User/media/js/jquery-1.10.1.min.js
ERR: 非法操作:media

[ 2016-07-09T16:10:39+08:00 ] ::1 /discuz/index.php/Admin/User/media/js/bootstrap.min.js
ERR: 非法操作:media

[ 2016-07-09T16:10:39+08:00 ] ::1 /discuz/index.php/Admin/User/media/js/jquery.blockui.min.js
ERR: 非法操作:media

[ 2016-07-09T16:10:39+08:00 ] ::1 /discuz/index.php/Admin/User/media/js/jquery.uniform.min.js
ERR: 非法操作:media

[ 2016-07-09T16:10:39+08:00 ] ::1 /discuz/index.php/Admin/User/media/js/jquery-migrate-1.2.1.min.js
ERR: 非法操作:media

[ 2016-07-09T16:10:39+08:00 ] ::1 /discuz/index.php/Admin/User/media/js/jquery.dataTables.min.js
ERR: 非法操作:media

[ 2016-07-09T16:10:39+08:00 ] ::1 /discuz/index.php/Admin/User/media/js/app.js
ERR: 非法操作:media

[ 2016-07-09T16:10:39+08:00 ] ::1 /discuz/index.php/Admin/User/media/js/jquery-ui-1.10.1.custom.min.js
ERR: 非法操作:media

[ 2016-07-09T16:10:39+08:00 ] ::1 /discuz/index.php/Admin/User/media/js/jquery.cookie.min.js
ERR: 非法操作:media

[ 2016-07-09T16:10:39+08:00 ] ::1 /discuz/index.php/Admin/User/media/js/table-advanced.js
ERR: 非法操作:media

[ 2016-07-09T16:10:39+08:00 ] ::1 /discuz/index.php/Admin/User/media/js/jquery.slimscroll.min.js
ERR: 非法操作:media

[ 2016-07-09T16:10:39+08:00 ] ::1 /discuz/index.php/Admin/User/media/js/DT_bootstrap.js
ERR: 非法操作:media

[ 2016-07-09T16:10:39+08:00 ] ::1 /discuz/index.php/Admin/User/media/js/select2.min.js
ERR: 非法操作:media

[ 2016-07-09T16:10:39+08:00 ] ::1 /discuz/index.php/Admin/User/media/js/bootstrap.min.js
ERR: 非法操作:media

[ 2016-07-09T16:10:39+08:00 ] ::1 /discuz/index.php/Admin/User/media/js/jquery.slimscroll.min.js
ERR: 非法操作:media

[ 2016-07-09T16:10:39+08:00 ] ::1 /discuz/index.php/Admin/User/media/js/jquery.blockui.min.js
ERR: 非法操作:media

[ 2016-07-09T16:10:39+08:00 ] ::1 /discuz/index.php/Admin/User/media/js/jquery.cookie.min.js
ERR: 非法操作:media

[ 2016-07-09T16:10:39+08:00 ] ::1 /discuz/index.php/Admin/User/media/js/jquery.uniform.min.js
ERR: 非法操作:media

[ 2016-07-09T16:10:40+08:00 ] ::1 /discuz/index.php/Admin/User/media/js/select2.min.js
ERR: 非法操作:media

[ 2016-07-09T16:10:40+08:00 ] ::1 /discuz/index.php/Admin/User/media/js/jquery.dataTables.min.js
ERR: 非法操作:media

[ 2016-07-09T16:10:40+08:00 ] ::1 /discuz/index.php/Admin/User/media/js/DT_bootstrap.js
ERR: 非法操作:media

[ 2016-07-09T16:10:40+08:00 ] ::1 /discuz/index.php/Admin/User/media/js/app.js
ERR: 非法操作:media

[ 2016-07-09T16:10:40+08:00 ] ::1 /discuz/index.php/Admin/User/media/js/table-advanced.js
ERR: 非法操作:media

[ 2016-07-09T16:10:53+08:00 ] ::1 /discuz/index.php/Admin/User/media/js/jquery-migrate-1.2.1.min.js
ERR: 非法操作:media

[ 2016-07-09T16:10:53+08:00 ] ::1 /discuz/index.php/Admin/User/media/js/jquery-ui-1.10.1.custom.min.js
ERR: 非法操作:media

[ 2016-07-09T16:10:53+08:00 ] ::1 /discuz/index.php/Admin/User/media/js/bootstrap.min.js
ERR: 非法操作:media

[ 2016-07-09T16:10:53+08:00 ] ::1 /discuz/index.php/Admin/User/media/js/jquery.slimscroll.min.js
ERR: 非法操作:media

[ 2016-07-09T16:10:53+08:00 ] ::1 /discuz/index.php/Admin/User/media/js/jquery.blockui.min.js
ERR: 非法操作:media

[ 2016-07-09T16:10:53+08:00 ] ::1 /discuz/index.php/Admin/User/media/js/jquery.cookie.min.js
ERR: 非法操作:media

[ 2016-07-09T16:10:53+08:00 ] ::1 /discuz/index.php/Admin/User/media/js/jquery.uniform.min.js
ERR: 非法操作:media

[ 2016-07-09T16:10:53+08:00 ] ::1 /discuz/index.php/Admin/User/media/js/select2.min.js
ERR: 非法操作:media

[ 2016-07-09T16:10:53+08:00 ] ::1 /discuz/index.php/Admin/User/media/js/DT_bootstrap.js
ERR: 非法操作:media

[ 2016-07-09T16:10:53+08:00 ] ::1 /discuz/index.php/Admin/User/media/js/app.js
ERR: 非法操作:media

[ 2016-07-09T16:10:53+08:00 ] ::1 /discuz/index.php/Admin/User/media/js/table-advanced.js
ERR: 非法操作:media

[ 2016-07-09T16:10:53+08:00 ] ::1 /discuz/index.php/Admin/User/media/js/jquery.dataTables.min.js
ERR: 非法操作:media

[ 2016-07-09T16:10:53+08:00 ] ::1 /discuz/index.php/Admin/User/media/js/jquery-1.10.1.min.js
ERR: 非法操作:media

[ 2016-07-09T16:10:53+08:00 ] ::1 /discuz/index.php/Admin/User/media/js/jquery-migrate-1.2.1.min.js
ERR: 非法操作:media

[ 2016-07-09T16:10:53+08:00 ] ::1 /discuz/index.php/Admin/User/media/js/jquery-ui-1.10.1.custom.min.js
ERR: 非法操作:media

[ 2016-07-09T16:10:53+08:00 ] ::1 /discuz/index.php/Admin/User/media/js/bootstrap.min.js
ERR: 非法操作:media

[ 2016-07-09T16:10:53+08:00 ] ::1 /discuz/index.php/Admin/User/media/js/jquery.slimscroll.min.js
ERR: 非法操作:media

[ 2016-07-09T16:10:53+08:00 ] ::1 /discuz/index.php/Admin/User/media/js/jquery.blockui.min.js
ERR: 非法操作:media

[ 2016-07-09T16:10:53+08:00 ] ::1 /discuz/index.php/Admin/User/media/js/jquery.cookie.min.js
ERR: 非法操作:media

[ 2016-07-09T16:10:54+08:00 ] ::1 /discuz/index.php/Admin/User/media/js/jquery.uniform.min.js
ERR: 非法操作:media

[ 2016-07-09T16:10:54+08:00 ] ::1 /discuz/index.php/Admin/User/media/js/select2.min.js
ERR: 非法操作:media

[ 2016-07-09T16:10:54+08:00 ] ::1 /discuz/index.php/Admin/User/media/js/jquery.dataTables.min.js
ERR: 非法操作:media

[ 2016-07-09T16:10:54+08:00 ] ::1 /discuz/index.php/Admin/User/media/js/DT_bootstrap.js
ERR: 非法操作:media

[ 2016-07-09T16:10:54+08:00 ] ::1 /discuz/index.php/Admin/User/media/js/app.js
ERR: 非法操作:media

[ 2016-07-09T16:10:54+08:00 ] ::1 /discuz/index.php/Admin/User/media/js/table-advanced.js
ERR: 非法操作:media

[ 2016-07-09T16:11:02+08:00 ] ::1 /discuz/index.php/Admin/User/media/js/jquery-ui-1.10.1.custom.min.js
ERR: 非法操作:media

[ 2016-07-09T16:11:02+08:00 ] ::1 /discuz/index.php/Admin/User/media/js/bootstrap.min.js
ERR: 非法操作:media

[ 2016-07-09T16:11:02+08:00 ] ::1 /discuz/index.php/Admin/User/media/js/jquery-migrate-1.2.1.min.js
ERR: 非法操作:media

[ 2016-07-09T16:11:02+08:00 ] ::1 /discuz/index.php/Admin/User/media/js/jquery-1.10.1.min.js
ERR: 非法操作:media

[ 2016-07-09T16:11:02+08:00 ] ::1 /discuz/index.php/Admin/User/media/js/jquery.slimscroll.min.js
ERR: 非法操作:media

[ 2016-07-09T16:11:03+08:00 ] ::1 /discuz/index.php/Admin/User/media/js/app.js
ERR: 非法操作:media

[ 2016-07-09T16:11:03+08:00 ] ::1 /discuz/index.php/Admin/User/media/js/jquery.uniform.min.js
ERR: 非法操作:media

[ 2016-07-09T16:11:03+08:00 ] ::1 /discuz/index.php/Admin/User/media/js/DT_bootstrap.js
ERR: 非法操作:media

[ 2016-07-09T16:11:03+08:00 ] ::1 /discuz/index.php/Admin/User/media/js/select2.min.js
ERR: 非法操作:media

[ 2016-07-09T16:11:03+08:00 ] ::1 /discuz/index.php/Admin/User/media/js/jquery.cookie.min.js
ERR: 非法操作:media

[ 2016-07-09T16:11:03+08:00 ] ::1 /discuz/index.php/Admin/User/media/js/jquery.blockui.min.js
ERR: 非法操作:media

[ 2016-07-09T16:11:03+08:00 ] ::1 /discuz/index.php/Admin/User/media/js/jquery.dataTables.min.js
ERR: 非法操作:media

[ 2016-07-09T16:11:03+08:00 ] ::1 /discuz/index.php/Admin/User/media/js/table-advanced.js
ERR: 非法操作:media

[ 2016-07-09T16:11:03+08:00 ] ::1 /discuz/index.php/Admin/User/media/js/jquery-migrate-1.2.1.min.js
ERR: 非法操作:media

[ 2016-07-09T16:11:03+08:00 ] ::1 /discuz/index.php/Admin/User/media/js/jquery-ui-1.10.1.custom.min.js
ERR: 非法操作:media

[ 2016-07-09T16:11:03+08:00 ] ::1 /discuz/index.php/Admin/User/media/js/bootstrap.min.js
ERR: 非法操作:media

[ 2016-07-09T16:11:03+08:00 ] ::1 /discuz/index.php/Admin/User/media/js/jquery.slimscroll.min.js
ERR: 非法操作:media

[ 2016-07-09T16:11:03+08:00 ] ::1 /discuz/index.php/Admin/User/media/js/jquery.blockui.min.js
ERR: 非法操作:media

[ 2016-07-09T16:11:03+08:00 ] ::1 /discuz/index.php/Admin/User/media/js/jquery.cookie.min.js
ERR: 非法操作:media

[ 2016-07-09T16:11:03+08:00 ] ::1 /discuz/index.php/Admin/User/media/js/jquery.uniform.min.js
ERR: 非法操作:media

[ 2016-07-09T16:11:03+08:00 ] ::1 /discuz/index.php/Admin/User/media/js/select2.min.js
ERR: 非法操作:media

[ 2016-07-09T16:11:03+08:00 ] ::1 /discuz/index.php/Admin/User/media/js/jquery.dataTables.min.js
ERR: 非法操作:media

[ 2016-07-09T16:11:03+08:00 ] ::1 /discuz/index.php/Admin/User/media/js/DT_bootstrap.js
ERR: 非法操作:media

[ 2016-07-09T16:11:03+08:00 ] ::1 /discuz/index.php/Admin/User/media/js/app.js
ERR: 非法操作:media

[ 2016-07-09T16:11:03+08:00 ] ::1 /discuz/index.php/Admin/User/media/js/table-advanced.js
ERR: 非法操作:media

[ 2016-07-09T16:17:37+08:00 ] ::1 /discuz/index.php/Admin/User/media/css/jqvmap.css
ERR: 非法操作:media

[ 2016-07-09T16:17:49+08:00 ] ::1 /discuz/index.php/Admin/User/media/css/jqvmap.css
ERR: 非法操作:media

[ 2016-07-09T16:21:11+08:00 ] ::1 /discuz/index.php/Admin/User/media/css/jqvmap.css
ERR: 非法操作:media

[ 2016-07-09T16:21:28+08:00 ] ::1 /discuz/index.php/Admin/User/media/css/jqvmap.css
ERR: 非法操作:media

[ 2016-07-09T16:28:40+08:00 ] ::1 /discuz/index.php/Admin/User/media/css/jqvmap.css
ERR: 非法操作:media

[ 2016-07-09T16:32:32+08:00 ] ::1 /discuz/index.php/Admin/User/media/css/jqvmap.css
ERR: 非法操作:media

[ 2016-07-09T16:34:30+08:00 ] ::1 /discuz/index.php/Admin/User/media/css/jqvmap.css
ERR: 非法操作:media

[ 2016-07-09T16:35:13+08:00 ] ::1 /discuz/index.php/Admin/User/media/css/jqvmap.css
ERR: 非法操作:media

[ 2016-07-09T16:35:22+08:00 ] ::1 /discuz/index.php/Admin/User/media/css/jqvmap.css
ERR: 非法操作:media

[ 2016-07-09T16:35:53+08:00 ] ::1 /discuz/index.php/Admin/User/media/css/jqvmap.css
ERR: 非法操作:media

[ 2016-07-09T16:36:40+08:00 ] ::1 /discuz/index.php/Admin/User/media/css/jqvmap.css
ERR: 非法操作:media

[ 2016-07-09T16:37:18+08:00 ] ::1 /discuz/index.php/Admin/User/media/css/jqvmap.css
ERR: 非法操作:media

[ 2016-07-09T16:38:04+08:00 ] ::1 /discuz/index.php/Admin/User/media/css/jqvmap.css
ERR: 非法操作:media

[ 2016-07-09T16:40:15+08:00 ] ::1 /discuz/index.php/Admin/User/media/css/jqvmap.css
ERR: 非法操作:media

[ 2016-07-09T16:58:21+08:00 ] ::1 /discuz/index.php/Admin/User/media/css/jqvmap.css
ERR: 非法操作:media

[ 2016-07-09T16:59:05+08:00 ] ::1 /discuz/index.php/Admin/User/media/css/jqvmap.css
ERR: 非法操作:media

[ 2016-07-09T16:59:10+08:00 ] ::1 /discuz/index.php/Admin/User/media/css/jqvmap.css
ERR: 非法操作:media

[ 2016-07-09T16:59:19+08:00 ] ::1 /discuz/index.php/Admin/Index/media/css/jqvmap.css
ERR: 非法操作:media

[ 2016-07-09T16:59:26+08:00 ] ::1 /discuz/index.php/Admin/User/media/css/jqvmap.css
ERR: 非法操作:media

[ 2016-07-09T16:59:40+08:00 ] ::1 /discuz/index.php/Admin/Index/media/css/jqvmap.css
ERR: 非法操作:media

[ 2016-07-09T16:59:48+08:00 ] ::1 /discuz/index.php/Admin/User/media/css/jqvmap.css
ERR: 非法操作:media

[ 2016-07-09T17:02:28+08:00 ] ::1 /discuz/index.php/Admin/User/media/css/bootstrap.min.css
ERR: 非法操作:media

[ 2016-07-09T17:02:28+08:00 ] ::1 /discuz/index.php/Admin/User/media/css/font-awesome.min.css
ERR: 非法操作:media

[ 2016-07-09T17:02:28+08:00 ] ::1 /discuz/index.php/Admin/User/media/css/default.css
ERR: 非法操作:media

[ 2016-07-09T17:02:28+08:00 ] ::1 /discuz/index.php/Admin/User/media/css/style-responsive.css
ERR: 非法操作:media

[ 2016-07-09T17:02:28+08:00 ] ::1 /discuz/index.php/Admin/User/media/css/bootstrap-responsive.min.css
ERR: 非法操作:media

[ 2016-07-09T17:02:28+08:00 ] ::1 /discuz/index.php/Admin/User/media/css/uniform.default.css
ERR: 非法操作:media

[ 2016-07-09T17:02:28+08:00 ] ::1 /discuz/index.php/Admin/User/media/css/style-metro.css
ERR: 非法操作:media

[ 2016-07-09T17:02:28+08:00 ] ::1 /discuz/index.php/Admin/User/media/css/DT_bootstrap.css
ERR: 非法操作:media

[ 2016-07-09T17:02:28+08:00 ] ::1 /discuz/index.php/Admin/User/media/css/style.css
ERR: 非法操作:media

[ 2016-07-09T17:02:28+08:00 ] ::1 /discuz/index.php/Admin/User/media/css/select2_metro.css
ERR: 非法操作:media

[ 2016-07-09T17:02:28+08:00 ] ::1 /discuz/index.php/Admin/User/media/js/jquery-migrate-1.2.1.min.js
ERR: 非法操作:media

[ 2016-07-09T17:02:28+08:00 ] ::1 /discuz/index.php/Admin/User/media/js/bootstrap.min.js
ERR: 非法操作:media

[ 2016-07-09T17:02:28+08:00 ] ::1 /discuz/index.php/Admin/User/media/js/jquery-1.10.1.min.js
ERR: 非法操作:media

[ 2016-07-09T17:02:28+08:00 ] ::1 /discuz/index.php/Admin/User/media/js/jquery.slimscroll.min.js
ERR: 非法操作:media

[ 2016-07-09T17:02:28+08:00 ] ::1 /discuz/index.php/Admin/User/media/js/jquery.blockui.min.js
ERR: 非法操作:media

[ 2016-07-09T17:02:28+08:00 ] ::1 /discuz/index.php/Admin/User/media/js/jquery.uniform.min.js
ERR: 非法操作:media

[ 2016-07-09T17:02:28+08:00 ] ::1 /discuz/index.php/Admin/User/media/js/jquery-ui-1.10.1.custom.min.js
ERR: 非法操作:media

[ 2016-07-09T17:02:29+08:00 ] ::1 /discuz/index.php/Admin/User/media/js/select2.min.js
ERR: 非法操作:media

[ 2016-07-09T17:02:29+08:00 ] ::1 /discuz/index.php/Admin/User/media/js/jquery.dataTables.js
ERR: 非法操作:media

[ 2016-07-09T17:02:29+08:00 ] ::1 /discuz/index.php/Admin/User/media/js/jquery.cookie.min.js
ERR: 非法操作:media

[ 2016-07-09T17:02:29+08:00 ] ::1 /discuz/index.php/Admin/User/media/js/app.js
ERR: 非法操作:media

[ 2016-07-09T17:02:29+08:00 ] ::1 /discuz/index.php/Admin/User/media/js/table-managed.js
ERR: 非法操作:media

[ 2016-07-09T17:02:29+08:00 ] ::1 /discuz/index.php/Admin/User/media/js/jquery-migrate-1.2.1.min.js
ERR: 非法操作:media

[ 2016-07-09T17:02:29+08:00 ] ::1 /discuz/index.php/Admin/User/media/js/DT_bootstrap.js
ERR: 非法操作:media

[ 2016-07-09T17:02:29+08:00 ] ::1 /discuz/index.php/Admin/User/media/js/jquery-ui-1.10.1.custom.min.js
ERR: 非法操作:media

[ 2016-07-09T17:02:29+08:00 ] ::1 /discuz/index.php/Admin/User/media/js/bootstrap.min.js
ERR: 非法操作:media

[ 2016-07-09T17:02:29+08:00 ] ::1 /discuz/index.php/Admin/User/media/js/jquery.slimscroll.min.js
ERR: 非法操作:media

[ 2016-07-09T17:02:29+08:00 ] ::1 /discuz/index.php/Admin/User/media/js/jquery.blockui.min.js
ERR: 非法操作:media

[ 2016-07-09T17:02:29+08:00 ] ::1 /discuz/index.php/Admin/User/media/js/jquery.cookie.min.js
ERR: 非法操作:media

[ 2016-07-09T17:02:29+08:00 ] ::1 /discuz/index.php/Admin/User/media/js/jquery.uniform.min.js
ERR: 非法操作:media

[ 2016-07-09T17:02:29+08:00 ] ::1 /discuz/index.php/Admin/User/media/js/select2.min.js
ERR: 非法操作:media

[ 2016-07-09T17:02:29+08:00 ] ::1 /discuz/index.php/Admin/User/media/js/jquery.dataTables.js
ERR: 非法操作:media

[ 2016-07-09T17:02:29+08:00 ] ::1 /discuz/index.php/Admin/User/media/js/DT_bootstrap.js
ERR: 非法操作:media

[ 2016-07-09T17:02:29+08:00 ] ::1 /discuz/index.php/Admin/User/media/js/app.js
ERR: 非法操作:media

[ 2016-07-09T17:02:29+08:00 ] ::1 /discuz/index.php/Admin/User/media/js/table-managed.js
ERR: 非法操作:media

[ 2016-07-09T17:41:02+08:00 ] ::1 /discuz/index.php/Admin/User/media/js/table-managed.js
ERR: 非法操作:media

[ 2016-07-09T17:41:03+08:00 ] ::1 /discuz/index.php/Admin/User/media/js/table-managed.js
ERR: 非法操作:media

[ 2016-07-09T17:41:26+08:00 ] ::1 /discuz/index.php/media/css/jqvmap.css
ERR: 无法加载控制器:Media

[ 2016-07-09T17:41:32+08:00 ] ::1 /discuz/index.php/Admin/User/media/js/table-managed.js
ERR: 非法操作:media

[ 2016-07-09T17:41:32+08:00 ] ::1 /discuz/index.php/Admin/User/media/js/table-managed.js
ERR: 非法操作:media

[ 2016-07-09T17:43:10+08:00 ] ::1 /discuz/index.php/Admin/User/media/js/jquery.uniform.min.js
ERR: 非法操作:media

[ 2016-07-09T17:43:10+08:00 ] ::1 /discuz/index.php/Admin/User/media/js/jquery.uniform.min.js
ERR: 非法操作:media

[ 2016-07-09T17:44:28+08:00 ] ::1 /discuz/index.php/Admin/User/media/js/table-managed.js
ERR: 非法操作:media

[ 2016-07-09T17:44:29+08:00 ] ::1 /discuz/index.php/Admin/User/media/js/table-managed.js
ERR: 非法操作:media

[ 2016-07-09T18:01:29+08:00 ] ::1 /discuz/index.php/Admin/Index/media/css/jqvmap.css
ERR: 非法操作:media

[ 2016-07-09T18:25:29+08:00 ] ::1 /discuz/index.php/Admin/Index/media/css/jqvmap.css
ERR: 非法操作:media

[ 2016-07-09T19:20:41+08:00 ] ::1 /discuz/index.php/Admin/Index/media/css/jqvmap.css
ERR: 非法操作:media

[ 2016-07-09T19:21:19+08:00 ] ::1 /discuz/index.php/Admin/Mumber/index
ERR: 无法加载控制器:Mumber

[ 2016-07-09T20:49:22+08:00 ] ::1 /discuz/index.php/Admin/User/index
ERR: 无法加载控制器:User

[ 2016-07-09T21:20:04+08:00 ] ::1 /discuz/index.php/Admin/User/inbox.html?a=view
ERR: 非法操作:inbox

[ 2016-07-09T21:21:38+08:00 ] ::1 /discuz/index.php/Admin/Mumber/index
ERR: 无法加载控制器:Mumber

[ 2016-07-09T21:21:53+08:00 ] ::1 /discuz/index.php/Admin/Mumber/index
ERR: 1146:Table 'discuz.mumber' doesn't exist
 [ SQL语句 ] : SHOW COLUMNS FROM `mumber`

[ 2016-07-09T21:22:42+08:00 ] ::1 /discuz/index.php/Admin/Mumber/index
ERR: 1146:Table 'discuz.mumber' doesn't exist
 [ SQL语句 ] : SHOW COLUMNS FROM `mumber`

[ 2016-07-09T21:23:11+08:00 ] ::1 /discuz/index.php/Admin/Mumber/index
ERR: 1146:Table 'discuz.mumber' doesn't exist
 [ SQL语句 ] : SHOW COLUMNS FROM `mumber`

[ 2016-07-09T21:23:12+08:00 ] ::1 /discuz/index.php/Admin/Mumber/index
ERR: 1146:Table 'discuz.mumber' doesn't exist
 [ SQL语句 ] : SHOW COLUMNS FROM `mumber`

[ 2016-07-09T21:23:12+08:00 ] ::1 /discuz/index.php/Admin/Mumber/index
ERR: 1146:Table 'discuz.mumber' doesn't exist
 [ SQL语句 ] : SHOW COLUMNS FROM `mumber`

[ 2016-07-09T21:23:12+08:00 ] ::1 /discuz/index.php/Admin/Mumber/index
ERR: 1146:Table 'discuz.mumber' doesn't exist
 [ SQL语句 ] : SHOW COLUMNS FROM `mumber`

[ 2016-07-09T21:23:12+08:00 ] ::1 /discuz/index.php/Admin/Mumber/index
ERR: 1146:Table 'discuz.mumber' doesn't exist
 [ SQL语句 ] : SHOW COLUMNS FROM `mumber`

[ 2016-07-09T21:23:12+08:00 ] ::1 /discuz/index.php/Admin/Mumber/index
ERR: 1146:Table 'discuz.mumber' doesn't exist
 [ SQL语句 ] : SHOW COLUMNS FROM `mumber`

[ 2016-07-09T21:23:13+08:00 ] ::1 /discuz/index.php/Admin/Mumber/index
ERR: 1146:Table 'discuz.mumber' doesn't exist
 [ SQL语句 ] : SHOW COLUMNS FROM `mumber`

[ 2016-07-09T21:23:49+08:00 ] ::1 /discuz/index.php/Admin/Mumber/index
ERR: 1146:Table 'discuz.mumber' doesn't exist
 [ SQL语句 ] : SHOW COLUMNS FROM `mumber`

[ 2016-07-09T21:26:12+08:00 ] ::1 /discuz/index.php/Admin/Mumber/index
ERR: 1146:Table 'discuz.mumber' doesn't exist
 [ SQL语句 ] : SHOW COLUMNS FROM `mumber`

[ 2016-07-09T21:31:11+08:00 ] ::1 /discuz/index.php/Admin/Mumber/index
ERR: 无法加载控制器:Mumber

[ 2016-07-09T21:32:48+08:00 ] ::1 /discuz/index.php/Admin/Mumber/index
ERR: 无法加载控制器:Mumber

[ 2016-07-09T21:51:13+08:00 ] ::1 /discuz/index.php/Admin/Mumber/index
ERR: 无法加载控制器:Mumber

[ 2016-07-09T21:51:14+08:00 ] ::1 /discuz/index.php/Admin/Mumber/index
ERR: 无法加载控制器:Mumber

[ 2016-07-09T21:51:15+08:00 ] ::1 /discuz/index.php/Admin/Mumber/index
ERR: 无法加载控制器:Mumber

