[ 2016-07-07T11:19:45+08:00 ] ::1 /discuz/index.php/Admin/Stu/index?_=1467861585688
INFO: [ app_begin ] --START--
INFO: Run Behavior\ReadHtmlCacheBehavior [ RunTime:0.000000s ]
INFO: [ app_begin ] --END-- [ RunTime:0.001000s ]

[ 2016-07-07T11:20:13+08:00 ] ::1 /discuz/index.php/Admin/Stu/index?_=1467861613241
INFO: [ app_begin ] --START--
INFO: Run Behavior\ReadHtmlCacheBehavior [ RunTime:0.001000s ]
INFO: [ app_begin ] --END-- [ RunTime:0.001000s ]

[ 2016-07-07T11:21:22+08:00 ] ::1 /discuz/index.php/Admin/Stu/index?_=1467861682094
INFO: [ app_begin ] --START--
INFO: Run Behavior\ReadHtmlCacheBehavior [ RunTime:0.001000s ]
INFO: [ app_begin ] --END-- [ RunTime:0.001000s ]
ERR: 1146:Table 'discuz.stu' doesn't exist
 [ SQL语句 ] : SHOW COLUMNS FROM `stu`
ERR: 1146:Table 'discuz.stu' doesn't exist
 [ SQL语句 ] : SHOW COLUMNS FROM `stu`

[ 2016-07-07T11:26:14+08:00 ] ::1 /discuz/index.php/Admin/Stu/index?_=1467861974187
INFO: [ app_begin ] --START--
INFO: Run Behavior\ReadHtmlCacheBehavior [ RunTime:0.002000s ]
INFO: [ app_begin ] --END-- [ RunTime:0.003000s ]
ERR: 无法加载控制器:Stu

[ 2016-07-07T11:28:09+08:00 ] ::1 /discuz/index.php/Admin/Stu/index?_=1467862089584
INFO: [ app_begin ] --START--
INFO: Run Behavior\ReadHtmlCacheBehavior [ RunTime:0.001000s ]
INFO: [ app_begin ] --END-- [ RunTime:0.002000s ]
ERR: 无法加载控制器:Stu

[ 2016-07-07T11:29:37+08:00 ] ::1 /discuz/index.php/Admin/Topic/index?_=1467862177913
INFO: [ app_begin ] --START--
INFO: Run Behavior\ReadHtmlCacheBehavior [ RunTime:0.000000s ]
INFO: [ app_begin ] --END-- [ RunTime:0.001000s ]
ERR: 无法加载控制器:Topic

[ 2016-07-07T11:29:52+08:00 ] ::1 /discuz/index.php/Admin/Topic/index?_=1467862192876
INFO: [ app_begin ] --START--
INFO: Run Behavior\ReadHtmlCacheBehavior [ RunTime:0.001000s ]
INFO: [ app_begin ] --END-- [ RunTime:0.001000s ]
ERR: 无法加载控制器:Topic

[ 2016-07-07T11:31:05+08:00 ] ::1 /discuz/index.php/Admin/Topic/index?_=1467862265807
INFO: [ app_begin ] --START--
INFO: Run Behavior\ReadHtmlCacheBehavior [ RunTime:0.000000s ]
INFO: [ app_begin ] --END-- [ RunTime:0.000000s ]
INFO: [ view_parse ] --START--
INFO: [ template_filter ] --START--
INFO: Run Behavior\ContentReplaceBehavior [ RunTime:0.000000s ]
INFO: [ template_filter ] --END-- [ RunTime:0.000000s ]
NOTIC: [8] Undefined variable: numPerPage C:\wamp64\www\discuz\App\Runtime\Cache\Admin\de455b31efde61018767f5c2db420c0b.php 第 3 行.
NOTIC: [8] Undefined index: _order C:\wamp64\www\discuz\App\Runtime\Cache\Admin\de455b31efde61018767f5c2db420c0b.php 第 4 行.
NOTIC: [8] Undefined index: _sort C:\wamp64\www\discuz\App\Runtime\Cache\Admin\de455b31efde61018767f5c2db420c0b.php 第 5 行.
NOTIC: [8] Undefined variable: numPerPage C:\wamp64\www\discuz\App\Runtime\Cache\Admin\de455b31efde61018767f5c2db420c0b.php 第 9 行.
NOTIC: [8] Undefined index: keyword C:\wamp64\www\discuz\App\Runtime\Cache\Admin\de455b31efde61018767f5c2db420c0b.php 第 14 行.
NOTIC: [8] Undefined index: classid C:\wamp64\www\discuz\App\Runtime\Cache\Admin\de455b31efde61018767f5c2db420c0b.php 第 15 行.
NOTIC: [8] Undefined index: _order C:\wamp64\www\discuz\App\Runtime\Cache\Admin\de455b31efde61018767f5c2db420c0b.php 第 40 行.
NOTIC: [8] Undefined index: _order C:\wamp64\www\discuz\App\Runtime\Cache\Admin\de455b31efde61018767f5c2db420c0b.php 第 42 行.
NOTIC: [8] Undefined variable: list C:\wamp64\www\discuz\App\Runtime\Cache\Admin\de455b31efde61018767f5c2db420c0b.php 第 47 行.
NOTIC: [8] Undefined variable: numPerPage C:\wamp64\www\discuz\App\Runtime\Cache\Admin\de455b31efde61018767f5c2db420c0b.php 第 60 行.
NOTIC: [8] Undefined variable: numPerPage C:\wamp64\www\discuz\App\Runtime\Cache\Admin\de455b31efde61018767f5c2db420c0b.php 第 61 行.
NOTIC: [8] Undefined variable: numPerPage C:\wamp64\www\discuz\App\Runtime\Cache\Admin\de455b31efde61018767f5c2db420c0b.php 第 62 行.
NOTIC: [8] Undefined variable: numPerPage C:\wamp64\www\discuz\App\Runtime\Cache\Admin\de455b31efde61018767f5c2db420c0b.php 第 63 行.
NOTIC: [8] Undefined variable: numPerPage C:\wamp64\www\discuz\App\Runtime\Cache\Admin\de455b31efde61018767f5c2db420c0b.php 第 64 行.
NOTIC: [8] Undefined variable: totalCount C:\wamp64\www\discuz\App\Runtime\Cache\Admin\de455b31efde61018767f5c2db420c0b.php 第 66 行.
NOTIC: [8] Undefined variable: totalCount C:\wamp64\www\discuz\App\Runtime\Cache\Admin\de455b31efde61018767f5c2db420c0b.php 第 68 行.
NOTIC: [8] Undefined variable: numPerPage C:\wamp64\www\discuz\App\Runtime\Cache\Admin\de455b31efde61018767f5c2db420c0b.php 第 68 行.
NOTIC: [8] Undefined variable: currentPage C:\wamp64\www\discuz\App\Runtime\Cache\Admin\de455b31efde61018767f5c2db420c0b.php 第 68 行.
INFO: Run Behavior\ParseTemplateBehavior [ RunTime:0.013000s ]
INFO: [ view_parse ] --END-- [ RunTime:0.013000s ]
INFO: [ view_filter ] --START--
INFO: Run Behavior\WriteHtmlCacheBehavior [ RunTime:0.001000s ]
INFO: [ view_filter ] --END-- [ RunTime:0.001000s ]
INFO: [ app_end ] --START--
INFO: Run Behavior\ShowPageTraceBehavior [ RunTime:0.001000s ]
INFO: [ app_end ] --END-- [ RunTime:0.001000s ]

[ 2016-07-07T11:34:08+08:00 ] ::1 /discuz/index.php/Admin/Topic/index?_=1467862448100
INFO: [ app_begin ] --START--
INFO: Run Behavior\ReadHtmlCacheBehavior [ RunTime:0.001000s ]
INFO: [ app_begin ] --END-- [ RunTime:0.001000s ]
INFO: [ view_parse ] --START--
INFO: [ template_filter ] --START--
INFO: Run Behavior\ContentReplaceBehavior [ RunTime:0.000000s ]
INFO: [ template_filter ] --END-- [ RunTime:0.001000s ]
NOTIC: [8] Undefined variable: numPerPage C:\wamp64\www\discuz\App\Runtime\Cache\Admin\de455b31efde61018767f5c2db420c0b.php 第 3 行.
NOTIC: [8] Undefined index: _order C:\wamp64\www\discuz\App\Runtime\Cache\Admin\de455b31efde61018767f5c2db420c0b.php 第 4 行.
NOTIC: [8] Undefined index: _sort C:\wamp64\www\discuz\App\Runtime\Cache\Admin\de455b31efde61018767f5c2db420c0b.php 第 5 行.
NOTIC: [8] Undefined variable: numPerPage C:\wamp64\www\discuz\App\Runtime\Cache\Admin\de455b31efde61018767f5c2db420c0b.php 第 9 行.
NOTIC: [8] Undefined index: keyword C:\wamp64\www\discuz\App\Runtime\Cache\Admin\de455b31efde61018767f5c2db420c0b.php 第 14 行.
NOTIC: [8] Undefined index: classid C:\wamp64\www\discuz\App\Runtime\Cache\Admin\de455b31efde61018767f5c2db420c0b.php 第 15 行.
NOTIC: [8] Undefined index: _order C:\wamp64\www\discuz\App\Runtime\Cache\Admin\de455b31efde61018767f5c2db420c0b.php 第 40 行.
NOTIC: [8] Undefined index: _order C:\wamp64\www\discuz\App\Runtime\Cache\Admin\de455b31efde61018767f5c2db420c0b.php 第 42 行.
NOTIC: [8] Undefined variable: list C:\wamp64\www\discuz\App\Runtime\Cache\Admin\de455b31efde61018767f5c2db420c0b.php 第 47 行.
NOTIC: [8] Undefined variable: numPerPage C:\wamp64\www\discuz\App\Runtime\Cache\Admin\de455b31efde61018767f5c2db420c0b.php 第 60 行.
NOTIC: [8] Undefined variable: numPerPage C:\wamp64\www\discuz\App\Runtime\Cache\Admin\de455b31efde61018767f5c2db420c0b.php 第 61 行.
NOTIC: [8] Undefined variable: numPerPage C:\wamp64\www\discuz\App\Runtime\Cache\Admin\de455b31efde61018767f5c2db420c0b.php 第 62 行.
NOTIC: [8] Undefined variable: numPerPage C:\wamp64\www\discuz\App\Runtime\Cache\Admin\de455b31efde61018767f5c2db420c0b.php 第 63 行.
NOTIC: [8] Undefined variable: numPerPage C:\wamp64\www\discuz\App\Runtime\Cache\Admin\de455b31efde61018767f5c2db420c0b.php 第 64 行.
NOTIC: [8] Undefined variable: totalCount C:\wamp64\www\discuz\App\Runtime\Cache\Admin\de455b31efde61018767f5c2db420c0b.php 第 66 行.
NOTIC: [8] Undefined variable: totalCount C:\wamp64\www\discuz\App\Runtime\Cache\Admin\de455b31efde61018767f5c2db420c0b.php 第 68 行.
NOTIC: [8] Undefined variable: numPerPage C:\wamp64\www\discuz\App\Runtime\Cache\Admin\de455b31efde61018767f5c2db420c0b.php 第 68 行.
NOTIC: [8] Undefined variable: currentPage C:\wamp64\www\discuz\App\Runtime\Cache\Admin\de455b31efde61018767f5c2db420c0b.php 第 68 行.
INFO: Run Behavior\ParseTemplateBehavior [ RunTime:0.011001s ]
INFO: [ view_parse ] --END-- [ RunTime:0.011001s ]
INFO: [ view_filter ] --START--
INFO: Run Behavior\WriteHtmlCacheBehavior [ RunTime:0.000000s ]
INFO: [ view_filter ] --END-- [ RunTime:0.000000s ]
INFO: [ app_end ] --START--
INFO: Run Behavior\ShowPageTraceBehavior [ RunTime:0.001000s ]
INFO: [ app_end ] --END-- [ RunTime:0.001000s ]

[ 2016-07-07T11:34:52+08:00 ] ::1 /discuz/index.php/Admin/Topic/index?_=1467862492793
INFO: [ app_begin ] --START--
INFO: Run Behavior\ReadHtmlCacheBehavior [ RunTime:0.000000s ]
INFO: [ app_begin ] --END-- [ RunTime:0.002001s ]
INFO: [ view_parse ] --START--
INFO: [ template_filter ] --START--
INFO: Run Behavior\ContentReplaceBehavior [ RunTime:0.000000s ]
INFO: [ template_filter ] --END-- [ RunTime:0.000000s ]
NOTIC: [8] Undefined variable: numPerPage C:\wamp64\www\discuz\App\Runtime\Cache\Admin\de455b31efde61018767f5c2db420c0b.php 第 3 行.
NOTIC: [8] Undefined index: _order C:\wamp64\www\discuz\App\Runtime\Cache\Admin\de455b31efde61018767f5c2db420c0b.php 第 4 行.
NOTIC: [8] Undefined index: _sort C:\wamp64\www\discuz\App\Runtime\Cache\Admin\de455b31efde61018767f5c2db420c0b.php 第 5 行.
NOTIC: [8] Undefined variable: numPerPage C:\wamp64\www\discuz\App\Runtime\Cache\Admin\de455b31efde61018767f5c2db420c0b.php 第 9 行.
NOTIC: [8] Undefined index: keyword C:\wamp64\www\discuz\App\Runtime\Cache\Admin\de455b31efde61018767f5c2db420c0b.php 第 14 行.
NOTIC: [8] Undefined index: classid C:\wamp64\www\discuz\App\Runtime\Cache\Admin\de455b31efde61018767f5c2db420c0b.php 第 15 行.
NOTIC: [8] Undefined index: _order C:\wamp64\www\discuz\App\Runtime\Cache\Admin\de455b31efde61018767f5c2db420c0b.php 第 40 行.
NOTIC: [8] Undefined index: _order C:\wamp64\www\discuz\App\Runtime\Cache\Admin\de455b31efde61018767f5c2db420c0b.php 第 42 行.
NOTIC: [8] Undefined variable: list C:\wamp64\www\discuz\App\Runtime\Cache\Admin\de455b31efde61018767f5c2db420c0b.php 第 47 行.
NOTIC: [8] Undefined variable: numPerPage C:\wamp64\www\discuz\App\Runtime\Cache\Admin\de455b31efde61018767f5c2db420c0b.php 第 60 行.
NOTIC: [8] Undefined variable: numPerPage C:\wamp64\www\discuz\App\Runtime\Cache\Admin\de455b31efde61018767f5c2db420c0b.php 第 61 行.
NOTIC: [8] Undefined variable: numPerPage C:\wamp64\www\discuz\App\Runtime\Cache\Admin\de455b31efde61018767f5c2db420c0b.php 第 62 行.
NOTIC: [8] Undefined variable: numPerPage C:\wamp64\www\discuz\App\Runtime\Cache\Admin\de455b31efde61018767f5c2db420c0b.php 第 63 行.
NOTIC: [8] Undefined variable: numPerPage C:\wamp64\www\discuz\App\Runtime\Cache\Admin\de455b31efde61018767f5c2db420c0b.php 第 64 行.
NOTIC: [8] Undefined variable: totalCount C:\wamp64\www\discuz\App\Runtime\Cache\Admin\de455b31efde61018767f5c2db420c0b.php 第 66 行.
NOTIC: [8] Undefined variable: totalCount C:\wamp64\www\discuz\App\Runtime\Cache\Admin\de455b31efde61018767f5c2db420c0b.php 第 68 行.
NOTIC: [8] Undefined variable: numPerPage C:\wamp64\www\discuz\App\Runtime\Cache\Admin\de455b31efde61018767f5c2db420c0b.php 第 68 行.
NOTIC: [8] Undefined variable: currentPage C:\wamp64\www\discuz\App\Runtime\Cache\Admin\de455b31efde61018767f5c2db420c0b.php 第 68 行.
INFO: Run Behavior\ParseTemplateBehavior [ RunTime:0.009000s ]
INFO: [ view_parse ] --END-- [ RunTime:0.009000s ]
INFO: [ view_filter ] --START--
INFO: Run Behavior\WriteHtmlCacheBehavior [ RunTime:0.000000s ]
INFO: [ view_filter ] --END-- [ RunTime:0.000000s ]
INFO: [ app_end ] --START--
INFO: Run Behavior\ShowPageTraceBehavior [ RunTime:0.001000s ]
INFO: [ app_end ] --END-- [ RunTime:0.001000s ]

[ 2016-07-07T11:34:54+08:00 ] ::1 /discuz/index.php/Admin/Topic/index?_=1467862494074
INFO: [ app_begin ] --START--
INFO: Run Behavior\ReadHtmlCacheBehavior [ RunTime:0.001000s ]
INFO: [ app_begin ] --END-- [ RunTime:0.001000s ]
INFO: [ view_parse ] --START--
INFO: [ template_filter ] --START--
INFO: Run Behavior\ContentReplaceBehavior [ RunTime:0.000000s ]
INFO: [ template_filter ] --END-- [ RunTime:0.000000s ]
NOTIC: [8] Undefined variable: numPerPage C:\wamp64\www\discuz\App\Runtime\Cache\Admin\de455b31efde61018767f5c2db420c0b.php 第 3 行.
NOTIC: [8] Undefined index: _order C:\wamp64\www\discuz\App\Runtime\Cache\Admin\de455b31efde61018767f5c2db420c0b.php 第 4 行.
NOTIC: [8] Undefined index: _sort C:\wamp64\www\discuz\App\Runtime\Cache\Admin\de455b31efde61018767f5c2db420c0b.php 第 5 行.
NOTIC: [8] Undefined variable: numPerPage C:\wamp64\www\discuz\App\Runtime\Cache\Admin\de455b31efde61018767f5c2db420c0b.php 第 9 行.
NOTIC: [8] Undefined index: keyword C:\wamp64\www\discuz\App\Runtime\Cache\Admin\de455b31efde61018767f5c2db420c0b.php 第 14 行.
NOTIC: [8] Undefined index: classid C:\wamp64\www\discuz\App\Runtime\Cache\Admin\de455b31efde61018767f5c2db420c0b.php 第 15 行.
NOTIC: [8] Undefined index: _order C:\wamp64\www\discuz\App\Runtime\Cache\Admin\de455b31efde61018767f5c2db420c0b.php 第 40 行.
NOTIC: [8] Undefined index: _order C:\wamp64\www\discuz\App\Runtime\Cache\Admin\de455b31efde61018767f5c2db420c0b.php 第 42 行.
NOTIC: [8] Undefined variable: list C:\wamp64\www\discuz\App\Runtime\Cache\Admin\de455b31efde61018767f5c2db420c0b.php 第 47 行.
NOTIC: [8] Undefined variable: numPerPage C:\wamp64\www\discuz\App\Runtime\Cache\Admin\de455b31efde61018767f5c2db420c0b.php 第 60 行.
NOTIC: [8] Undefined variable: numPerPage C:\wamp64\www\discuz\App\Runtime\Cache\Admin\de455b31efde61018767f5c2db420c0b.php 第 61 行.
NOTIC: [8] Undefined variable: numPerPage C:\wamp64\www\discuz\App\Runtime\Cache\Admin\de455b31efde61018767f5c2db420c0b.php 第 62 行.
NOTIC: [8] Undefined variable: numPerPage C:\wamp64\www\discuz\App\Runtime\Cache\Admin\de455b31efde61018767f5c2db420c0b.php 第 63 行.
NOTIC: [8] Undefined variable: numPerPage C:\wamp64\www\discuz\App\Runtime\Cache\Admin\de455b31efde61018767f5c2db420c0b.php 第 64 行.
NOTIC: [8] Undefined variable: totalCount C:\wamp64\www\discuz\App\Runtime\Cache\Admin\de455b31efde61018767f5c2db420c0b.php 第 66 行.
NOTIC: [8] Undefined variable: totalCount C:\wamp64\www\discuz\App\Runtime\Cache\Admin\de455b31efde61018767f5c2db420c0b.php 第 68 行.
NOTIC: [8] Undefined variable: numPerPage C:\wamp64\www\discuz\App\Runtime\Cache\Admin\de455b31efde61018767f5c2db420c0b.php 第 68 行.
NOTIC: [8] Undefined variable: currentPage C:\wamp64\www\discuz\App\Runtime\Cache\Admin\de455b31efde61018767f5c2db420c0b.php 第 68 行.
INFO: Run Behavior\ParseTemplateBehavior [ RunTime:0.008001s ]
INFO: [ view_parse ] --END-- [ RunTime:0.009001s ]
INFO: [ view_filter ] --START--
INFO: Run Behavior\WriteHtmlCacheBehavior [ RunTime:0.000000s ]
INFO: [ view_filter ] --END-- [ RunTime:0.000000s ]
INFO: [ app_end ] --START--
INFO: Run Behavior\ShowPageTraceBehavior [ RunTime:0.001000s ]
INFO: [ app_end ] --END-- [ RunTime:0.001000s ]

[ 2016-07-07T11:35:11+08:00 ] ::1 /discuz/index.php/Admin/Topic/add?_=1467862511168
INFO: [ app_begin ] --START--
INFO: Run Behavior\ReadHtmlCacheBehavior [ RunTime:0.000000s ]
INFO: [ app_begin ] --END-- [ RunTime:0.005000s ]
INFO: [ view_parse ] --START--
INFO: [ template_filter ] --START--
INFO: Run Behavior\ContentReplaceBehavior [ RunTime:0.000000s ]
INFO: [ template_filter ] --END-- [ RunTime:0.000000s ]
INFO: Run Behavior\ParseTemplateBehavior [ RunTime:0.006000s ]
INFO: [ view_parse ] --END-- [ RunTime:0.006000s ]
INFO: [ view_filter ] --START--
INFO: Run Behavior\WriteHtmlCacheBehavior [ RunTime:0.001000s ]
INFO: [ view_filter ] --END-- [ RunTime:0.001000s ]
INFO: [ app_end ] --START--
INFO: Run Behavior\ShowPageTraceBehavior [ RunTime:0.000000s ]
INFO: [ app_end ] --END-- [ RunTime:0.000000s ]

[ 2016-07-07T11:35:15+08:00 ] ::1 /discuz/index.php/Admin/Topic/index?_=1467862515332
INFO: [ app_begin ] --START--
INFO: Run Behavior\ReadHtmlCacheBehavior [ RunTime:0.000000s ]
INFO: [ app_begin ] --END-- [ RunTime:0.001000s ]
INFO: [ view_parse ] --START--
INFO: [ template_filter ] --START--
INFO: Run Behavior\ContentReplaceBehavior [ RunTime:0.000000s ]
INFO: [ template_filter ] --END-- [ RunTime:0.000000s ]
NOTIC: [8] Undefined variable: numPerPage C:\wamp64\www\discuz\App\Runtime\Cache\Admin\de455b31efde61018767f5c2db420c0b.php 第 3 行.
NOTIC: [8] Undefined index: _order C:\wamp64\www\discuz\App\Runtime\Cache\Admin\de455b31efde61018767f5c2db420c0b.php 第 4 行.
NOTIC: [8] Undefined index: _sort C:\wamp64\www\discuz\App\Runtime\Cache\Admin\de455b31efde61018767f5c2db420c0b.php 第 5 行.
NOTIC: [8] Undefined variable: numPerPage C:\wamp64\www\discuz\App\Runtime\Cache\Admin\de455b31efde61018767f5c2db420c0b.php 第 9 行.
NOTIC: [8] Undefined index: keyword C:\wamp64\www\discuz\App\Runtime\Cache\Admin\de455b31efde61018767f5c2db420c0b.php 第 14 行.
NOTIC: [8] Undefined index: classid C:\wamp64\www\discuz\App\Runtime\Cache\Admin\de455b31efde61018767f5c2db420c0b.php 第 15 行.
NOTIC: [8] Undefined index: _order C:\wamp64\www\discuz\App\Runtime\Cache\Admin\de455b31efde61018767f5c2db420c0b.php 第 40 行.
NOTIC: [8] Undefined index: _order C:\wamp64\www\discuz\App\Runtime\Cache\Admin\de455b31efde61018767f5c2db420c0b.php 第 42 行.
NOTIC: [8] Undefined variable: list C:\wamp64\www\discuz\App\Runtime\Cache\Admin\de455b31efde61018767f5c2db420c0b.php 第 47 行.
NOTIC: [8] Undefined variable: numPerPage C:\wamp64\www\discuz\App\Runtime\Cache\Admin\de455b31efde61018767f5c2db420c0b.php 第 60 行.
NOTIC: [8] Undefined variable: numPerPage C:\wamp64\www\discuz\App\Runtime\Cache\Admin\de455b31efde61018767f5c2db420c0b.php 第 61 行.
NOTIC: [8] Undefined variable: numPerPage C:\wamp64\www\discuz\App\Runtime\Cache\Admin\de455b31efde61018767f5c2db420c0b.php 第 62 行.
NOTIC: [8] Undefined variable: numPerPage C:\wamp64\www\discuz\App\Runtime\Cache\Admin\de455b31efde61018767f5c2db420c0b.php 第 63 行.
NOTIC: [8] Undefined variable: numPerPage C:\wamp64\www\discuz\App\Runtime\Cache\Admin\de455b31efde61018767f5c2db420c0b.php 第 64 行.
NOTIC: [8] Undefined variable: totalCount C:\wamp64\www\discuz\App\Runtime\Cache\Admin\de455b31efde61018767f5c2db420c0b.php 第 66 行.
NOTIC: [8] Undefined variable: totalCount C:\wamp64\www\discuz\App\Runtime\Cache\Admin\de455b31efde61018767f5c2db420c0b.php 第 68 行.
NOTIC: [8] Undefined variable: numPerPage C:\wamp64\www\discuz\App\Runtime\Cache\Admin\de455b31efde61018767f5c2db420c0b.php 第 68 行.
NOTIC: [8] Undefined variable: currentPage C:\wamp64\www\discuz\App\Runtime\Cache\Admin\de455b31efde61018767f5c2db420c0b.php 第 68 行.
INFO: Run Behavior\ParseTemplateBehavior [ RunTime:0.008000s ]
INFO: [ view_parse ] --END-- [ RunTime:0.008000s ]
INFO: [ view_filter ] --START--
INFO: Run Behavior\WriteHtmlCacheBehavior [ RunTime:0.001000s ]
INFO: [ view_filter ] --END-- [ RunTime:0.001000s ]
INFO: [ app_end ] --START--
INFO: Run Behavior\ShowPageTraceBehavior [ RunTime:0.000000s ]
INFO: [ app_end ] --END-- [ RunTime:0.000000s ]

[ 2016-07-07T11:35:20+08:00 ] ::1 /discuz/index.php/Admin/Topic/index?_=1467862520881
INFO: [ app_begin ] --START--
INFO: Run Behavior\ReadHtmlCacheBehavior [ RunTime:0.001000s ]
INFO: [ app_begin ] --END-- [ RunTime:0.001000s ]
INFO: [ view_parse ] --START--
INFO: [ template_filter ] --START--
INFO: Run Behavior\ContentReplaceBehavior [ RunTime:0.001000s ]
INFO: [ template_filter ] --END-- [ RunTime:0.001000s ]
NOTIC: [8] Undefined variable: numPerPage C:\wamp64\www\discuz\App\Runtime\Cache\Admin\de455b31efde61018767f5c2db420c0b.php 第 3 行.
NOTIC: [8] Undefined index: _order C:\wamp64\www\discuz\App\Runtime\Cache\Admin\de455b31efde61018767f5c2db420c0b.php 第 4 行.
NOTIC: [8] Undefined index: _sort C:\wamp64\www\discuz\App\Runtime\Cache\Admin\de455b31efde61018767f5c2db420c0b.php 第 5 行.
NOTIC: [8] Undefined variable: numPerPage C:\wamp64\www\discuz\App\Runtime\Cache\Admin\de455b31efde61018767f5c2db420c0b.php 第 9 行.
NOTIC: [8] Undefined index: keyword C:\wamp64\www\discuz\App\Runtime\Cache\Admin\de455b31efde61018767f5c2db420c0b.php 第 14 行.
NOTIC: [8] Undefined index: classid C:\wamp64\www\discuz\App\Runtime\Cache\Admin\de455b31efde61018767f5c2db420c0b.php 第 15 行.
NOTIC: [8] Undefined index: _order C:\wamp64\www\discuz\App\Runtime\Cache\Admin\de455b31efde61018767f5c2db420c0b.php 第 40 行.
NOTIC: [8] Undefined index: _order C:\wamp64\www\discuz\App\Runtime\Cache\Admin\de455b31efde61018767f5c2db420c0b.php 第 42 行.
NOTIC: [8] Undefined variable: list C:\wamp64\www\discuz\App\Runtime\Cache\Admin\de455b31efde61018767f5c2db420c0b.php 第 47 行.
NOTIC: [8] Undefined variable: numPerPage C:\wamp64\www\discuz\App\Runtime\Cache\Admin\de455b31efde61018767f5c2db420c0b.php 第 60 行.
NOTIC: [8] Undefined variable: numPerPage C:\wamp64\www\discuz\App\Runtime\Cache\Admin\de455b31efde61018767f5c2db420c0b.php 第 61 行.
NOTIC: [8] Undefined variable: numPerPage C:\wamp64\www\discuz\App\Runtime\Cache\Admin\de455b31efde61018767f5c2db420c0b.php 第 62 行.
NOTIC: [8] Undefined variable: numPerPage C:\wamp64\www\discuz\App\Runtime\Cache\Admin\de455b31efde61018767f5c2db420c0b.php 第 63 行.
NOTIC: [8] Undefined variable: numPerPage C:\wamp64\www\discuz\App\Runtime\Cache\Admin\de455b31efde61018767f5c2db420c0b.php 第 64 行.
NOTIC: [8] Undefined variable: totalCount C:\wamp64\www\discuz\App\Runtime\Cache\Admin\de455b31efde61018767f5c2db420c0b.php 第 66 行.
NOTIC: [8] Undefined variable: totalCount C:\wamp64\www\discuz\App\Runtime\Cache\Admin\de455b31efde61018767f5c2db420c0b.php 第 68 行.
NOTIC: [8] Undefined variable: numPerPage C:\wamp64\www\discuz\App\Runtime\Cache\Admin\de455b31efde61018767f5c2db420c0b.php 第 68 行.
NOTIC: [8] Undefined variable: currentPage C:\wamp64\www\discuz\App\Runtime\Cache\Admin\de455b31efde61018767f5c2db420c0b.php 第 68 行.
INFO: Run Behavior\ParseTemplateBehavior [ RunTime:0.013001s ]
INFO: [ view_parse ] --END-- [ RunTime:0.013001s ]
INFO: [ view_filter ] --START--
INFO: Run Behavior\WriteHtmlCacheBehavior [ RunTime:0.001000s ]
INFO: [ view_filter ] --END-- [ RunTime:0.001000s ]
INFO: [ app_end ] --START--
INFO: Run Behavior\ShowPageTraceBehavior [ RunTime:0.000000s ]
INFO: [ app_end ] --END-- [ RunTime:0.000000s ]

[ 2016-07-07T11:35:22+08:00 ] ::1 /discuz/index.php/Admin/Topic/add?_=1467862522691
INFO: [ app_begin ] --START--
INFO: Run Behavior\ReadHtmlCacheBehavior [ RunTime:0.000000s ]
INFO: [ app_begin ] --END-- [ RunTime:0.000000s ]
INFO: [ view_parse ] --START--
INFO: [ template_filter ] --START--
INFO: Run Behavior\ContentReplaceBehavior [ RunTime:0.000000s ]
INFO: [ template_filter ] --END-- [ RunTime:0.000000s ]
INFO: Run Behavior\ParseTemplateBehavior [ RunTime:0.000000s ]
INFO: [ view_parse ] --END-- [ RunTime:0.000000s ]
INFO: [ view_filter ] --START--
INFO: Run Behavior\WriteHtmlCacheBehavior [ RunTime:0.000000s ]
INFO: [ view_filter ] --END-- [ RunTime:0.000000s ]
INFO: [ app_end ] --START--
INFO: Run Behavior\ShowPageTraceBehavior [ RunTime:0.000000s ]
INFO: [ app_end ] --END-- [ RunTime:0.000000s ]

[ 2016-07-07T11:35:41+08:00 ] ::1 /discuz/index.php/Admin/Topic/index?_=1467862541864
INFO: [ app_begin ] --START--
INFO: Run Behavior\ReadHtmlCacheBehavior [ RunTime:0.000000s ]
INFO: [ app_begin ] --END-- [ RunTime:0.001000s ]
INFO: [ view_parse ] --START--
INFO: [ template_filter ] --START--
INFO: Run Behavior\ContentReplaceBehavior [ RunTime:0.000000s ]
INFO: [ template_filter ] --END-- [ RunTime:0.001000s ]
NOTIC: [8] Undefined variable: numPerPage C:\wamp64\www\discuz\App\Runtime\Cache\Admin\de455b31efde61018767f5c2db420c0b.php 第 3 行.
NOTIC: [8] Undefined index: _order C:\wamp64\www\discuz\App\Runtime\Cache\Admin\de455b31efde61018767f5c2db420c0b.php 第 4 行.
NOTIC: [8] Undefined index: _sort C:\wamp64\www\discuz\App\Runtime\Cache\Admin\de455b31efde61018767f5c2db420c0b.php 第 5 行.
NOTIC: [8] Undefined variable: numPerPage C:\wamp64\www\discuz\App\Runtime\Cache\Admin\de455b31efde61018767f5c2db420c0b.php 第 9 行.
NOTIC: [8] Undefined index: keyword C:\wamp64\www\discuz\App\Runtime\Cache\Admin\de455b31efde61018767f5c2db420c0b.php 第 14 行.
NOTIC: [8] Undefined index: classid C:\wamp64\www\discuz\App\Runtime\Cache\Admin\de455b31efde61018767f5c2db420c0b.php 第 15 行.
NOTIC: [8] Undefined index: _order C:\wamp64\www\discuz\App\Runtime\Cache\Admin\de455b31efde61018767f5c2db420c0b.php 第 40 行.
NOTIC: [8] Undefined index: _order C:\wamp64\www\discuz\App\Runtime\Cache\Admin\de455b31efde61018767f5c2db420c0b.php 第 42 行.
NOTIC: [8] Undefined variable: list C:\wamp64\www\discuz\App\Runtime\Cache\Admin\de455b31efde61018767f5c2db420c0b.php 第 47 行.
NOTIC: [8] Undefined variable: numPerPage C:\wamp64\www\discuz\App\Runtime\Cache\Admin\de455b31efde61018767f5c2db420c0b.php 第 60 行.
NOTIC: [8] Undefined variable: numPerPage C:\wamp64\www\discuz\App\Runtime\Cache\Admin\de455b31efde61018767f5c2db420c0b.php 第 61 行.
NOTIC: [8] Undefined variable: numPerPage C:\wamp64\www\discuz\App\Runtime\Cache\Admin\de455b31efde61018767f5c2db420c0b.php 第 62 行.
NOTIC: [8] Undefined variable: numPerPage C:\wamp64\www\discuz\App\Runtime\Cache\Admin\de455b31efde61018767f5c2db420c0b.php 第 63 行.
NOTIC: [8] Undefined variable: numPerPage C:\wamp64\www\discuz\App\Runtime\Cache\Admin\de455b31efde61018767f5c2db420c0b.php 第 64 行.
NOTIC: [8] Undefined variable: totalCount C:\wamp64\www\discuz\App\Runtime\Cache\Admin\de455b31efde61018767f5c2db420c0b.php 第 66 行.
NOTIC: [8] Undefined variable: totalCount C:\wamp64\www\discuz\App\Runtime\Cache\Admin\de455b31efde61018767f5c2db420c0b.php 第 68 行.
NOTIC: [8] Undefined variable: numPerPage C:\wamp64\www\discuz\App\Runtime\Cache\Admin\de455b31efde61018767f5c2db420c0b.php 第 68 行.
NOTIC: [8] Undefined variable: currentPage C:\wamp64\www\discuz\App\Runtime\Cache\Admin\de455b31efde61018767f5c2db420c0b.php 第 68 行.
INFO: Run Behavior\ParseTemplateBehavior [ RunTime:0.007000s ]
INFO: [ view_parse ] --END-- [ RunTime:0.007000s ]
INFO: [ view_filter ] --START--
INFO: Run Behavior\WriteHtmlCacheBehavior [ RunTime:0.000000s ]
INFO: [ view_filter ] --END-- [ RunTime:0.000000s ]
INFO: [ app_end ] --START--
INFO: Run Behavior\ShowPageTraceBehavior [ RunTime:0.001000s ]
INFO: [ app_end ] --END-- [ RunTime:0.001000s ]

[ 2016-07-07T11:36:49+08:00 ] ::1 /discuz/index.php/Admin/Topic/add?_=1467862609572
INFO: [ app_begin ] --START--
INFO: Run Behavior\ReadHtmlCacheBehavior [ RunTime:0.000000s ]
INFO: [ app_begin ] --END-- [ RunTime:0.001000s ]
INFO: [ view_parse ] --START--
INFO: [ template_filter ] --START--
INFO: Run Behavior\ContentReplaceBehavior [ RunTime:0.000000s ]
INFO: [ template_filter ] --END-- [ RunTime:0.000000s ]
INFO: Run Behavior\ParseTemplateBehavior [ RunTime:0.015001s ]
INFO: [ view_parse ] --END-- [ RunTime:0.015001s ]
INFO: [ view_filter ] --START--
INFO: Run Behavior\WriteHtmlCacheBehavior [ RunTime:0.001000s ]
INFO: [ view_filter ] --END-- [ RunTime:0.001000s ]
INFO: [ app_end ] --START--
INFO: Run Behavior\ShowPageTraceBehavior [ RunTime:0.001000s ]
INFO: [ app_end ] --END-- [ RunTime:0.001000s ]

[ 2016-07-07T11:36:59+08:00 ] ::1 /discuz/index.php/Admin/Topic/add?_=1467862619108
INFO: [ app_begin ] --START--
INFO: Run Behavior\ReadHtmlCacheBehavior [ RunTime:0.001000s ]
INFO: [ app_begin ] --END-- [ RunTime:0.001000s ]
INFO: [ view_parse ] --START--
INFO: [ template_filter ] --START--
INFO: Run Behavior\ContentReplaceBehavior [ RunTime:0.000000s ]
INFO: [ template_filter ] --END-- [ RunTime:0.001001s ]
INFO: Run Behavior\ParseTemplateBehavior [ RunTime:0.026002s ]
INFO: [ view_parse ] --END-- [ RunTime:0.026002s ]
INFO: [ view_filter ] --START--
INFO: Run Behavior\WriteHtmlCacheBehavior [ RunTime:0.000000s ]
INFO: [ view_filter ] --END-- [ RunTime:0.000000s ]
INFO: [ app_end ] --START--
INFO: Run Behavior\ShowPageTraceBehavior [ RunTime:0.001000s ]
INFO: [ app_end ] --END-- [ RunTime:0.002000s ]

[ 2016-07-07T11:42:27+08:00 ] ::1 /discuz/index.php/Admin/Topic/index?_=1467862947504
INFO: [ app_begin ] --START--
INFO: Run Behavior\ReadHtmlCacheBehavior [ RunTime:0.000000s ]
INFO: [ app_begin ] --END-- [ RunTime:0.001000s ]
INFO: [ view_parse ] --START--
INFO: [ template_filter ] --START--
INFO: Run Behavior\ContentReplaceBehavior [ RunTime:0.000000s ]
INFO: [ template_filter ] --END-- [ RunTime:0.000000s ]
NOTIC: [8] Undefined variable: numPerPage C:\wamp64\www\discuz\App\Runtime\Cache\Admin\de455b31efde61018767f5c2db420c0b.php 第 3 行.
NOTIC: [8] Undefined index: _order C:\wamp64\www\discuz\App\Runtime\Cache\Admin\de455b31efde61018767f5c2db420c0b.php 第 4 行.
NOTIC: [8] Undefined index: _sort C:\wamp64\www\discuz\App\Runtime\Cache\Admin\de455b31efde61018767f5c2db420c0b.php 第 5 行.
NOTIC: [8] Undefined variable: numPerPage C:\wamp64\www\discuz\App\Runtime\Cache\Admin\de455b31efde61018767f5c2db420c0b.php 第 9 行.
NOTIC: [8] Undefined index: keyword C:\wamp64\www\discuz\App\Runtime\Cache\Admin\de455b31efde61018767f5c2db420c0b.php 第 14 行.
NOTIC: [8] Undefined index: classid C:\wamp64\www\discuz\App\Runtime\Cache\Admin\de455b31efde61018767f5c2db420c0b.php 第 15 行.
NOTIC: [8] Undefined index: _order C:\wamp64\www\discuz\App\Runtime\Cache\Admin\de455b31efde61018767f5c2db420c0b.php 第 40 行.
NOTIC: [8] Undefined index: _order C:\wamp64\www\discuz\App\Runtime\Cache\Admin\de455b31efde61018767f5c2db420c0b.php 第 42 行.
NOTIC: [8] Undefined variable: list C:\wamp64\www\discuz\App\Runtime\Cache\Admin\de455b31efde61018767f5c2db420c0b.php 第 48 行.
NOTIC: [8] Undefined variable: numPerPage C:\wamp64\www\discuz\App\Runtime\Cache\Admin\de455b31efde61018767f5c2db420c0b.php 第 61 行.
NOTIC: [8] Undefined variable: numPerPage C:\wamp64\www\discuz\App\Runtime\Cache\Admin\de455b31efde61018767f5c2db420c0b.php 第 62 行.
NOTIC: [8] Undefined variable: numPerPage C:\wamp64\www\discuz\App\Runtime\Cache\Admin\de455b31efde61018767f5c2db420c0b.php 第 63 行.
NOTIC: [8] Undefined variable: numPerPage C:\wamp64\www\discuz\App\Runtime\Cache\Admin\de455b31efde61018767f5c2db420c0b.php 第 64 行.
NOTIC: [8] Undefined variable: numPerPage C:\wamp64\www\discuz\App\Runtime\Cache\Admin\de455b31efde61018767f5c2db420c0b.php 第 65 行.
NOTIC: [8] Undefined variable: totalCount C:\wamp64\www\discuz\App\Runtime\Cache\Admin\de455b31efde61018767f5c2db420c0b.php 第 67 行.
NOTIC: [8] Undefined variable: totalCount C:\wamp64\www\discuz\App\Runtime\Cache\Admin\de455b31efde61018767f5c2db420c0b.php 第 69 行.
NOTIC: [8] Undefined variable: numPerPage C:\wamp64\www\discuz\App\Runtime\Cache\Admin\de455b31efde61018767f5c2db420c0b.php 第 69 行.
NOTIC: [8] Undefined variable: currentPage C:\wamp64\www\discuz\App\Runtime\Cache\Admin\de455b31efde61018767f5c2db420c0b.php 第 69 行.
INFO: Run Behavior\ParseTemplateBehavior [ RunTime:0.011000s ]
INFO: [ view_parse ] --END-- [ RunTime:0.011000s ]
INFO: [ view_filter ] --START--
INFO: Run Behavior\WriteHtmlCacheBehavior [ RunTime:0.000000s ]
INFO: [ view_filter ] --END-- [ RunTime:0.000000s ]
INFO: [ app_end ] --START--
INFO: Run Behavior\ShowPageTraceBehavior [ RunTime:0.001000s ]
INFO: [ app_end ] --END-- [ RunTime:0.001000s ]

[ 2016-07-07T11:43:28+08:00 ] ::1 /discuz/index.php/Admin/Topic/index?_=1467863008717
INFO: [ app_begin ] --START--
INFO: Run Behavior\ReadHtmlCacheBehavior [ RunTime:0.001000s ]
INFO: [ app_begin ] --END-- [ RunTime:0.001000s ]
INFO: [ view_parse ] --START--
INFO: [ template_filter ] --START--
INFO: Run Behavior\ContentReplaceBehavior [ RunTime:0.000000s ]
INFO: [ template_filter ] --END-- [ RunTime:0.000000s ]
NOTIC: [8] Undefined variable: numPerPage C:\wamp64\www\discuz\App\Runtime\Cache\Admin\de455b31efde61018767f5c2db420c0b.php 第 3 行.
NOTIC: [8] Undefined index: _order C:\wamp64\www\discuz\App\Runtime\Cache\Admin\de455b31efde61018767f5c2db420c0b.php 第 4 行.
NOTIC: [8] Undefined index: _sort C:\wamp64\www\discuz\App\Runtime\Cache\Admin\de455b31efde61018767f5c2db420c0b.php 第 5 行.
NOTIC: [8] Undefined variable: numPerPage C:\wamp64\www\discuz\App\Runtime\Cache\Admin\de455b31efde61018767f5c2db420c0b.php 第 9 行.
NOTIC: [8] Undefined index: keyword C:\wamp64\www\discuz\App\Runtime\Cache\Admin\de455b31efde61018767f5c2db420c0b.php 第 14 行.
NOTIC: [8] Undefined index: classid C:\wamp64\www\discuz\App\Runtime\Cache\Admin\de455b31efde61018767f5c2db420c0b.php 第 15 行.
NOTIC: [8] Undefined index: _order C:\wamp64\www\discuz\App\Runtime\Cache\Admin\de455b31efde61018767f5c2db420c0b.php 第 40 行.
NOTIC: [8] Undefined index: _order C:\wamp64\www\discuz\App\Runtime\Cache\Admin\de455b31efde61018767f5c2db420c0b.php 第 42 行.
NOTIC: [8] Undefined variable: list C:\wamp64\www\discuz\App\Runtime\Cache\Admin\de455b31efde61018767f5c2db420c0b.php 第 48 行.
NOTIC: [8] Undefined variable: numPerPage C:\wamp64\www\discuz\App\Runtime\Cache\Admin\de455b31efde61018767f5c2db420c0b.php 第 61 行.
NOTIC: [8] Undefined variable: numPerPage C:\wamp64\www\discuz\App\Runtime\Cache\Admin\de455b31efde61018767f5c2db420c0b.php 第 62 行.
NOTIC: [8] Undefined variable: numPerPage C:\wamp64\www\discuz\App\Runtime\Cache\Admin\de455b31efde61018767f5c2db420c0b.php 第 63 行.
NOTIC: [8] Undefined variable: numPerPage C:\wamp64\www\discuz\App\Runtime\Cache\Admin\de455b31efde61018767f5c2db420c0b.php 第 64 行.
NOTIC: [8] Undefined variable: numPerPage C:\wamp64\www\discuz\App\Runtime\Cache\Admin\de455b31efde61018767f5c2db420c0b.php 第 65 行.
NOTIC: [8] Undefined variable: totalCount C:\wamp64\www\discuz\App\Runtime\Cache\Admin\de455b31efde61018767f5c2db420c0b.php 第 67 行.
NOTIC: [8] Undefined variable: totalCount C:\wamp64\www\discuz\App\Runtime\Cache\Admin\de455b31efde61018767f5c2db420c0b.php 第 69 行.
NOTIC: [8] Undefined variable: numPerPage C:\wamp64\www\discuz\App\Runtime\Cache\Admin\de455b31efde61018767f5c2db420c0b.php 第 69 行.
NOTIC: [8] Undefined variable: currentPage C:\wamp64\www\discuz\App\Runtime\Cache\Admin\de455b31efde61018767f5c2db420c0b.php 第 69 行.
INFO: Run Behavior\ParseTemplateBehavior [ RunTime:0.008000s ]
INFO: [ view_parse ] --END-- [ RunTime:0.008000s ]
INFO: [ view_filter ] --START--
INFO: Run Behavior\WriteHtmlCacheBehavior [ RunTime:0.001000s ]
INFO: [ view_filter ] --END-- [ RunTime:0.001000s ]
INFO: [ app_end ] --START--
INFO: Run Behavior\ShowPageTraceBehavior [ RunTime:0.000000s ]
INFO: [ app_end ] --END-- [ RunTime:0.000000s ]

[ 2016-07-07T11:44:46+08:00 ] ::1 /discuz/index.php/Admin/Topic/index?_=1467863086336
INFO: [ app_begin ] --START--
INFO: Run Behavior\ReadHtmlCacheBehavior [ RunTime:0.000000s ]
INFO: [ app_begin ] --END-- [ RunTime:0.000000s ]
INFO: [ view_parse ] --START--
INFO: [ template_filter ] --START--
INFO: Run Behavior\ContentReplaceBehavior [ RunTime:0.000000s ]
INFO: [ template_filter ] --END-- [ RunTime:0.000000s ]
NOTIC: [8] Undefined variable: numPerPage C:\wamp64\www\discuz\App\Runtime\Cache\Admin\de455b31efde61018767f5c2db420c0b.php 第 3 行.
NOTIC: [8] Undefined index: _order C:\wamp64\www\discuz\App\Runtime\Cache\Admin\de455b31efde61018767f5c2db420c0b.php 第 4 行.
NOTIC: [8] Undefined index: _sort C:\wamp64\www\discuz\App\Runtime\Cache\Admin\de455b31efde61018767f5c2db420c0b.php 第 5 行.
NOTIC: [8] Undefined variable: numPerPage C:\wamp64\www\discuz\App\Runtime\Cache\Admin\de455b31efde61018767f5c2db420c0b.php 第 9 行.
NOTIC: [8] Undefined index: keyword C:\wamp64\www\discuz\App\Runtime\Cache\Admin\de455b31efde61018767f5c2db420c0b.php 第 14 行.
NOTIC: [8] Undefined index: classid C:\wamp64\www\discuz\App\Runtime\Cache\Admin\de455b31efde61018767f5c2db420c0b.php 第 15 行.
NOTIC: [8] Undefined index: _order C:\wamp64\www\discuz\App\Runtime\Cache\Admin\de455b31efde61018767f5c2db420c0b.php 第 40 行.
NOTIC: [8] Undefined index: _order C:\wamp64\www\discuz\App\Runtime\Cache\Admin\de455b31efde61018767f5c2db420c0b.php 第 42 行.
NOTIC: [8] Undefined variable: list C:\wamp64\www\discuz\App\Runtime\Cache\Admin\de455b31efde61018767f5c2db420c0b.php 第 48 行.
NOTIC: [8] Undefined variable: numPerPage C:\wamp64\www\discuz\App\Runtime\Cache\Admin\de455b31efde61018767f5c2db420c0b.php 第 62 行.
NOTIC: [8] Undefined variable: numPerPage C:\wamp64\www\discuz\App\Runtime\Cache\Admin\de455b31efde61018767f5c2db420c0b.php 第 63 行.
NOTIC: [8] Undefined variable: numPerPage C:\wamp64\www\discuz\App\Runtime\Cache\Admin\de455b31efde61018767f5c2db420c0b.php 第 64 行.
NOTIC: [8] Undefined variable: numPerPage C:\wamp64\www\discuz\App\Runtime\Cache\Admin\de455b31efde61018767f5c2db420c0b.php 第 65 行.
NOTIC: [8] Undefined variable: numPerPage C:\wamp64\www\discuz\App\Runtime\Cache\Admin\de455b31efde61018767f5c2db420c0b.php 第 66 行.
NOTIC: [8] Undefined variable: totalCount C:\wamp64\www\discuz\App\Runtime\Cache\Admin\de455b31efde61018767f5c2db420c0b.php 第 68 行.
NOTIC: [8] Undefined variable: totalCount C:\wamp64\www\discuz\App\Runtime\Cache\Admin\de455b31efde61018767f5c2db420c0b.php 第 70 行.
NOTIC: [8] Undefined variable: numPerPage C:\wamp64\www\discuz\App\Runtime\Cache\Admin\de455b31efde61018767f5c2db420c0b.php 第 70 行.
NOTIC: [8] Undefined variable: currentPage C:\wamp64\www\discuz\App\Runtime\Cache\Admin\de455b31efde61018767f5c2db420c0b.php 第 70 行.
INFO: Run Behavior\ParseTemplateBehavior [ RunTime:0.015600s ]
INFO: [ view_parse ] --END-- [ RunTime:0.015600s ]
INFO: [ view_filter ] --START--
INFO: Run Behavior\WriteHtmlCacheBehavior [ RunTime:0.000000s ]
INFO: [ view_filter ] --END-- [ RunTime:0.000000s ]
INFO: [ app_end ] --START--
INFO: Run Behavior\ShowPageTraceBehavior [ RunTime:0.001000s ]
INFO: [ app_end ] --END-- [ RunTime:0.001000s ]

[ 2016-07-07T11:45:24+08:00 ] ::1 /discuz/index.php/Admin/Topic/index?_=1467863124843
INFO: [ app_begin ] --START--
INFO: Run Behavior\ReadHtmlCacheBehavior [ RunTime:0.000000s ]
INFO: [ app_begin ] --END-- [ RunTime:0.000000s ]
SQL: SHOW COLUMNS FROM `topic` [ RunTime:0.0030s ]
SQL: SELECT * FROM `topic`  [ RunTime:0.0000s ]
INFO: [ app_end ] --START--
INFO: Run Behavior\ShowPageTraceBehavior [ RunTime:0.001000s ]
INFO: [ app_end ] --END-- [ RunTime:0.001000s ]

[ 2016-07-07T11:45:42+08:00 ] ::1 /discuz/index.php/Admin/Topic/index?_=1467863142861
INFO: [ app_begin ] --START--
INFO: Run Behavior\ReadHtmlCacheBehavior [ RunTime:0.001000s ]
INFO: [ app_begin ] --END-- [ RunTime:0.001000s ]
SQL: SHOW COLUMNS FROM `topic` [ RunTime:0.0010s ]
SQL: SELECT * FROM `topic`  [ RunTime:0.0010s ]
SQL: SELECT * FROM `topic`  [ RunTime:0.0000s ]
INFO: [ app_end ] --START--
INFO: Run Behavior\ShowPageTraceBehavior [ RunTime:0.001000s ]
INFO: [ app_end ] --END-- [ RunTime:0.001000s ]

[ 2016-07-07T11:46:45+08:00 ] ::1 /discuz/index.php/Admin/Topic/index?_=1467863205043
INFO: [ app_begin ] --START--
INFO: Run Behavior\ReadHtmlCacheBehavior [ RunTime:0.000000s ]
INFO: [ app_begin ] --END-- [ RunTime:0.000000s ]
SQL: SHOW COLUMNS FROM `topic` [ RunTime:0.0010s ]
SQL: SELECT * FROM `topic`  [ RunTime:0.0000s ]
INFO: [ view_parse ] --START--
INFO: [ template_filter ] --START--
INFO: Run Behavior\ContentReplaceBehavior [ RunTime:0.000000s ]
INFO: [ template_filter ] --END-- [ RunTime:0.000000s ]
NOTIC: [8] Undefined variable: numPerPage C:\wamp64\www\discuz\App\Runtime\Cache\Admin\de455b31efde61018767f5c2db420c0b.php 第 3 行.
NOTIC: [8] Undefined index: _order C:\wamp64\www\discuz\App\Runtime\Cache\Admin\de455b31efde61018767f5c2db420c0b.php 第 4 行.
NOTIC: [8] Undefined index: _sort C:\wamp64\www\discuz\App\Runtime\Cache\Admin\de455b31efde61018767f5c2db420c0b.php 第 5 行.
NOTIC: [8] Undefined variable: numPerPage C:\wamp64\www\discuz\App\Runtime\Cache\Admin\de455b31efde61018767f5c2db420c0b.php 第 9 行.
NOTIC: [8] Undefined index: keyword C:\wamp64\www\discuz\App\Runtime\Cache\Admin\de455b31efde61018767f5c2db420c0b.php 第 14 行.
NOTIC: [8] Undefined index: classid C:\wamp64\www\discuz\App\Runtime\Cache\Admin\de455b31efde61018767f5c2db420c0b.php 第 15 行.
NOTIC: [8] Undefined index: _order C:\wamp64\www\discuz\App\Runtime\Cache\Admin\de455b31efde61018767f5c2db420c0b.php 第 40 行.
NOTIC: [8] Undefined index: _order C:\wamp64\www\discuz\App\Runtime\Cache\Admin\de455b31efde61018767f5c2db420c0b.php 第 42 行.
NOTIC: [8] Undefined variable: numPerPage C:\wamp64\www\discuz\App\Runtime\Cache\Admin\de455b31efde61018767f5c2db420c0b.php 第 62 行.
NOTIC: [8] Undefined variable: numPerPage C:\wamp64\www\discuz\App\Runtime\Cache\Admin\de455b31efde61018767f5c2db420c0b.php 第 63 行.
NOTIC: [8] Undefined variable: numPerPage C:\wamp64\www\discuz\App\Runtime\Cache\Admin\de455b31efde61018767f5c2db420c0b.php 第 64 行.
NOTIC: [8] Undefined variable: numPerPage C:\wamp64\www\discuz\App\Runtime\Cache\Admin\de455b31efde61018767f5c2db420c0b.php 第 65 行.
NOTIC: [8] Undefined variable: numPerPage C:\wamp64\www\discuz\App\Runtime\Cache\Admin\de455b31efde61018767f5c2db420c0b.php 第 66 行.
NOTIC: [8] Undefined variable: totalCount C:\wamp64\www\discuz\App\Runtime\Cache\Admin\de455b31efde61018767f5c2db420c0b.php 第 68 行.
NOTIC: [8] Undefined variable: totalCount C:\wamp64\www\discuz\App\Runtime\Cache\Admin\de455b31efde61018767f5c2db420c0b.php 第 70 行.
NOTIC: [8] Undefined variable: numPerPage C:\wamp64\www\discuz\App\Runtime\Cache\Admin\de455b31efde61018767f5c2db420c0b.php 第 70 行.
NOTIC: [8] Undefined variable: currentPage C:\wamp64\www\discuz\App\Runtime\Cache\Admin\de455b31efde61018767f5c2db420c0b.php 第 70 行.
INFO: Run Behavior\ParseTemplateBehavior [ RunTime:0.010000s ]
INFO: [ view_parse ] --END-- [ RunTime:0.010000s ]
INFO: [ view_filter ] --START--
INFO: Run Behavior\WriteHtmlCacheBehavior [ RunTime:0.000000s ]
INFO: [ view_filter ] --END-- [ RunTime:0.000000s ]
INFO: [ app_end ] --START--
INFO: Run Behavior\ShowPageTraceBehavior [ RunTime:0.001000s ]
INFO: [ app_end ] --END-- [ RunTime:0.001000s ]

[ 2016-07-07T11:51:36+08:00 ] ::1 /discuz/index.php/Admin/Topic/index?_=1467863496310
INFO: [ app_begin ] --START--
INFO: Run Behavior\ReadHtmlCacheBehavior [ RunTime:0.000000s ]
INFO: [ app_begin ] --END-- [ RunTime:0.000000s ]
SQL: SHOW COLUMNS FROM `topic` [ RunTime:0.0010s ]
SQL: SELECT * FROM `topic`  [ RunTime:0.0000s ]
INFO: [ view_parse ] --START--
INFO: [ template_filter ] --START--
INFO: Run Behavior\ContentReplaceBehavior [ RunTime:0.000000s ]
INFO: [ template_filter ] --END-- [ RunTime:0.000000s ]
NOTIC: [8] Undefined variable: numPerPage C:\wamp64\www\discuz\App\Runtime\Cache\Admin\de455b31efde61018767f5c2db420c0b.php 第 3 行.
NOTIC: [8] Undefined index: _order C:\wamp64\www\discuz\App\Runtime\Cache\Admin\de455b31efde61018767f5c2db420c0b.php 第 4 行.
NOTIC: [8] Undefined index: _sort C:\wamp64\www\discuz\App\Runtime\Cache\Admin\de455b31efde61018767f5c2db420c0b.php 第 5 行.
NOTIC: [8] Undefined variable: numPerPage C:\wamp64\www\discuz\App\Runtime\Cache\Admin\de455b31efde61018767f5c2db420c0b.php 第 9 行.
NOTIC: [8] Undefined index: keyword C:\wamp64\www\discuz\App\Runtime\Cache\Admin\de455b31efde61018767f5c2db420c0b.php 第 14 行.
NOTIC: [8] Undefined index: classid C:\wamp64\www\discuz\App\Runtime\Cache\Admin\de455b31efde61018767f5c2db420c0b.php 第 15 行.
NOTIC: [8] Undefined index: _order C:\wamp64\www\discuz\App\Runtime\Cache\Admin\de455b31efde61018767f5c2db420c0b.php 第 40 行.
NOTIC: [8] Undefined index: _order C:\wamp64\www\discuz\App\Runtime\Cache\Admin\de455b31efde61018767f5c2db420c0b.php 第 42 行.
NOTIC: [8] Undefined variable: numPerPage C:\wamp64\www\discuz\App\Runtime\Cache\Admin\de455b31efde61018767f5c2db420c0b.php 第 62 行.
NOTIC: [8] Undefined variable: numPerPage C:\wamp64\www\discuz\App\Runtime\Cache\Admin\de455b31efde61018767f5c2db420c0b.php 第 63 行.
NOTIC: [8] Undefined variable: numPerPage C:\wamp64\www\discuz\App\Runtime\Cache\Admin\de455b31efde61018767f5c2db420c0b.php 第 64 行.
NOTIC: [8] Undefined variable: numPerPage C:\wamp64\www\discuz\App\Runtime\Cache\Admin\de455b31efde61018767f5c2db420c0b.php 第 65 行.
NOTIC: [8] Undefined variable: numPerPage C:\wamp64\www\discuz\App\Runtime\Cache\Admin\de455b31efde61018767f5c2db420c0b.php 第 66 行.
NOTIC: [8] Undefined variable: totalCount C:\wamp64\www\discuz\App\Runtime\Cache\Admin\de455b31efde61018767f5c2db420c0b.php 第 68 行.
NOTIC: [8] Undefined variable: totalCount C:\wamp64\www\discuz\App\Runtime\Cache\Admin\de455b31efde61018767f5c2db420c0b.php 第 70 行.
NOTIC: [8] Undefined variable: numPerPage C:\wamp64\www\discuz\App\Runtime\Cache\Admin\de455b31efde61018767f5c2db420c0b.php 第 70 行.
NOTIC: [8] Undefined variable: currentPage C:\wamp64\www\discuz\App\Runtime\Cache\Admin\de455b31efde61018767f5c2db420c0b.php 第 70 行.
INFO: Run Behavior\ParseTemplateBehavior [ RunTime:0.009001s ]
INFO: [ view_parse ] --END-- [ RunTime:0.009001s ]
INFO: [ view_filter ] --START--
INFO: Run Behavior\WriteHtmlCacheBehavior [ RunTime:0.001000s ]
INFO: [ view_filter ] --END-- [ RunTime:0.001000s ]
INFO: [ app_end ] --START--
INFO: Run Behavior\ShowPageTraceBehavior [ RunTime:0.000000s ]
INFO: [ app_end ] --END-- [ RunTime:0.000000s ]

[ 2016-07-07T11:53:59+08:00 ] ::1 /discuz/index.php/Admin/Topic/index?_=1467863638933
INFO: [ app_begin ] --START--
INFO: Run Behavior\ReadHtmlCacheBehavior [ RunTime:0.001000s ]
INFO: [ app_begin ] --END-- [ RunTime:0.001000s ]
SQL: SHOW COLUMNS FROM `topic` [ RunTime:0.0020s ]
SQL: SELECT * FROM `topic`  [ RunTime:0.0000s ]
INFO: [ view_parse ] --START--
INFO: [ template_filter ] --START--
INFO: Run Behavior\ContentReplaceBehavior [ RunTime:0.000000s ]
INFO: [ template_filter ] --END-- [ RunTime:0.000000s ]
NOTIC: [8] Undefined variable: numPerPage C:\wamp64\www\discuz\App\Runtime\Cache\Admin\de455b31efde61018767f5c2db420c0b.php 第 3 行.
NOTIC: [8] Undefined index: _order C:\wamp64\www\discuz\App\Runtime\Cache\Admin\de455b31efde61018767f5c2db420c0b.php 第 4 行.
NOTIC: [8] Undefined index: _sort C:\wamp64\www\discuz\App\Runtime\Cache\Admin\de455b31efde61018767f5c2db420c0b.php 第 5 行.
NOTIC: [8] Undefined variable: numPerPage C:\wamp64\www\discuz\App\Runtime\Cache\Admin\de455b31efde61018767f5c2db420c0b.php 第 9 行.
NOTIC: [8] Undefined index: keyword C:\wamp64\www\discuz\App\Runtime\Cache\Admin\de455b31efde61018767f5c2db420c0b.php 第 14 行.
NOTIC: [8] Undefined index: classid C:\wamp64\www\discuz\App\Runtime\Cache\Admin\de455b31efde61018767f5c2db420c0b.php 第 15 行.
NOTIC: [8] Undefined index: _order C:\wamp64\www\discuz\App\Runtime\Cache\Admin\de455b31efde61018767f5c2db420c0b.php 第 40 行.
NOTIC: [8] Undefined index: _order C:\wamp64\www\discuz\App\Runtime\Cache\Admin\de455b31efde61018767f5c2db420c0b.php 第 42 行.
NOTIC: [8] Undefined variable: numPerPage C:\wamp64\www\discuz\App\Runtime\Cache\Admin\de455b31efde61018767f5c2db420c0b.php 第 62 行.
NOTIC: [8] Undefined variable: numPerPage C:\wamp64\www\discuz\App\Runtime\Cache\Admin\de455b31efde61018767f5c2db420c0b.php 第 63 行.
NOTIC: [8] Undefined variable: numPerPage C:\wamp64\www\discuz\App\Runtime\Cache\Admin\de455b31efde61018767f5c2db420c0b.php 第 64 行.
NOTIC: [8] Undefined variable: numPerPage C:\wamp64\www\discuz\App\Runtime\Cache\Admin\de455b31efde61018767f5c2db420c0b.php 第 65 行.
NOTIC: [8] Undefined variable: numPerPage C:\wamp64\www\discuz\App\Runtime\Cache\Admin\de455b31efde61018767f5c2db420c0b.php 第 66 行.
NOTIC: [8] Undefined variable: totalCount C:\wamp64\www\discuz\App\Runtime\Cache\Admin\de455b31efde61018767f5c2db420c0b.php 第 68 行.
NOTIC: [8] Undefined variable: totalCount C:\wamp64\www\discuz\App\Runtime\Cache\Admin\de455b31efde61018767f5c2db420c0b.php 第 70 行.
NOTIC: [8] Undefined variable: numPerPage C:\wamp64\www\discuz\App\Runtime\Cache\Admin\de455b31efde61018767f5c2db420c0b.php 第 70 行.
NOTIC: [8] Undefined variable: currentPage C:\wamp64\www\discuz\App\Runtime\Cache\Admin\de455b31efde61018767f5c2db420c0b.php 第 70 行.
INFO: Run Behavior\ParseTemplateBehavior [ RunTime:0.009000s ]
INFO: [ view_parse ] --END-- [ RunTime:0.009000s ]
INFO: [ view_filter ] --START--
INFO: Run Behavior\WriteHtmlCacheBehavior [ RunTime:0.001001s ]
INFO: [ view_filter ] --END-- [ RunTime:0.001001s ]
INFO: [ app_end ] --START--
INFO: Run Behavior\ShowPageTraceBehavior [ RunTime:0.001000s ]
INFO: [ app_end ] --END-- [ RunTime:0.001000s ]

[ 2016-07-07T11:58:08+08:00 ] ::1 /discuz/index.php/Admin/Topic/index?_=1467863887943
INFO: [ app_begin ] --START--
INFO: Run Behavior\ReadHtmlCacheBehavior [ RunTime:0.001000s ]
INFO: [ app_begin ] --END-- [ RunTime:0.001000s ]
SQL: SHOW COLUMNS FROM `topic` [ RunTime:0.0020s ]
SQL: SELECT * FROM `topic`  [ RunTime:0.0010s ]
INFO: [ view_parse ] --START--
INFO: [ template_filter ] --START--
INFO: Run Behavior\ContentReplaceBehavior [ RunTime:0.000000s ]
INFO: [ template_filter ] --END-- [ RunTime:0.001000s ]
NOTIC: [8] Undefined variable: numPerPage C:\wamp64\www\discuz\App\Runtime\Cache\Admin\de455b31efde61018767f5c2db420c0b.php 第 3 行.
NOTIC: [8] Undefined index: _order C:\wamp64\www\discuz\App\Runtime\Cache\Admin\de455b31efde61018767f5c2db420c0b.php 第 4 行.
NOTIC: [8] Undefined index: _sort C:\wamp64\www\discuz\App\Runtime\Cache\Admin\de455b31efde61018767f5c2db420c0b.php 第 5 行.
NOTIC: [8] Undefined variable: numPerPage C:\wamp64\www\discuz\App\Runtime\Cache\Admin\de455b31efde61018767f5c2db420c0b.php 第 9 行.
NOTIC: [8] Undefined index: keyword C:\wamp64\www\discuz\App\Runtime\Cache\Admin\de455b31efde61018767f5c2db420c0b.php 第 14 行.
NOTIC: [8] Undefined index: classid C:\wamp64\www\discuz\App\Runtime\Cache\Admin\de455b31efde61018767f5c2db420c0b.php 第 15 行.
NOTIC: [8] Undefined index: _order C:\wamp64\www\discuz\App\Runtime\Cache\Admin\de455b31efde61018767f5c2db420c0b.php 第 40 行.
NOTIC: [8] Undefined index: _order C:\wamp64\www\discuz\App\Runtime\Cache\Admin\de455b31efde61018767f5c2db420c0b.php 第 42 行.
NOTIC: [8] Undefined variable: numPerPage C:\wamp64\www\discuz\App\Runtime\Cache\Admin\de455b31efde61018767f5c2db420c0b.php 第 62 行.
NOTIC: [8] Undefined variable: numPerPage C:\wamp64\www\discuz\App\Runtime\Cache\Admin\de455b31efde61018767f5c2db420c0b.php 第 63 行.
NOTIC: [8] Undefined variable: numPerPage C:\wamp64\www\discuz\App\Runtime\Cache\Admin\de455b31efde61018767f5c2db420c0b.php 第 64 行.
NOTIC: [8] Undefined variable: numPerPage C:\wamp64\www\discuz\App\Runtime\Cache\Admin\de455b31efde61018767f5c2db420c0b.php 第 65 行.
NOTIC: [8] Undefined variable: numPerPage C:\wamp64\www\discuz\App\Runtime\Cache\Admin\de455b31efde61018767f5c2db420c0b.php 第 66 行.
NOTIC: [8] Undefined variable: totalCount C:\wamp64\www\discuz\App\Runtime\Cache\Admin\de455b31efde61018767f5c2db420c0b.php 第 68 行.
NOTIC: [8] Undefined variable: totalCount C:\wamp64\www\discuz\App\Runtime\Cache\Admin\de455b31efde61018767f5c2db420c0b.php 第 70 行.
NOTIC: [8] Undefined variable: numPerPage C:\wamp64\www\discuz\App\Runtime\Cache\Admin\de455b31efde61018767f5c2db420c0b.php 第 70 行.
NOTIC: [8] Undefined variable: currentPage C:\wamp64\www\discuz\App\Runtime\Cache\Admin\de455b31efde61018767f5c2db420c0b.php 第 70 行.
INFO: Run Behavior\ParseTemplateBehavior [ RunTime:0.009000s ]
INFO: [ view_parse ] --END-- [ RunTime:0.009000s ]
INFO: [ view_filter ] --START--
INFO: Run Behavior\WriteHtmlCacheBehavior [ RunTime:0.000000s ]
INFO: [ view_filter ] --END-- [ RunTime:0.000000s ]
INFO: [ app_end ] --START--
INFO: Run Behavior\ShowPageTraceBehavior [ RunTime:0.001000s ]
INFO: [ app_end ] --END-- [ RunTime:0.001000s ]

[ 2016-07-07T11:59:54+08:00 ] ::1 /discuz/index.php/Admin/Topic/index?_=1467863994097
INFO: [ app_begin ] --START--
INFO: Run Behavior\ReadHtmlCacheBehavior [ RunTime:0.000000s ]
INFO: [ app_begin ] --END-- [ RunTime:0.000000s ]
SQL: SHOW COLUMNS FROM `topic` [ RunTime:0.0030s ]
SQL: SELECT * FROM `topic`  [ RunTime:0.0000s ]
INFO: [ view_parse ] --START--
INFO: [ template_filter ] --START--
INFO: Run Behavior\ContentReplaceBehavior [ RunTime:0.000000s ]
INFO: [ template_filter ] --END-- [ RunTime:0.001000s ]
NOTIC: [8] Undefined variable: numPerPage C:\wamp64\www\discuz\App\Runtime\Cache\Admin\de455b31efde61018767f5c2db420c0b.php 第 3 行.
NOTIC: [8] Undefined index: _order C:\wamp64\www\discuz\App\Runtime\Cache\Admin\de455b31efde61018767f5c2db420c0b.php 第 4 行.
NOTIC: [8] Undefined index: _sort C:\wamp64\www\discuz\App\Runtime\Cache\Admin\de455b31efde61018767f5c2db420c0b.php 第 5 行.
NOTIC: [8] Undefined variable: numPerPage C:\wamp64\www\discuz\App\Runtime\Cache\Admin\de455b31efde61018767f5c2db420c0b.php 第 9 行.
NOTIC: [8] Undefined index: keyword C:\wamp64\www\discuz\App\Runtime\Cache\Admin\de455b31efde61018767f5c2db420c0b.php 第 14 行.
NOTIC: [8] Undefined index: classid C:\wamp64\www\discuz\App\Runtime\Cache\Admin\de455b31efde61018767f5c2db420c0b.php 第 15 行.
NOTIC: [8] Undefined index: _order C:\wamp64\www\discuz\App\Runtime\Cache\Admin\de455b31efde61018767f5c2db420c0b.php 第 40 行.
NOTIC: [8] Undefined index: _order C:\wamp64\www\discuz\App\Runtime\Cache\Admin\de455b31efde61018767f5c2db420c0b.php 第 42 行.
NOTIC: [8] Undefined variable: numPerPage C:\wamp64\www\discuz\App\Runtime\Cache\Admin\de455b31efde61018767f5c2db420c0b.php 第 62 行.
NOTIC: [8] Undefined variable: numPerPage C:\wamp64\www\discuz\App\Runtime\Cache\Admin\de455b31efde61018767f5c2db420c0b.php 第 63 行.
NOTIC: [8] Undefined variable: numPerPage C:\wamp64\www\discuz\App\Runtime\Cache\Admin\de455b31efde61018767f5c2db420c0b.php 第 64 行.
NOTIC: [8] Undefined variable: numPerPage C:\wamp64\www\discuz\App\Runtime\Cache\Admin\de455b31efde61018767f5c2db420c0b.php 第 65 行.
NOTIC: [8] Undefined variable: numPerPage C:\wamp64\www\discuz\App\Runtime\Cache\Admin\de455b31efde61018767f5c2db420c0b.php 第 66 行.
NOTIC: [8] Undefined variable: totalCount C:\wamp64\www\discuz\App\Runtime\Cache\Admin\de455b31efde61018767f5c2db420c0b.php 第 68 行.
NOTIC: [8] Undefined variable: totalCount C:\wamp64\www\discuz\App\Runtime\Cache\Admin\de455b31efde61018767f5c2db420c0b.php 第 70 行.
NOTIC: [8] Undefined variable: numPerPage C:\wamp64\www\discuz\App\Runtime\Cache\Admin\de455b31efde61018767f5c2db420c0b.php 第 70 行.
NOTIC: [8] Undefined variable: currentPage C:\wamp64\www\discuz\App\Runtime\Cache\Admin\de455b31efde61018767f5c2db420c0b.php 第 70 行.
INFO: Run Behavior\ParseTemplateBehavior [ RunTime:0.009000s ]
INFO: [ view_parse ] --END-- [ RunTime:0.009000s ]
INFO: [ view_filter ] --START--
INFO: Run Behavior\WriteHtmlCacheBehavior [ RunTime:0.001000s ]
INFO: [ view_filter ] --END-- [ RunTime:0.001000s ]
INFO: [ app_end ] --START--
INFO: Run Behavior\ShowPageTraceBehavior [ RunTime:0.000000s ]
INFO: [ app_end ] --END-- [ RunTime:0.000000s ]

[ 2016-07-07T12:28:38+08:00 ] ::1 /discuz/index.php/Admin/Topic/add?_=1467865718050
INFO: [ app_begin ] --START--
INFO: Run Behavior\ReadHtmlCacheBehavior [ RunTime:0.005001s ]
INFO: [ app_begin ] --END-- [ RunTime:0.005001s ]
INFO: [ view_parse ] --START--
INFO: [ template_filter ] --START--
INFO: Run Behavior\ContentReplaceBehavior [ RunTime:0.001001s ]
INFO: [ template_filter ] --END-- [ RunTime:0.001001s ]
INFO: Run Behavior\ParseTemplateBehavior [ RunTime:0.014001s ]
INFO: [ view_parse ] --END-- [ RunTime:0.014001s ]
INFO: [ view_filter ] --START--
INFO: Run Behavior\WriteHtmlCacheBehavior [ RunTime:0.001000s ]
INFO: [ view_filter ] --END-- [ RunTime:0.001000s ]
INFO: [ app_end ] --START--
INFO: Run Behavior\ShowPageTraceBehavior [ RunTime:0.000000s ]
INFO: [ app_end ] --END-- [ RunTime:0.000000s ]

[ 2016-07-07T12:28:39+08:00 ] ::1 /discuz/index.php/Admin/Topic/index?_=1467865719229
INFO: [ app_begin ] --START--
INFO: Run Behavior\ReadHtmlCacheBehavior [ RunTime:0.005000s ]
INFO: [ app_begin ] --END-- [ RunTime:0.006000s ]
SQL: SHOW COLUMNS FROM `topic` [ RunTime:0.0010s ]
SQL: SELECT * FROM `topic`  [ RunTime:0.0010s ]
INFO: [ view_parse ] --START--
INFO: [ template_filter ] --START--
INFO: Run Behavior\ContentReplaceBehavior [ RunTime:0.000000s ]
INFO: [ template_filter ] --END-- [ RunTime:0.000000s ]
NOTIC: [8] Undefined variable: numPerPage C:\wamp64\www\discuz\App\Runtime\Cache\Admin\de455b31efde61018767f5c2db420c0b.php 第 3 行.
NOTIC: [8] Undefined index: _order C:\wamp64\www\discuz\App\Runtime\Cache\Admin\de455b31efde61018767f5c2db420c0b.php 第 4 行.
NOTIC: [8] Undefined index: _sort C:\wamp64\www\discuz\App\Runtime\Cache\Admin\de455b31efde61018767f5c2db420c0b.php 第 5 行.
NOTIC: [8] Undefined variable: numPerPage C:\wamp64\www\discuz\App\Runtime\Cache\Admin\de455b31efde61018767f5c2db420c0b.php 第 9 行.
NOTIC: [8] Undefined index: keyword C:\wamp64\www\discuz\App\Runtime\Cache\Admin\de455b31efde61018767f5c2db420c0b.php 第 14 行.
NOTIC: [8] Undefined index: classid C:\wamp64\www\discuz\App\Runtime\Cache\Admin\de455b31efde61018767f5c2db420c0b.php 第 15 行.
NOTIC: [8] Undefined index: _order C:\wamp64\www\discuz\App\Runtime\Cache\Admin\de455b31efde61018767f5c2db420c0b.php 第 40 行.
NOTIC: [8] Undefined index: _order C:\wamp64\www\discuz\App\Runtime\Cache\Admin\de455b31efde61018767f5c2db420c0b.php 第 42 行.
NOTIC: [8] Undefined variable: numPerPage C:\wamp64\www\discuz\App\Runtime\Cache\Admin\de455b31efde61018767f5c2db420c0b.php 第 62 行.
NOTIC: [8] Undefined variable: numPerPage C:\wamp64\www\discuz\App\Runtime\Cache\Admin\de455b31efde61018767f5c2db420c0b.php 第 63 行.
NOTIC: [8] Undefined variable: numPerPage C:\wamp64\www\discuz\App\Runtime\Cache\Admin\de455b31efde61018767f5c2db420c0b.php 第 64 行.
NOTIC: [8] Undefined variable: numPerPage C:\wamp64\www\discuz\App\Runtime\Cache\Admin\de455b31efde61018767f5c2db420c0b.php 第 65 行.
NOTIC: [8] Undefined variable: numPerPage C:\wamp64\www\discuz\App\Runtime\Cache\Admin\de455b31efde61018767f5c2db420c0b.php 第 66 行.
NOTIC: [8] Undefined variable: totalCount C:\wamp64\www\discuz\App\Runtime\Cache\Admin\de455b31efde61018767f5c2db420c0b.php 第 68 行.
NOTIC: [8] Undefined variable: totalCount C:\wamp64\www\discuz\App\Runtime\Cache\Admin\de455b31efde61018767f5c2db420c0b.php 第 70 行.
NOTIC: [8] Undefined variable: numPerPage C:\wamp64\www\discuz\App\Runtime\Cache\Admin\de455b31efde61018767f5c2db420c0b.php 第 70 行.
NOTIC: [8] Undefined variable: currentPage C:\wamp64\www\discuz\App\Runtime\Cache\Admin\de455b31efde61018767f5c2db420c0b.php 第 70 行.
INFO: Run Behavior\ParseTemplateBehavior [ RunTime:0.011001s ]
INFO: [ view_parse ] --END-- [ RunTime:0.011001s ]
INFO: [ view_filter ] --START--
INFO: Run Behavior\WriteHtmlCacheBehavior [ RunTime:0.001000s ]
INFO: [ view_filter ] --END-- [ RunTime:0.001000s ]
INFO: [ app_end ] --START--
INFO: Run Behavior\ShowPageTraceBehavior [ RunTime:0.001000s ]
INFO: [ app_end ] --END-- [ RunTime:0.001000s ]

[ 2016-07-07T12:43:44+08:00 ] ::1 /discuz/index.php/Admin/Grade/index?_=1467866624150
INFO: [ app_begin ] --START--
INFO: Run Behavior\ReadHtmlCacheBehavior [ RunTime:0.001000s ]
INFO: [ app_begin ] --END-- [ RunTime:0.002000s ]
ERR: 无法加载控制器:Grade

[ 2016-07-07T12:43:51+08:00 ] ::1 /discuz/index.php/Admin/Topic/index?_=1467866631845
INFO: [ app_begin ] --START--
INFO: Run Behavior\ReadHtmlCacheBehavior [ RunTime:0.001000s ]
INFO: [ app_begin ] --END-- [ RunTime:0.001000s ]
SQL: SHOW COLUMNS FROM `topic` [ RunTime:0.0020s ]
SQL: SELECT * FROM `topic`  [ RunTime:0.0040s ]
INFO: [ view_parse ] --START--
INFO: [ template_filter ] --START--
INFO: Run Behavior\ContentReplaceBehavior [ RunTime:0.000000s ]
INFO: [ template_filter ] --END-- [ RunTime:0.000000s ]
NOTIC: [8] Undefined variable: numPerPage C:\wamp64\www\discuz\App\Runtime\Cache\Admin\de455b31efde61018767f5c2db420c0b.php 第 3 行.
NOTIC: [8] Undefined index: _order C:\wamp64\www\discuz\App\Runtime\Cache\Admin\de455b31efde61018767f5c2db420c0b.php 第 4 行.
NOTIC: [8] Undefined index: _sort C:\wamp64\www\discuz\App\Runtime\Cache\Admin\de455b31efde61018767f5c2db420c0b.php 第 5 行.
NOTIC: [8] Undefined variable: numPerPage C:\wamp64\www\discuz\App\Runtime\Cache\Admin\de455b31efde61018767f5c2db420c0b.php 第 9 行.
NOTIC: [8] Undefined index: keyword C:\wamp64\www\discuz\App\Runtime\Cache\Admin\de455b31efde61018767f5c2db420c0b.php 第 14 行.
NOTIC: [8] Undefined index: classid C:\wamp64\www\discuz\App\Runtime\Cache\Admin\de455b31efde61018767f5c2db420c0b.php 第 15 行.
NOTIC: [8] Undefined index: _order C:\wamp64\www\discuz\App\Runtime\Cache\Admin\de455b31efde61018767f5c2db420c0b.php 第 40 行.
NOTIC: [8] Undefined index: _order C:\wamp64\www\discuz\App\Runtime\Cache\Admin\de455b31efde61018767f5c2db420c0b.php 第 42 行.
NOTIC: [8] Undefined variable: numPerPage C:\wamp64\www\discuz\App\Runtime\Cache\Admin\de455b31efde61018767f5c2db420c0b.php 第 62 行.
NOTIC: [8] Undefined variable: numPerPage C:\wamp64\www\discuz\App\Runtime\Cache\Admin\de455b31efde61018767f5c2db420c0b.php 第 63 行.
NOTIC: [8] Undefined variable: numPerPage C:\wamp64\www\discuz\App\Runtime\Cache\Admin\de455b31efde61018767f5c2db420c0b.php 第 64 行.
NOTIC: [8] Undefined variable: numPerPage C:\wamp64\www\discuz\App\Runtime\Cache\Admin\de455b31efde61018767f5c2db420c0b.php 第 65 行.
NOTIC: [8] Undefined variable: numPerPage C:\wamp64\www\discuz\App\Runtime\Cache\Admin\de455b31efde61018767f5c2db420c0b.php 第 66 行.
NOTIC: [8] Undefined variable: totalCount C:\wamp64\www\discuz\App\Runtime\Cache\Admin\de455b31efde61018767f5c2db420c0b.php 第 68 行.
NOTIC: [8] Undefined variable: totalCount C:\wamp64\www\discuz\App\Runtime\Cache\Admin\de455b31efde61018767f5c2db420c0b.php 第 70 行.
NOTIC: [8] Undefined variable: numPerPage C:\wamp64\www\discuz\App\Runtime\Cache\Admin\de455b31efde61018767f5c2db420c0b.php 第 70 行.
NOTIC: [8] Undefined variable: currentPage C:\wamp64\www\discuz\App\Runtime\Cache\Admin\de455b31efde61018767f5c2db420c0b.php 第 70 行.
INFO: Run Behavior\ParseTemplateBehavior [ RunTime:0.008001s ]
INFO: [ view_parse ] --END-- [ RunTime:0.008001s ]
INFO: [ view_filter ] --START--
INFO: Run Behavior\WriteHtmlCacheBehavior [ RunTime:0.001000s ]
INFO: [ view_filter ] --END-- [ RunTime:0.001000s ]
INFO: [ app_end ] --START--
INFO: Run Behavior\ShowPageTraceBehavior [ RunTime:0.000000s ]
INFO: [ app_end ] --END-- [ RunTime:0.000000s ]

[ 2016-07-07T15:54:00+08:00 ] ::1 /discuz/index.php/Admin/Index/assets/css/font-awesome.min.css
ERR: 非法操作:assets

[ 2016-07-07T15:54:00+08:00 ] ::1 /discuz/index.php/Admin/Index/assets/css/ace-skins.min.css
ERR: 非法操作:assets

[ 2016-07-07T15:54:00+08:00 ] ::1 /discuz/index.php/Admin/Index/assets/css/ace-rtl.min.css
ERR: 非法操作:assets

[ 2016-07-07T15:54:00+08:00 ] ::1 /discuz/index.php/Admin/Index/assets/css/ace.min.css
ERR: 非法操作:assets

[ 2016-07-07T15:54:00+08:00 ] ::1 /discuz/index.php/Admin/Index/assets/js/ace-extra.min.js
ERR: 非法操作:assets

[ 2016-07-07T15:54:00+08:00 ] ::1 /discuz/index.php/Admin/Index/assets/css/bootstrap.min.css
ERR: 非法操作:assets

[ 2016-07-07T15:54:00+08:00 ] ::1 /discuz/index.php/Admin/Index/assets/js/bootstrap.min.js
ERR: 非法操作:assets

[ 2016-07-07T15:54:00+08:00 ] ::1 /discuz/index.php/Admin/Index/assets/js/jquery-ui-1.10.3.custom.min.js
ERR: 非法操作:assets

[ 2016-07-07T15:54:00+08:00 ] ::1 /discuz/index.php/Admin/Index/assets/js/jquery.ui.touch-punch.min.js
ERR: 非法操作:assets

[ 2016-07-07T15:54:00+08:00 ] ::1 /discuz/index.php/Admin/Index/assets/js/jquery.sparkline.min.js
ERR: 非法操作:assets

[ 2016-07-07T15:54:00+08:00 ] ::1 /discuz/index.php/Admin/Index/assets/js/typeahead-bs2.min.js
ERR: 非法操作:assets

[ 2016-07-07T15:54:00+08:00 ] ::1 /discuz/index.php/Admin/Index/assets/js/flot/jquery.flot.min.js
ERR: 非法操作:assets

[ 2016-07-07T15:54:00+08:00 ] ::1 /discuz/index.php/Admin/Index/assets/js/flot/jquery.flot.pie.min.js
ERR: 非法操作:assets

[ 2016-07-07T15:54:00+08:00 ] ::1 /discuz/index.php/Admin/Index/assets/js/jquery.slimscroll.min.js
ERR: 非法操作:assets

[ 2016-07-07T15:54:00+08:00 ] ::1 /discuz/index.php/Admin/Index/assets/js/flot/jquery.flot.resize.min.js
ERR: 非法操作:assets

[ 2016-07-07T15:54:00+08:00 ] ::1 /discuz/index.php/Admin/Index/assets/js/ace.min.js
ERR: 非法操作:assets

[ 2016-07-07T15:54:00+08:00 ] ::1 /discuz/index.php/Admin/Index/assets/js/ace-elements.min.js
ERR: 非法操作:assets

[ 2016-07-07T15:54:00+08:00 ] ::1 /discuz/index.php/Admin/Index/assets/js/jquery.easy-pie-chart.min.js
ERR: 非法操作:assets

[ 2016-07-07T15:54:00+08:00 ] ::1 /discuz/index.php/Admin/Index/assets/js/bootstrap.min.js
ERR: 非法操作:assets

[ 2016-07-07T15:54:00+08:00 ] ::1 /discuz/index.php/Admin/Index/assets/js/typeahead-bs2.min.js
ERR: 非法操作:assets

[ 2016-07-07T15:54:00+08:00 ] ::1 /discuz/index.php/Admin/Index/assets/js/jquery-ui-1.10.3.custom.min.js
ERR: 非法操作:assets

[ 2016-07-07T15:54:00+08:00 ] ::1 /discuz/index.php/Admin/Index/assets/js/jquery.ui.touch-punch.min.js
ERR: 非法操作:assets

[ 2016-07-07T15:54:00+08:00 ] ::1 /discuz/index.php/Admin/Index/assets/js/jquery.slimscroll.min.js
ERR: 非法操作:assets

[ 2016-07-07T15:54:00+08:00 ] ::1 /discuz/index.php/Admin/Index/assets/js/jquery.easy-pie-chart.min.js
ERR: 非法操作:assets

[ 2016-07-07T15:54:00+08:00 ] ::1 /discuz/index.php/Admin/Index/assets/js/jquery.sparkline.min.js
ERR: 非法操作:assets

[ 2016-07-07T15:54:00+08:00 ] ::1 /discuz/index.php/Admin/Index/assets/js/flot/jquery.flot.min.js
ERR: 非法操作:assets

[ 2016-07-07T15:54:00+08:00 ] ::1 /discuz/index.php/Admin/Index/assets/js/flot/jquery.flot.pie.min.js
ERR: 非法操作:assets

[ 2016-07-07T15:54:00+08:00 ] ::1 /discuz/index.php/Admin/Index/assets/js/flot/jquery.flot.resize.min.js
ERR: 非法操作:assets

[ 2016-07-07T15:54:00+08:00 ] ::1 /discuz/index.php/Admin/Index/assets/js/ace-elements.min.js
ERR: 非法操作:assets

[ 2016-07-07T15:54:00+08:00 ] ::1 /discuz/index.php/Admin/Index/assets/js/ace.min.js
ERR: 非法操作:assets

[ 2016-07-07T16:00:32+08:00 ] ::1 /discuz/index.php/Admin/tables.html
ERR: 无法加载控制器:Tables

[ 2016-07-07T16:02:11+08:00 ] ::1 /discuz/index.php/Admin/Index/typography.html
ERR: 非法操作:typography

[ 2016-07-07T16:13:50+08:00 ] ::1 /discuz/index.php/Admin/tables.html
ERR: 无法加载控制器:Tables

[ 2016-07-07T16:15:18+08:00 ] ::1 /discuz/index.php/Admin/typography.html
ERR: 无法加载控制器:Typography

[ 2016-07-07T16:20:16+08:00 ] ::1 /discuz/index.php/Admin/tables.html
ERR: 无法加载控制器:Tables

[ 2016-07-07T16:23:32+08:00 ] ::1 /discuz/index.php/Admin/default.html
ERR: 无法加载控制器:Default

[ 2016-07-07T16:24:01+08:00 ] ::1 /discuz/index.php/Admin/default.html
ERR: 无法加载控制器:Default

[ 2016-07-07T16:24:57+08:00 ] ::1 /discuz/index.php/Admin/default.html
ERR: 无法加载控制器:Default

[ 2016-07-07T16:24:58+08:00 ] ::1 /discuz/index.php/Admin/default.html
ERR: 无法加载控制器:Default

[ 2016-07-07T16:25:04+08:00 ] ::1 /discuz/index.php/Admin/tables.html
ERR: 无法加载控制器:Tables

[ 2016-07-07T16:25:07+08:00 ] ::1 /discuz/index.php/Admin/default.html
ERR: 无法加载控制器:Default

[ 2016-07-07T16:25:32+08:00 ] ::1 /discuz/index.php/Admin/default.html
ERR: 无法加载控制器:Default

[ 2016-07-07T16:25:40+08:00 ] ::1 /discuz/index.php/Admin/tables.html
ERR: 无法加载控制器:Tables

[ 2016-07-07T16:26:01+08:00 ] ::1 /discuz/index.php/Admin/default.html
ERR: 无法加载控制器:Default

[ 2016-07-07T16:26:07+08:00 ] ::1 /discuz/index.php/Admin/tables.html
ERR: 无法加载控制器:Tables

[ 2016-07-07T16:29:05+08:00 ] ::1 /discuz/index.php/Admin/tables.html
ERR: 无法加载控制器:Tables

[ 2016-07-07T16:33:18+08:00 ] ::1 /discuz/index.php/Admin/Topic/assets/css/bootstrap.min.css
ERR: 非法操作:assets

[ 2016-07-07T16:33:18+08:00 ] ::1 /discuz/index.php/Admin/Topic/assets/css/font-awesome.min.css
ERR: 非法操作:assets

[ 2016-07-07T16:33:18+08:00 ] ::1 /discuz/index.php/Admin/Topic/assets/css/ace-rtl.min.css
ERR: 非法操作:assets

[ 2016-07-07T16:33:18+08:00 ] ::1 /discuz/index.php/Admin/Topic/assets/css/ace-skins.min.css
ERR: 非法操作:assets

[ 2016-07-07T16:33:18+08:00 ] ::1 /discuz/index.php/Admin/Topic/assets/css/ace.min.css
ERR: 非法操作:assets

[ 2016-07-07T16:33:18+08:00 ] ::1 /discuz/index.php/Admin/Topic/assets/js/typeahead-bs2.min.js
ERR: 非法操作:assets

[ 2016-07-07T16:33:18+08:00 ] ::1 /discuz/index.php/Admin/Topic/assets/js/ace-extra.min.js
ERR: 非法操作:assets

[ 2016-07-07T16:33:18+08:00 ] ::1 /discuz/index.php/Admin/Topic/assets/js/jquery.dataTables.min.js
ERR: 非法操作:assets

[ 2016-07-07T16:33:18+08:00 ] ::1 /discuz/index.php/Admin/Topic/assets/js/bootstrap.min.js
ERR: 非法操作:assets

[ 2016-07-07T16:33:18+08:00 ] ::1 /discuz/index.php/Admin/Topic/assets/js/jquery.dataTables.bootstrap.js
ERR: 非法操作:assets

[ 2016-07-07T16:33:18+08:00 ] ::1 /discuz/index.php/Admin/Topic/assets/js/ace-elements.min.js
ERR: 非法操作:assets

[ 2016-07-07T16:33:18+08:00 ] ::1 /discuz/index.php/Admin/Topic/assets/js/ace.min.js
ERR: 非法操作:assets

[ 2016-07-07T16:33:18+08:00 ] ::1 /discuz/index.php/Admin/Topic/assets/js/bootstrap.min.js
ERR: 非法操作:assets

[ 2016-07-07T16:33:18+08:00 ] ::1 /discuz/index.php/Admin/Topic/assets/js/typeahead-bs2.min.js
ERR: 非法操作:assets

[ 2016-07-07T16:33:18+08:00 ] ::1 /discuz/index.php/Admin/Topic/assets/js/jquery.dataTables.min.js
ERR: 非法操作:assets

[ 2016-07-07T16:33:18+08:00 ] ::1 /discuz/index.php/Admin/Topic/assets/js/jquery.dataTables.bootstrap.js
ERR: 非法操作:assets

[ 2016-07-07T16:33:18+08:00 ] ::1 /discuz/index.php/Admin/Topic/assets/js/ace-elements.min.js
ERR: 非法操作:assets

[ 2016-07-07T16:33:18+08:00 ] ::1 /discuz/index.php/Admin/Topic/assets/js/ace.min.js
ERR: 非法操作:assets

[ 2016-07-07T16:34:16+08:00 ] ::1 /discuz/index.php/Admin/Topic/assets/css/bootstrap.min.css
ERR: 非法操作:assets

[ 2016-07-07T16:34:16+08:00 ] ::1 /discuz/index.php/Admin/Topic/assets/css/font-awesome.min.css
ERR: 非法操作:assets

[ 2016-07-07T16:34:16+08:00 ] ::1 /discuz/index.php/Admin/Topic/assets/css/ace-rtl.min.css
ERR: 非法操作:assets

[ 2016-07-07T16:34:16+08:00 ] ::1 /discuz/index.php/Admin/Topic/assets/css/ace.min.css
ERR: 非法操作:assets

[ 2016-07-07T16:34:16+08:00 ] ::1 /discuz/index.php/Admin/Topic/assets/css/ace-skins.min.css
ERR: 非法操作:assets

[ 2016-07-07T16:34:16+08:00 ] ::1 /discuz/index.php/Admin/Topic/assets/js/typeahead-bs2.min.js
ERR: 非法操作:assets

[ 2016-07-07T16:34:16+08:00 ] ::1 /discuz/index.php/Admin/Topic/assets/js/jquery.dataTables.min.js
ERR: 非法操作:assets

[ 2016-07-07T16:34:16+08:00 ] ::1 /discuz/index.php/Admin/Topic/assets/js/jquery.dataTables.bootstrap.js
ERR: 非法操作:assets

[ 2016-07-07T16:34:16+08:00 ] ::1 /discuz/index.php/Admin/Topic/assets/js/ace-elements.min.js
ERR: 非法操作:assets

[ 2016-07-07T16:34:16+08:00 ] ::1 /discuz/index.php/Admin/Topic/assets/js/ace.min.js
ERR: 非法操作:assets

[ 2016-07-07T16:34:16+08:00 ] ::1 /discuz/index.php/Admin/Topic/assets/js/ace-extra.min.js
ERR: 非法操作:assets

[ 2016-07-07T16:34:16+08:00 ] ::1 /discuz/index.php/Admin/Topic/assets/js/bootstrap.min.js
ERR: 非法操作:assets

[ 2016-07-07T16:34:16+08:00 ] ::1 /discuz/index.php/Admin/Topic/assets/js/bootstrap.min.js
ERR: 非法操作:assets

[ 2016-07-07T16:34:16+08:00 ] ::1 /discuz/index.php/Admin/Topic/assets/js/typeahead-bs2.min.js
ERR: 非法操作:assets

[ 2016-07-07T16:34:16+08:00 ] ::1 /discuz/index.php/Admin/Topic/assets/js/jquery.dataTables.min.js
ERR: 非法操作:assets

[ 2016-07-07T16:34:16+08:00 ] ::1 /discuz/index.php/Admin/Topic/assets/js/jquery.dataTables.bootstrap.js
ERR: 非法操作:assets

[ 2016-07-07T16:34:16+08:00 ] ::1 /discuz/index.php/Admin/Topic/assets/js/ace-elements.min.js
ERR: 非法操作:assets

[ 2016-07-07T16:34:16+08:00 ] ::1 /discuz/index.php/Admin/Topic/assets/js/ace.min.js
ERR: 非法操作:assets

[ 2016-07-07T16:34:29+08:00 ] ::1 /discuz/index.php/Admin/Topic/assets/css/bootstrap.min.css
ERR: 非法操作:assets

[ 2016-07-07T16:34:29+08:00 ] ::1 /discuz/index.php/Admin/Topic/assets/css/font-awesome.min.css
ERR: 非法操作:assets

[ 2016-07-07T16:34:29+08:00 ] ::1 /discuz/index.php/Admin/Topic/assets/css/ace.min.css
ERR: 非法操作:assets

[ 2016-07-07T16:34:29+08:00 ] ::1 /discuz/index.php/Admin/Topic/assets/js/bootstrap.min.js
ERR: 非法操作:assets

[ 2016-07-07T16:34:29+08:00 ] ::1 /discuz/index.php/Admin/Topic/assets/css/ace-rtl.min.css
ERR: 非法操作:assets

[ 2016-07-07T16:34:29+08:00 ] ::1 /discuz/index.php/Admin/Topic/assets/css/ace-skins.min.css
ERR: 非法操作:assets

[ 2016-07-07T16:34:29+08:00 ] ::1 /discuz/index.php/Admin/Topic/assets/js/ace-extra.min.js
ERR: 非法操作:assets

[ 2016-07-07T16:34:29+08:00 ] ::1 /discuz/index.php/Admin/Topic/assets/js/jquery.dataTables.bootstrap.js
ERR: 非法操作:assets

[ 2016-07-07T16:34:29+08:00 ] ::1 /discuz/index.php/Admin/Topic/assets/js/jquery.dataTables.min.js
ERR: 非法操作:assets

[ 2016-07-07T16:34:29+08:00 ] ::1 /discuz/index.php/Admin/Topic/assets/js/ace.min.js
ERR: 非法操作:assets

[ 2016-07-07T16:34:29+08:00 ] ::1 /discuz/index.php/Admin/Topic/assets/js/typeahead-bs2.min.js
ERR: 非法操作:assets

[ 2016-07-07T16:34:29+08:00 ] ::1 /discuz/index.php/Admin/Topic/assets/js/ace-elements.min.js
ERR: 非法操作:assets

[ 2016-07-07T16:34:29+08:00 ] ::1 /discuz/index.php/Admin/Topic/assets/js/bootstrap.min.js
ERR: 非法操作:assets

[ 2016-07-07T16:34:29+08:00 ] ::1 /discuz/index.php/Admin/Topic/assets/js/typeahead-bs2.min.js
ERR: 非法操作:assets

[ 2016-07-07T16:34:29+08:00 ] ::1 /discuz/index.php/Admin/Topic/assets/js/jquery.dataTables.min.js
ERR: 非法操作:assets

[ 2016-07-07T16:34:29+08:00 ] ::1 /discuz/index.php/Admin/Topic/assets/js/jquery.dataTables.bootstrap.js
ERR: 非法操作:assets

[ 2016-07-07T16:34:29+08:00 ] ::1 /discuz/index.php/Admin/Topic/assets/js/ace-elements.min.js
ERR: 非法操作:assets

[ 2016-07-07T16:34:29+08:00 ] ::1 /discuz/index.php/Admin/Topic/assets/js/ace.min.js
ERR: 非法操作:assets

[ 2016-07-07T16:41:54+08:00 ] ::1 /discuz/index.php/Admin/Topic/assets/js/jquery-2.0.3.min.js
ERR: 非法操作:assets

[ 2016-07-07T16:45:02+08:00 ] ::1 /discuz/index.php/Admin/Topic/jqgrid.html
ERR: 非法操作:jqgrid

[ 2016-07-07T16:51:24+08:00 ] ::1 /discuz/index.php/Admin/Topic/jqgrid.html
ERR: 非法操作:jqgrid

[ 2016-07-07T16:51:27+08:00 ] ::1 /discuz/index.php/Admin/Topic/jqgrid.html
ERR: 非法操作:jqgrid

[ 2016-07-07T16:57:56+08:00 ] ::1 /discuz/index.php/Admin/Topic/jqgrid.html
ERR: 非法操作:jqgrid

[ 2016-07-07T17:01:47+08:00 ] ::1 /discuz/index.php/default.html
ERR: 无法加载控制器:Default

[ 2016-07-07T17:04:03+08:00 ] ::1 /discuz/index.php/default.html
ERR: 无法加载控制器:Default

[ 2016-07-07T17:04:17+08:00 ] ::1 /discuz/index.php/Admin/Topic/jqgrid.html
ERR: 非法操作:jqgrid

[ 2016-07-07T18:07:12+08:00 ] ::1 /discuz/index.php/Admin/Index/default.html
ERR: 非法操作:default

[ 2016-07-07T18:07:59+08:00 ] ::1 /discuz/index.php/default.html
ERR: 无法加载控制器:Default

[ 2016-07-07T18:09:23+08:00 ] ::1 /discuz/index.php/Admin/Topic/jqgrid.html
ERR: 非法操作:jqgrid

[ 2016-07-07T18:10:05+08:00 ] ::1 /discuz/index.php/Admin/default.html
ERR: 无法加载控制器:Default

[ 2016-07-07T18:11:42+08:00 ] ::1 /discuz/index.php/Admin/default.html
ERR: 无法加载控制器:Default

[ 2016-07-07T18:25:39+08:00 ] ::1 /discuz/index.php/tables.html
ERR: 无法加载控制器:Tables

[ 2016-07-07T18:29:29+08:00 ] ::1 /discuz/index.php/Admin/Index/Topic/index.html
ERR: 非法操作:Topic

[ 2016-07-07T18:29:57+08:00 ] ::1 /discuz/index.php/Admin/Index/Topic/index.html
ERR: 非法操作:Topic

[ 2016-07-07T18:40:39+08:00 ] ::1 /discuz/index.php/Admin/Topic/jqgrid.html
ERR: 非法操作:jqgrid

[ 2016-07-07T18:42:03+08:00 ] ::1 /discuz/index.php/Admin/Topic/jqgrid.html
ERR: 非法操作:jqgrid

[ 2016-07-07T18:50:14+08:00 ] ::1 /discuz/index.php/Admin/Topic/assets/css/bootstrap.min.css
ERR: 非法操作:assets

[ 2016-07-07T18:50:14+08:00 ] ::1 /discuz/index.php/Admin/Topic/assets/css/font-awesome.min.css
ERR: 非法操作:assets

[ 2016-07-07T18:50:14+08:00 ] ::1 /discuz/index.php/Admin/Topic/assets/css/jquery-ui-1.10.3.custom.min.css
ERR: 非法操作:assets

[ 2016-07-07T18:50:14+08:00 ] ::1 /discuz/index.php/Admin/Topic/assets/css/datepicker.css
ERR: 非法操作:assets

[ 2016-07-07T18:50:14+08:00 ] ::1 /discuz/index.php/Admin/Topic/assets/css/daterangepicker.css
ERR: 非法操作:assets

[ 2016-07-07T18:50:14+08:00 ] ::1 /discuz/index.php/Admin/Topic/assets/css/bootstrap-timepicker.css
ERR: 非法操作:assets

[ 2016-07-07T18:50:14+08:00 ] ::1 /discuz/index.php/Admin/Topic/assets/css/colorpicker.css
ERR: 非法操作:assets

[ 2016-07-07T18:50:14+08:00 ] ::1 /discuz/index.php/Admin/Topic/assets/css/chosen.css
ERR: 非法操作:assets

[ 2016-07-07T18:50:14+08:00 ] ::1 /discuz/index.php/Admin/Topic/assets/css/ace.min.css
ERR: 非法操作:assets

[ 2016-07-07T18:50:14+08:00 ] ::1 /discuz/index.php/Admin/Topic/assets/css/ace-rtl.min.css
ERR: 非法操作:assets

[ 2016-07-07T18:50:14+08:00 ] ::1 /discuz/index.php/Admin/Topic/assets/js/ace-extra.min.js
ERR: 非法操作:assets

[ 2016-07-07T18:50:14+08:00 ] ::1 /discuz/index.php/Admin/Topic/assets/js/bootstrap.min.js
ERR: 非法操作:assets

[ 2016-07-07T18:50:14+08:00 ] ::1 /discuz/index.php/Admin/Topic/assets/js/typeahead-bs2.min.js
ERR: 非法操作:assets

[ 2016-07-07T18:50:14+08:00 ] ::1 /discuz/index.php/Admin/Topic/assets/css/ace-skins.min.css
ERR: 非法操作:assets

[ 2016-07-07T18:50:14+08:00 ] ::1 /discuz/index.php/Admin/Topic/assets/js/jquery-ui-1.10.3.custom.min.js
ERR: 非法操作:assets

[ 2016-07-07T18:50:14+08:00 ] ::1 /discuz/index.php/Admin/Topic/assets/js/jquery.ui.touch-punch.min.js
ERR: 非法操作:assets

[ 2016-07-07T18:50:14+08:00 ] ::1 /discuz/index.php/Admin/Topic/assets/js/chosen.jquery.min.js
ERR: 非法操作:assets

[ 2016-07-07T18:50:14+08:00 ] ::1 /discuz/index.php/Admin/Topic/assets/js/fuelux/fuelux.spinner.min.js
ERR: 非法操作:assets

[ 2016-07-07T18:50:14+08:00 ] ::1 /discuz/index.php/Admin/Topic/assets/js/date-time/bootstrap-datepicker.min.js
ERR: 非法操作:assets

[ 2016-07-07T18:50:14+08:00 ] ::1 /discuz/index.php/Admin/Topic/assets/js/date-time/bootstrap-timepicker.min.js
ERR: 非法操作:assets

[ 2016-07-07T18:50:14+08:00 ] ::1 /discuz/index.php/Admin/Topic/assets/js/date-time/moment.min.js
ERR: 非法操作:assets

[ 2016-07-07T18:50:14+08:00 ] ::1 /discuz/index.php/Admin/Topic/assets/js/bootstrap-colorpicker.min.js
ERR: 非法操作:assets

[ 2016-07-07T18:50:14+08:00 ] ::1 /discuz/index.php/Admin/Topic/assets/js/date-time/daterangepicker.min.js
ERR: 非法操作:assets

[ 2016-07-07T18:50:14+08:00 ] ::1 /discuz/index.php/Admin/Topic/assets/js/jquery.knob.min.js
ERR: 非法操作:assets

[ 2016-07-07T18:50:14+08:00 ] ::1 /discuz/index.php/Admin/Topic/assets/js/jquery.autosize.min.js
ERR: 非法操作:assets

[ 2016-07-07T18:50:14+08:00 ] ::1 /discuz/index.php/Admin/Topic/assets/js/bootstrap-tag.min.js
ERR: 非法操作:assets

[ 2016-07-07T18:50:14+08:00 ] ::1 /discuz/index.php/Admin/Topic/assets/js/jquery.inputlimiter.1.3.1.min.js
ERR: 非法操作:assets

[ 2016-07-07T18:50:14+08:00 ] ::1 /discuz/index.php/Admin/Topic/assets/js/jquery.maskedinput.min.js
ERR: 非法操作:assets

[ 2016-07-07T18:50:14+08:00 ] ::1 /discuz/index.php/Admin/Topic/assets/js/ace-elements.min.js
ERR: 非法操作:assets

[ 2016-07-07T18:50:14+08:00 ] ::1 /discuz/index.php/Admin/Topic/assets/js/ace.min.js
ERR: 非法操作:assets

[ 2016-07-07T18:50:15+08:00 ] ::1 /discuz/index.php/Admin/Topic/assets/js/bootstrap.min.js
ERR: 非法操作:assets

[ 2016-07-07T18:50:15+08:00 ] ::1 /discuz/index.php/Admin/Topic/assets/js/typeahead-bs2.min.js
ERR: 非法操作:assets

[ 2016-07-07T18:50:15+08:00 ] ::1 /discuz/index.php/Admin/Topic/assets/js/jquery-ui-1.10.3.custom.min.js
ERR: 非法操作:assets

[ 2016-07-07T18:50:15+08:00 ] ::1 /discuz/index.php/Admin/Topic/assets/js/jquery.ui.touch-punch.min.js
ERR: 非法操作:assets

[ 2016-07-07T18:50:15+08:00 ] ::1 /discuz/index.php/Admin/Topic/assets/js/chosen.jquery.min.js
ERR: 非法操作:assets

[ 2016-07-07T18:50:15+08:00 ] ::1 /discuz/index.php/Admin/Topic/assets/js/fuelux/fuelux.spinner.min.js
ERR: 非法操作:assets

[ 2016-07-07T18:50:15+08:00 ] ::1 /discuz/index.php/Admin/Topic/assets/js/date-time/bootstrap-datepicker.min.js
ERR: 非法操作:assets

[ 2016-07-07T18:50:15+08:00 ] ::1 /discuz/index.php/Admin/Topic/assets/js/date-time/bootstrap-timepicker.min.js
ERR: 非法操作:assets

[ 2016-07-07T18:50:15+08:00 ] ::1 /discuz/index.php/Admin/Topic/assets/js/date-time/moment.min.js
ERR: 非法操作:assets

[ 2016-07-07T18:50:15+08:00 ] ::1 /discuz/index.php/Admin/Topic/assets/js/date-time/daterangepicker.min.js
ERR: 非法操作:assets

[ 2016-07-07T18:50:15+08:00 ] ::1 /discuz/index.php/Admin/Topic/assets/js/bootstrap-colorpicker.min.js
ERR: 非法操作:assets

[ 2016-07-07T18:50:15+08:00 ] ::1 /discuz/index.php/Admin/Topic/assets/js/jquery.knob.min.js
ERR: 非法操作:assets

[ 2016-07-07T18:50:15+08:00 ] ::1 /discuz/index.php/Admin/Topic/assets/js/jquery.autosize.min.js
ERR: 非法操作:assets

[ 2016-07-07T18:50:15+08:00 ] ::1 /discuz/index.php/Admin/Topic/assets/js/jquery.inputlimiter.1.3.1.min.js
ERR: 非法操作:assets

[ 2016-07-07T18:50:15+08:00 ] ::1 /discuz/index.php/Admin/Topic/assets/js/jquery.maskedinput.min.js
ERR: 非法操作:assets

[ 2016-07-07T18:50:15+08:00 ] ::1 /discuz/index.php/Admin/Topic/assets/js/bootstrap-tag.min.js
ERR: 非法操作:assets

[ 2016-07-07T18:50:15+08:00 ] ::1 /discuz/index.php/Admin/Topic/assets/js/ace-elements.min.js
ERR: 非法操作:assets

[ 2016-07-07T18:50:15+08:00 ] ::1 /discuz/index.php/Admin/Topic/assets/js/ace.min.js
ERR: 非法操作:assets

[ 2016-07-07T18:53:33+08:00 ] ::1 /discuz/index.php/Admin/Topic/assets/js/bootstrap.min.js
ERR: 非法操作:assets

[ 2016-07-07T18:53:33+08:00 ] ::1 /discuz/index.php/Admin/Topic/assets/js/typeahead-bs2.min.js
ERR: 非法操作:assets

[ 2016-07-07T18:53:33+08:00 ] ::1 /discuz/index.php/Admin/Topic/assets/js/bootstrap.min.js
ERR: 非法操作:assets

[ 2016-07-07T18:53:33+08:00 ] ::1 /discuz/index.php/Admin/Topic/assets/js/typeahead-bs2.min.js
ERR: 非法操作:assets

[ 2016-07-07T18:54:33+08:00 ] ::1 /discuz/index.php/Admin/Topic/assets/js/bootstrap.min.js
ERR: 非法操作:assets

[ 2016-07-07T18:54:33+08:00 ] ::1 /discuz/index.php/Admin/Topic/assets/js/typeahead-bs2.min.js
ERR: 非法操作:assets

[ 2016-07-07T18:54:34+08:00 ] ::1 /discuz/index.php/Admin/Topic/assets/js/bootstrap.min.js
ERR: 非法操作:assets

[ 2016-07-07T18:54:34+08:00 ] ::1 /discuz/index.php/Admin/Topic/assets/js/typeahead-bs2.min.js
ERR: 非法操作:assets

[ 2016-07-07T18:55:15+08:00 ] ::1 /discuz/index.php/Admin/Topic/assets/js/bootstrap.min.js
ERR: 非法操作:assets

[ 2016-07-07T18:55:15+08:00 ] ::1 /discuz/index.php/Admin/Topic/assets/js/typeahead-bs2.min.js
ERR: 非法操作:assets

[ 2016-07-07T18:55:15+08:00 ] ::1 /discuz/index.php/Admin/Topic/assets/js/bootstrap.min.js
ERR: 非法操作:assets

[ 2016-07-07T18:55:15+08:00 ] ::1 /discuz/index.php/Admin/Topic/assets/js/typeahead-bs2.min.js
ERR: 非法操作:assets

[ 2016-07-07T18:56:34+08:00 ] ::1 /discuz/index.php/Admin/Topic/assets/js/typeahead-bs2.min.js
ERR: 非法操作:assets

[ 2016-07-07T18:56:34+08:00 ] ::1 /discuz/index.php/Admin/Topic/assets/js/bootstrap.min.js
ERR: 非法操作:assets

[ 2016-07-07T18:56:35+08:00 ] ::1 /discuz/index.php/Admin/Topic/assets/js/bootstrap.min.js
ERR: 非法操作:assets

[ 2016-07-07T18:56:35+08:00 ] ::1 /discuz/index.php/Admin/Topic/assets/js/typeahead-bs2.min.js
ERR: 非法操作:assets

[ 2016-07-07T18:57:02+08:00 ] ::1 /discuz/index.php/Admin/Topic/assets/js/bootstrap.min.js
ERR: 非法操作:assets

[ 2016-07-07T18:57:02+08:00 ] ::1 /discuz/index.php/Admin/Topic/assets/js/typeahead-bs2.min.js
ERR: 非法操作:assets

[ 2016-07-07T18:57:02+08:00 ] ::1 /discuz/index.php/Admin/Topic/assets/js/bootstrap.min.js
ERR: 非法操作:assets

[ 2016-07-07T18:57:02+08:00 ] ::1 /discuz/index.php/Admin/Topic/assets/js/typeahead-bs2.min.js
ERR: 非法操作:assets

[ 2016-07-07T18:58:00+08:00 ] ::1 /discuz/index.php/Admin/Topic/assets/js/bootstrap.min.js
ERR: 非法操作:assets

[ 2016-07-07T18:58:00+08:00 ] ::1 /discuz/index.php/Admin/Topic/assets/js/typeahead-bs2.min.js
ERR: 非法操作:assets

[ 2016-07-07T18:58:01+08:00 ] ::1 /discuz/index.php/Admin/Topic/assets/js/bootstrap.min.js
ERR: 非法操作:assets

[ 2016-07-07T18:58:01+08:00 ] ::1 /discuz/index.php/Admin/Topic/assets/js/typeahead-bs2.min.js
ERR: 非法操作:assets

[ 2016-07-07T18:59:25+08:00 ] ::1 /discuz/index.php/Admin/Topic/assets/js/typeahead-bs2.min.js
ERR: 非法操作:assets

[ 2016-07-07T18:59:25+08:00 ] ::1 /discuz/index.php/Admin/Topic/assets/js/bootstrap.min.js
ERR: 非法操作:assets

[ 2016-07-07T18:59:25+08:00 ] ::1 /discuz/index.php/Admin/Topic/assets/js/bootstrap.min.js
ERR: 非法操作:assets

[ 2016-07-07T18:59:25+08:00 ] ::1 /discuz/index.php/Admin/Topic/assets/js/typeahead-bs2.min.js
ERR: 非法操作:assets

[ 2016-07-07T18:59:49+08:00 ] ::1 /discuz/index.php/Admin/Topic/assets/js/bootstrap.min.js
ERR: 非法操作:assets

[ 2016-07-07T18:59:49+08:00 ] ::1 /discuz/index.php/Admin/Topic/assets/js/typeahead-bs2.min.js
ERR: 非法操作:assets

[ 2016-07-07T19:02:10+08:00 ] ::1 /discuz/index.php/Admin/Topic/assets/js/bootstrap.min.js
ERR: 非法操作:assets

[ 2016-07-07T19:02:11+08:00 ] ::1 /discuz/index.php/Admin/Topic/assets/js/typeahead-bs2.min.js
ERR: 非法操作:assets

[ 2016-07-07T19:02:11+08:00 ] ::1 /discuz/index.php/Admin/Topic/assets/js/jquery-2.0.3.min.js
ERR: 非法操作:assets

[ 2016-07-07T19:02:11+08:00 ] ::1 /discuz/index.php/Admin/Topic/assets/js/bootstrap.min.js
ERR: 非法操作:assets

[ 2016-07-07T19:02:11+08:00 ] ::1 /discuz/index.php/Admin/Topic/assets/js/typeahead-bs2.min.js
ERR: 非法操作:assets

[ 2016-07-07T19:02:48+08:00 ] ::1 /discuz/index.php/Admin/Topic/assets/js/bootstrap.min.js
ERR: 非法操作:assets

[ 2016-07-07T19:02:48+08:00 ] ::1 /discuz/index.php/Admin/Topic/assets/js/typeahead-bs2.min.js
ERR: 非法操作:assets

[ 2016-07-07T19:02:48+08:00 ] ::1 /discuz/index.php/Admin/Topic/assets/js/bootstrap.min.js
ERR: 非法操作:assets

[ 2016-07-07T19:02:48+08:00 ] ::1 /discuz/index.php/Admin/Topic/assets/js/typeahead-bs2.min.js
ERR: 非法操作:assets

[ 2016-07-07T19:02:53+08:00 ] ::1 /discuz/index.php/Admin/Topic/form-wizard.html
ERR: 非法操作:form-wizard

[ 2016-07-07T19:02:55+08:00 ] ::1 /discuz/index.php/Admin/Topic/assets/js/typeahead-bs2.min.js
ERR: 非法操作:assets

[ 2016-07-07T19:02:55+08:00 ] ::1 /discuz/index.php/Admin/Topic/assets/js/bootstrap.min.js
ERR: 非法操作:assets

[ 2016-07-07T19:02:55+08:00 ] ::1 /discuz/index.php/Admin/Topic/assets/js/bootstrap.min.js
ERR: 非法操作:assets

[ 2016-07-07T19:02:55+08:00 ] ::1 /discuz/index.php/Admin/Topic/assets/js/typeahead-bs2.min.js
ERR: 非法操作:assets

[ 2016-07-07T19:04:04+08:00 ] ::1 /discuz/index.php/Admin/Topic/assets/js/typeahead-bs2.min.js
ERR: 非法操作:assets

[ 2016-07-07T19:04:04+08:00 ] ::1 /discuz/index.php/Admin/Topic/assets/js/bootstrap.min.js
ERR: 非法操作:assets

[ 2016-07-07T19:04:05+08:00 ] ::1 /discuz/index.php/Admin/Topic/assets/js/bootstrap.min.js
ERR: 非法操作:assets

[ 2016-07-07T19:04:05+08:00 ] ::1 /discuz/index.php/Admin/Topic/assets/js/typeahead-bs2.min.js
ERR: 非法操作:assets

[ 2016-07-07T19:05:35+08:00 ] ::1 /discuz/index.php/Admin/Topic/assets/js/bootstrap.min.js
ERR: 非法操作:assets

[ 2016-07-07T19:05:35+08:00 ] ::1 /discuz/index.php/Admin/Topic/assets/js/typeahead-bs2.min.js
ERR: 非法操作:assets

[ 2016-07-07T19:05:35+08:00 ] ::1 /discuz/index.php/Admin/Topic/assets/js/jquery-2.0.3.min.js
ERR: 非法操作:assets

[ 2016-07-07T19:05:35+08:00 ] ::1 /discuz/index.php/Admin/Topic/assets/js/bootstrap.min.js
ERR: 非法操作:assets

[ 2016-07-07T19:05:35+08:00 ] ::1 /discuz/index.php/Admin/Topic/assets/js/typeahead-bs2.min.js
ERR: 非法操作:assets

[ 2016-07-07T19:06:07+08:00 ] ::1 /discuz/index.php/Admin/Topic/assets/js/typeahead-bs2.min.js
ERR: 非法操作:assets

[ 2016-07-07T19:06:07+08:00 ] ::1 /discuz/index.php/Admin/Topic/assets/js/bootstrap.min.js
ERR: 非法操作:assets

[ 2016-07-07T19:06:08+08:00 ] ::1 /discuz/index.php/Admin/Topic/assets/js/bootstrap.min.js
ERR: 非法操作:assets

[ 2016-07-07T19:06:08+08:00 ] ::1 /discuz/index.php/Admin/Topic/assets/js/typeahead-bs2.min.js
ERR: 非法操作:assets

[ 2016-07-07T19:06:14+08:00 ] ::1 /discuz/index.php/Admin/Topic/form-elements.html
ERR: 非法操作:form-elements

[ 2016-07-07T19:06:15+08:00 ] ::1 /discuz/index.php/Admin/Topic/assets/js/bootstrap.min.js
ERR: 非法操作:assets

[ 2016-07-07T19:06:15+08:00 ] ::1 /discuz/index.php/Admin/Topic/assets/js/typeahead-bs2.min.js
ERR: 非法操作:assets

[ 2016-07-07T19:06:16+08:00 ] ::1 /discuz/index.php/Admin/Topic/assets/js/bootstrap.min.js
ERR: 非法操作:assets

[ 2016-07-07T19:06:16+08:00 ] ::1 /discuz/index.php/Admin/Topic/assets/js/typeahead-bs2.min.js
ERR: 非法操作:assets

[ 2016-07-07T19:06:25+08:00 ] ::1 /discuz/index.php/Admin/Topic/assets/js/typeahead-bs2.min.js
ERR: 非法操作:assets

[ 2016-07-07T19:06:25+08:00 ] ::1 /discuz/index.php/Admin/Topic/assets/js/bootstrap.min.js
ERR: 非法操作:assets

[ 2016-07-07T19:06:25+08:00 ] ::1 /discuz/index.php/Admin/Topic/assets/js/bootstrap.min.js
ERR: 非法操作:assets

[ 2016-07-07T19:06:25+08:00 ] ::1 /discuz/index.php/Admin/Topic/assets/js/typeahead-bs2.min.js
ERR: 非法操作:assets

[ 2016-07-07T19:07:00+08:00 ] ::1 /discuz/index.php/Admin/Topic/assets/js/typeahead-bs2.min.js
ERR: 非法操作:assets

[ 2016-07-07T19:07:00+08:00 ] ::1 /discuz/index.php/Admin/Topic/assets/js/bootstrap.min.js
ERR: 非法操作:assets

[ 2016-07-07T19:07:00+08:00 ] ::1 /discuz/index.php/Admin/Topic/assets/js/bootstrap.min.js
ERR: 非法操作:assets

[ 2016-07-07T19:07:00+08:00 ] ::1 /discuz/index.php/Admin/Topic/assets/js/typeahead-bs2.min.js
ERR: 非法操作:assets

[ 2016-07-07T19:08:01+08:00 ] ::1 /discuz/index.php/Admin/Topic/assets/js/bootstrap.min.js
ERR: 非法操作:assets

[ 2016-07-07T19:08:01+08:00 ] ::1 /discuz/index.php/Admin/Topic/assets/js/typeahead-bs2.min.js
ERR: 非法操作:assets

[ 2016-07-07T19:08:01+08:00 ] ::1 /discuz/index.php/Admin/Topic/assets/js/bootstrap.min.js
ERR: 非法操作:assets

[ 2016-07-07T19:08:01+08:00 ] ::1 /discuz/index.php/Admin/Topic/assets/js/typeahead-bs2.min.js
ERR: 非法操作:assets

[ 2016-07-07T19:08:30+08:00 ] ::1 /discuz/index.php/Admin/Topic/assets/js/bootstrap.min.js
ERR: 非法操作:assets

[ 2016-07-07T19:08:30+08:00 ] ::1 /discuz/index.php/Admin/Topic/assets/js/typeahead-bs2.min.js
ERR: 非法操作:assets

[ 2016-07-07T19:08:30+08:00 ] ::1 /discuz/index.php/Admin/Topic/assets/js/bootstrap.min.js
ERR: 非法操作:assets

[ 2016-07-07T19:08:30+08:00 ] ::1 /discuz/index.php/Admin/Topic/assets/js/typeahead-bs2.min.js
ERR: 非法操作:assets

[ 2016-07-07T19:09:34+08:00 ] ::1 /discuz/index.php/Admin/Topic/assets/js/bootstrap.min.js
ERR: 非法操作:assets

[ 2016-07-07T19:09:34+08:00 ] ::1 /discuz/index.php/Admin/Topic/assets/js/typeahead-bs2.min.js
ERR: 非法操作:assets

[ 2016-07-07T19:09:35+08:00 ] ::1 /discuz/index.php/Admin/Topic/assets/js/bootstrap.min.js
ERR: 非法操作:assets

[ 2016-07-07T19:09:35+08:00 ] ::1 /discuz/index.php/Admin/Topic/assets/js/typeahead-bs2.min.js
ERR: 非法操作:assets

[ 2016-07-07T19:11:45+08:00 ] ::1 /discuz/index.php/Admin/Topic/assets/js/typeahead-bs2.min.js
ERR: 非法操作:assets

[ 2016-07-07T19:11:45+08:00 ] ::1 /discuz/index.php/Admin/Topic/assets/js/bootstrap.min.js
ERR: 非法操作:assets

[ 2016-07-07T19:11:46+08:00 ] ::1 /discuz/index.php/Admin/Topic/assets/js/bootstrap.min.js
ERR: 非法操作:assets

[ 2016-07-07T19:11:46+08:00 ] ::1 /discuz/index.php/Admin/Topic/assets/js/typeahead-bs2.min.js
ERR: 非法操作:assets

[ 2016-07-07T19:12:23+08:00 ] ::1 /discuz/index.php/Admin/Topic/assets/js/bootstrap.min.js
ERR: 非法操作:assets

[ 2016-07-07T19:12:23+08:00 ] ::1 /discuz/index.php/Admin/Topic/assets/js/typeahead-bs2.min.js
ERR: 非法操作:assets

[ 2016-07-07T19:12:23+08:00 ] ::1 /discuz/index.php/Admin/Topic/assets/js/bootstrap.min.js
ERR: 非法操作:assets

[ 2016-07-07T19:12:23+08:00 ] ::1 /discuz/index.php/Admin/Topic/assets/js/typeahead-bs2.min.js
ERR: 非法操作:assets

[ 2016-07-07T19:13:38+08:00 ] ::1 /discuz/index.php/Admin/Topic/assets/js/bootstrap.min.js
ERR: 非法操作:assets

[ 2016-07-07T19:13:38+08:00 ] ::1 /discuz/index.php/Admin/Topic/assets/js/typeahead-bs2.min.js
ERR: 非法操作:assets

[ 2016-07-07T19:13:38+08:00 ] ::1 /discuz/index.php/Admin/Topic/assets/js/bootstrap.min.js
ERR: 非法操作:assets

[ 2016-07-07T19:13:38+08:00 ] ::1 /discuz/index.php/Admin/Topic/assets/js/typeahead-bs2.min.js
ERR: 非法操作:assets

[ 2016-07-07T19:15:30+08:00 ] ::1 /discuz/index.php/Admin/Topic/assets/js/bootstrap.min.js
ERR: 非法操作:assets

[ 2016-07-07T19:15:30+08:00 ] ::1 /discuz/index.php/Admin/Topic/assets/js/typeahead-bs2.min.js
ERR: 非法操作:assets

[ 2016-07-07T19:15:30+08:00 ] ::1 /discuz/index.php/Admin/Topic/assets/js/bootstrap.min.js
ERR: 非法操作:assets

[ 2016-07-07T19:15:30+08:00 ] ::1 /discuz/index.php/Admin/Topic/assets/js/typeahead-bs2.min.js
ERR: 非法操作:assets

[ 2016-07-07T19:15:48+08:00 ] ::1 /discuz/index.php/Admin/Topic/assets/js/typeahead-bs2.min.js
ERR: 非法操作:assets

[ 2016-07-07T19:15:48+08:00 ] ::1 /discuz/index.php/Admin/Topic/assets/js/bootstrap.min.js
ERR: 非法操作:assets

[ 2016-07-07T19:15:48+08:00 ] ::1 /discuz/index.php/Admin/Topic/assets/js/bootstrap.min.js
ERR: 非法操作:assets

[ 2016-07-07T19:15:48+08:00 ] ::1 /discuz/index.php/Admin/Topic/assets/js/typeahead-bs2.min.js
ERR: 非法操作:assets

[ 2016-07-07T19:16:10+08:00 ] ::1 /discuz/index.php/Admin/Topic/assets/js/bootstrap.min.js
ERR: 非法操作:assets

[ 2016-07-07T19:16:10+08:00 ] ::1 /discuz/index.php/Admin/Topic/assets/js/typeahead-bs2.min.js
ERR: 非法操作:assets

[ 2016-07-07T19:16:10+08:00 ] ::1 /discuz/index.php/Admin/Topic/assets/js/jquery-2.0.3.min.js
ERR: 非法操作:assets

[ 2016-07-07T19:16:10+08:00 ] ::1 /discuz/index.php/Admin/Topic/assets/js/bootstrap.min.js
ERR: 非法操作:assets

[ 2016-07-07T19:16:10+08:00 ] ::1 /discuz/index.php/Admin/Topic/assets/js/typeahead-bs2.min.js
ERR: 非法操作:assets

[ 2016-07-07T19:20:51+08:00 ] ::1 /discuz/index.php/Admin/Topic/assets/js/bootstrap.min.js
ERR: 非法操作:assets

[ 2016-07-07T19:20:51+08:00 ] ::1 /discuz/index.php/Admin/Topic/assets/js/typeahead-bs2.min.js
ERR: 非法操作:assets

[ 2016-07-07T19:20:51+08:00 ] ::1 /discuz/index.php/Admin/Topic/assets/js/bootstrap.min.js
ERR: 非法操作:assets

[ 2016-07-07T19:20:51+08:00 ] ::1 /discuz/index.php/Admin/Topic/assets/js/typeahead-bs2.min.js
ERR: 非法操作:assets

[ 2016-07-07T19:21:04+08:00 ] ::1 /discuz/index.php/Admin/Topic/assets/js/bootstrap.min.js
ERR: 非法操作:assets

[ 2016-07-07T19:21:04+08:00 ] ::1 /discuz/index.php/Admin/Topic/assets/js/typeahead-bs2.min.js
ERR: 非法操作:assets

[ 2016-07-07T19:21:04+08:00 ] ::1 /discuz/index.php/Admin/Topic/assets/js/bootstrap.min.js
ERR: 非法操作:assets

[ 2016-07-07T19:21:04+08:00 ] ::1 /discuz/index.php/Admin/Topic/assets/js/typeahead-bs2.min.js
ERR: 非法操作:assets

[ 2016-07-07T19:33:49+08:00 ] ::1 /discuz/index.php/Admin/Topic/assets/js/jquery-2.0.3.min.js
ERR: 非法操作:assets

[ 2016-07-07T19:34:09+08:00 ] ::1 /discuz/index.php/Admin/Topic/assets/js/jquery-2.0.3.min.js
ERR: 非法操作:assets

[ 2016-07-07T19:34:11+08:00 ] ::1 /discuz/index.php/Admin/Topic/assets/js/jquery-2.0.3.min.js
ERR: 非法操作:assets

[ 2016-07-07T21:22:41+08:00 ] ::1 /discuz/index.php/Admin/Topic/assets/js/bootstrap.min.js
ERR: 非法操作:assets

[ 2016-07-07T21:22:41+08:00 ] ::1 /discuz/index.php/Admin/Topic/assets/js/typeahead-bs2.min.js
ERR: 非法操作:assets

[ 2016-07-07T21:22:41+08:00 ] ::1 /discuz/index.php/Admin/Topic/assets/js/bootstrap.min.js
ERR: 非法操作:assets

[ 2016-07-07T21:22:41+08:00 ] ::1 /discuz/index.php/Admin/Topic/assets/js/typeahead-bs2.min.js
ERR: 非法操作:assets

[ 2016-07-07T21:22:43+08:00 ] ::1 /discuz/index.php/Admin/Topic/form-elements.html
ERR: 非法操作:form-elements

[ 2016-07-07T21:22:45+08:00 ] ::1 /discuz/index.php/Admin/Topic/assets/js/bootstrap.min.js
ERR: 非法操作:assets

[ 2016-07-07T21:22:45+08:00 ] ::1 /discuz/index.php/Admin/Topic/assets/js/typeahead-bs2.min.js
ERR: 非法操作:assets

[ 2016-07-07T21:22:45+08:00 ] ::1 /discuz/index.php/Admin/Topic/assets/js/bootstrap.min.js
ERR: 非法操作:assets

[ 2016-07-07T21:22:45+08:00 ] ::1 /discuz/index.php/Admin/Topic/assets/js/typeahead-bs2.min.js
ERR: 非法操作:assets

[ 2016-07-07T21:25:24+08:00 ] ::1 /discuz/index.php/Admin/Topic/assets/js/bootstrap.min.js
ERR: 非法操作:assets

[ 2016-07-07T21:25:24+08:00 ] ::1 /discuz/index.php/Admin/Topic/assets/js/typeahead-bs2.min.js
ERR: 非法操作:assets

[ 2016-07-07T21:25:24+08:00 ] ::1 /discuz/index.php/Admin/Topic/assets/js/bootstrap.min.js
ERR: 非法操作:assets

[ 2016-07-07T21:25:24+08:00 ] ::1 /discuz/index.php/Admin/Topic/assets/js/typeahead-bs2.min.js
ERR: 非法操作:assets

[ 2016-07-07T21:58:11+08:00 ] ::1 /discuz/index.php/Admin/Topic/assets/js/bootstrap.min.js
ERR: 非法操作:assets

[ 2016-07-07T21:58:11+08:00 ] ::1 /discuz/index.php/Admin/Topic/assets/js/typeahead-bs2.min.js
ERR: 非法操作:assets

[ 2016-07-07T21:58:11+08:00 ] ::1 /discuz/index.php/Admin/Topic/assets/js/bootstrap.min.js
ERR: 非法操作:assets

[ 2016-07-07T21:58:11+08:00 ] ::1 /discuz/index.php/Admin/Topic/assets/js/typeahead-bs2.min.js
ERR: 非法操作:assets

