[ 2016-07-10T10:15:34+08:00 ] ::1 /discuz/index.php/Admin/Topic/assets/css/themes/blue.css
ERR: 非法操作:assets

[ 2016-07-10T10:15:37+08:00 ] ::1 /discuz/index.php/Admin/Topic/assets/css/themes/brown.css
ERR: 非法操作:assets

[ 2016-07-10T10:15:38+08:00 ] ::1 /discuz/index.php/Admin/Topic/assets/css/themes/purple.css
ERR: 非法操作:assets

[ 2016-07-10T10:15:39+08:00 ] ::1 /discuz/index.php/Admin/Topic/assets/css/themes/grey.css
ERR: 非法操作:assets

[ 2016-07-10T10:15:40+08:00 ] ::1 /discuz/index.php/Admin/Topic/assets/css/themes/default.css
ERR: 非法操作:assets

[ 2016-07-10T10:15:41+08:00 ] ::1 /discuz/index.php/Admin/Topic/assets/css/themes/blue.css
ERR: 非法操作:assets

[ 2016-07-10T10:15:42+08:00 ] ::1 /discuz/index.php/Admin/Topic/assets/css/themes/light.css
ERR: 非法操作:assets

[ 2016-07-10T10:15:45+08:00 ] ::1 /discuz/index.php/Admin/Topic/assets/css/themes/blue.css
ERR: 非法操作:assets

[ 2016-07-10T10:19:23+08:00 ] ::1 /discuz/index.php/Admin/Topic/extra_profile.html
ERR: 非法操作:extra_profile

[ 2016-07-10T10:20:04+08:00 ] ::1 /discuz/index.php/Admin/Topic/extra_search.html
ERR: 非法操作:extra_search

[ 2016-07-10T10:42:52+08:00 ] ::1 /discuz/index.php/Admin/Topic/extra_search.html
ERR: 非法操作:extra_search

[ 2016-07-10T10:49:24+08:00 ] ::1 /discuz/index.php/Admin/Topic/extra_lock.html
ERR: 非法操作:extra_lock

[ 2016-07-10T10:52:20+08:00 ] ::1 /discuz/index.php/Admin/Topic/login.html
ERR: 非法操作:login

[ 2016-07-10T10:53:37+08:00 ] ::1 /discuz/index.php/Admin/Topic/login.html
ERR: 非法操作:login

[ 2016-07-10T11:14:42+08:00 ] ::1 /discuz/index.php/Admin/Topic/assets/css/themes/blue.css
ERR: 非法操作:assets

[ 2016-07-10T11:14:44+08:00 ] ::1 /discuz/index.php/Admin/Topic/assets/css/themes/brown.css
ERR: 非法操作:assets

[ 2016-07-10T11:14:45+08:00 ] ::1 /discuz/index.php/Admin/Topic/assets/css/themes/purple.css
ERR: 非法操作:assets

[ 2016-07-10T11:14:45+08:00 ] ::1 /discuz/index.php/Admin/Topic/assets/css/themes/grey.css
ERR: 非法操作:assets

[ 2016-07-10T11:14:46+08:00 ] ::1 /discuz/index.php/Admin/Topic/assets/css/themes/light.css
ERR: 非法操作:assets

[ 2016-07-10T11:27:58+08:00 ] ::1 /discuz/index.php/Admin/Topic/add
ERR: 模板不存在:./App/Admin/View/Topic/add.html

[ 2016-07-10T12:04:21+08:00 ] ::1 /discuz/index.php/Admin/Topic/add
ERR: 模板不存在:./App/Admin/View/Topic/add.html

[ 2016-07-10T12:08:38+08:00 ] ::1 /discuz/index.php/Admin/Topic/media/css/bootstrap.min.css
ERR: 非法操作:media

[ 2016-07-10T12:08:38+08:00 ] ::1 /discuz/index.php/Admin/Topic/media/css/bootstrap-responsive.min.css
ERR: 非法操作:media

[ 2016-07-10T12:08:38+08:00 ] ::1 /discuz/index.php/Admin/Topic/media/css/font-awesome.min.css
ERR: 非法操作:media

[ 2016-07-10T12:08:38+08:00 ] ::1 /discuz/index.php/Admin/Topic/media/css/style-metro.css
ERR: 非法操作:media

[ 2016-07-10T12:08:38+08:00 ] ::1 /discuz/index.php/Admin/Topic/media/css/default.css
ERR: 非法操作:media

[ 2016-07-10T12:08:38+08:00 ] ::1 /discuz/index.php/Admin/Topic/media/css/style.css
ERR: 非法操作:media

[ 2016-07-10T12:08:38+08:00 ] ::1 /discuz/index.php/Admin/Topic/media/css/style-responsive.css
ERR: 非法操作:media

[ 2016-07-10T12:08:38+08:00 ] ::1 /discuz/index.php/Admin/Topic/media/js/jquery-1.10.1.min.js
ERR: 非法操作:media

[ 2016-07-10T12:08:38+08:00 ] ::1 /discuz/index.php/Admin/Topic/media/js/jquery-ui-1.10.1.custom.min.js
ERR: 非法操作:media

[ 2016-07-10T12:08:38+08:00 ] ::1 /discuz/index.php/Admin/Topic/media/js/bootstrap.min.js
ERR: 非法操作:media

[ 2016-07-10T12:08:38+08:00 ] ::1 /discuz/index.php/Admin/Topic/media/js/jquery-migrate-1.2.1.min.js
ERR: 非法操作:media

[ 2016-07-10T12:08:38+08:00 ] ::1 /discuz/index.php/Admin/Topic/media/css/uniform.default.css
ERR: 非法操作:media

[ 2016-07-10T12:08:38+08:00 ] ::1 /discuz/index.php/Admin/Topic/media/js/jquery.slimscroll.min.js
ERR: 非法操作:media

[ 2016-07-10T12:08:38+08:00 ] ::1 /discuz/index.php/Admin/Topic/media/js/jquery.blockui.min.js
ERR: 非法操作:media

[ 2016-07-10T12:08:38+08:00 ] ::1 /discuz/index.php/Admin/Topic/media/js/jquery.cookie.min.js
ERR: 非法操作:media

[ 2016-07-10T12:08:38+08:00 ] ::1 /discuz/index.php/Admin/Topic/media/js/app.js
ERR: 非法操作:media

[ 2016-07-10T12:08:38+08:00 ] ::1 /discuz/index.php/Admin/Topic/media/js/jquery.uniform.min.js
ERR: 非法操作:media

[ 2016-07-10T12:08:38+08:00 ] ::1 /discuz/index.php/Admin/Topic/media/js/jquery-1.10.1.min.js
ERR: 非法操作:media

[ 2016-07-10T12:08:38+08:00 ] ::1 /discuz/index.php/Admin/Topic/media/js/jquery-migrate-1.2.1.min.js
ERR: 非法操作:media

[ 2016-07-10T12:08:38+08:00 ] ::1 /discuz/index.php/Admin/Topic/media/js/jquery-ui-1.10.1.custom.min.js
ERR: 非法操作:media

[ 2016-07-10T12:08:38+08:00 ] ::1 /discuz/index.php/Admin/Topic/media/js/bootstrap.min.js
ERR: 非法操作:media

[ 2016-07-10T12:08:38+08:00 ] ::1 /discuz/index.php/Admin/Topic/media/js/jquery.slimscroll.min.js
ERR: 非法操作:media

[ 2016-07-10T12:08:38+08:00 ] ::1 /discuz/index.php/Admin/Topic/media/js/jquery.blockui.min.js
ERR: 非法操作:media

[ 2016-07-10T12:08:38+08:00 ] ::1 /discuz/index.php/Admin/Topic/media/js/jquery.cookie.min.js
ERR: 非法操作:media

[ 2016-07-10T12:08:38+08:00 ] ::1 /discuz/index.php/Admin/Topic/media/js/jquery.uniform.min.js
ERR: 非法操作:media

[ 2016-07-10T12:08:38+08:00 ] ::1 /discuz/index.php/Admin/Topic/media/js/app.js
ERR: 非法操作:media

[ 2016-07-10T16:41:17+08:00 ] ::1 /discuz/index.php/Admin/Topic/insert
ERR: 出错了

[ 2016-07-10T16:42:04+08:00 ] ::1 /discuz/index.php/Admin/Topic/insert
ERR: 出错了

[ 2016-07-10T16:42:08+08:00 ] ::1 /discuz/index.php/Admin/Topic/insert
ERR: 出错了

[ 2016-07-10T16:44:05+08:00 ] ::1 /discuz/index.php/Admin/Topic/insert
ERR: 出错了

[ 2016-07-10T16:44:37+08:00 ] ::1 /discuz/index.php/Admin/Topic/insert
ERR: 出错了

[ 2016-07-10T17:21:08+08:00 ] ::1 /discuz/index.php/Admin/Topic/index
INFO: [ app_init ] --START--
INFO: Run Behavior\BuildLiteBehavior [ RunTime:0.000000s ]
INFO: [ app_init ] --END-- [ RunTime:0.001000s ]
INFO: [ app_begin ] --START--
INFO: Run Behavior\ReadHtmlCacheBehavior [ RunTime:0.001000s ]
INFO: [ app_begin ] --END-- [ RunTime:0.001000s ]
INFO: [ app_end ] --START--
INFO: Run Behavior\ShowPageTraceBehavior [ RunTime:0.000000s ]
INFO: [ app_end ] --END-- [ RunTime:0.000000s ]

[ 2016-07-10T17:21:09+08:00 ] ::1 /discuz/index.php/Admin/Topic/index
INFO: [ app_init ] --START--
INFO: Run Behavior\BuildLiteBehavior [ RunTime:0.000000s ]
INFO: [ app_init ] --END-- [ RunTime:0.001000s ]
INFO: [ app_begin ] --START--
INFO: Run Behavior\ReadHtmlCacheBehavior [ RunTime:0.000000s ]
INFO: [ app_begin ] --END-- [ RunTime:0.000000s ]
INFO: [ app_end ] --START--
INFO: Run Behavior\ShowPageTraceBehavior [ RunTime:0.001000s ]
INFO: [ app_end ] --END-- [ RunTime:0.001000s ]

[ 2016-07-10T17:21:10+08:00 ] ::1 /discuz/index.php/Admin/Topic/index
INFO: [ app_init ] --START--
INFO: Run Behavior\BuildLiteBehavior [ RunTime:0.000000s ]
INFO: [ app_init ] --END-- [ RunTime:0.000000s ]
INFO: [ app_begin ] --START--
INFO: Run Behavior\ReadHtmlCacheBehavior [ RunTime:0.001000s ]
INFO: [ app_begin ] --END-- [ RunTime:0.001000s ]
INFO: [ app_end ] --START--
INFO: Run Behavior\ShowPageTraceBehavior [ RunTime:0.001000s ]
INFO: [ app_end ] --END-- [ RunTime:0.001000s ]

[ 2016-07-10T17:21:10+08:00 ] ::1 /discuz/index.php/Admin/Topic/index
INFO: [ app_init ] --START--
INFO: Run Behavior\BuildLiteBehavior [ RunTime:0.000000s ]
INFO: [ app_init ] --END-- [ RunTime:0.001000s ]
INFO: [ app_begin ] --START--
INFO: Run Behavior\ReadHtmlCacheBehavior [ RunTime:0.001000s ]
INFO: [ app_begin ] --END-- [ RunTime:0.001000s ]
INFO: [ app_end ] --START--
INFO: Run Behavior\ShowPageTraceBehavior [ RunTime:0.000000s ]
INFO: [ app_end ] --END-- [ RunTime:0.000000s ]

[ 2016-07-10T17:27:44+08:00 ] ::1 /discuz/index.php/Admin/Topic/insert
ERR: 模板不存在:./App/Admin/View/./App/Admin/View/Public/error.html.html

[ 2016-07-10T17:28:24+08:00 ] ::1 /discuz/index.php/Admin/Topic/media/css/bootstrap.min.css
ERR: 非法操作:media

[ 2016-07-10T17:28:24+08:00 ] ::1 /discuz/index.php/Admin/Topic/media/css/style.css
ERR: 非法操作:media

[ 2016-07-10T17:28:24+08:00 ] ::1 /discuz/index.php/Admin/Topic/media/css/style-responsive.css
ERR: 非法操作:media

[ 2016-07-10T17:28:24+08:00 ] ::1 /discuz/index.php/Admin/Topic/media/css/default.css
ERR: 非法操作:media

[ 2016-07-10T17:28:24+08:00 ] ::1 /discuz/index.php/Admin/Topic/media/css/style-metro.css
ERR: 非法操作:media

[ 2016-07-10T17:28:24+08:00 ] ::1 /discuz/index.php/Admin/Topic/media/css/font-awesome.min.css
ERR: 非法操作:media

[ 2016-07-10T17:28:24+08:00 ] ::1 /discuz/index.php/Admin/Topic/media/css/uniform.default.css
ERR: 非法操作:media

[ 2016-07-10T17:28:24+08:00 ] ::1 /discuz/index.php/Admin/Topic/media/css/error.css
ERR: 非法操作:media

[ 2016-07-10T17:28:24+08:00 ] ::1 /discuz/index.php/Admin/Topic/media/js/jquery-1.10.1.min.js
ERR: 非法操作:media

[ 2016-07-10T17:28:24+08:00 ] ::1 /discuz/index.php/Admin/Topic/media/js/jquery-migrate-1.2.1.min.js
ERR: 非法操作:media

[ 2016-07-10T17:28:24+08:00 ] ::1 /discuz/index.php/Admin/Topic/media/css/bootstrap-responsive.min.css
ERR: 非法操作:media

[ 2016-07-10T17:28:24+08:00 ] ::1 /discuz/index.php/Admin/Topic/media/js/jquery-ui-1.10.1.custom.min.js
ERR: 非法操作:media

[ 2016-07-10T17:28:24+08:00 ] ::1 /discuz/index.php/Admin/Topic/media/js/bootstrap.min.js
ERR: 非法操作:media

[ 2016-07-10T17:28:24+08:00 ] ::1 /discuz/index.php/Admin/Topic/media/js/jquery.slimscroll.min.js
ERR: 非法操作:media

[ 2016-07-10T17:28:24+08:00 ] ::1 /discuz/index.php/Admin/Topic/media/js/jquery.blockui.min.js
ERR: 非法操作:media

[ 2016-07-10T17:28:24+08:00 ] ::1 /discuz/index.php/Admin/Topic/media/js/jquery.cookie.min.js
ERR: 非法操作:media

[ 2016-07-10T17:28:24+08:00 ] ::1 /discuz/index.php/Admin/Topic/media/js/app.js
ERR: 非法操作:media

[ 2016-07-10T17:28:24+08:00 ] ::1 /discuz/index.php/Admin/Topic/media/js/jquery.uniform.min.js
ERR: 非法操作:media

[ 2016-07-10T17:28:24+08:00 ] ::1 /discuz/index.php/Admin/Topic/media/js/jquery-migrate-1.2.1.min.js
ERR: 非法操作:media

[ 2016-07-10T17:28:24+08:00 ] ::1 /discuz/index.php/Admin/Topic/media/js/jquery-ui-1.10.1.custom.min.js
ERR: 非法操作:media

[ 2016-07-10T17:28:24+08:00 ] ::1 /discuz/index.php/Admin/Topic/media/js/bootstrap.min.js
ERR: 非法操作:media

[ 2016-07-10T17:28:24+08:00 ] ::1 /discuz/index.php/Admin/Topic/media/js/jquery.slimscroll.min.js
ERR: 非法操作:media

[ 2016-07-10T17:28:24+08:00 ] ::1 /discuz/index.php/Admin/Topic/media/js/jquery.blockui.min.js
ERR: 非法操作:media

[ 2016-07-10T17:28:24+08:00 ] ::1 /discuz/index.php/Admin/Topic/media/js/jquery.cookie.min.js
ERR: 非法操作:media

[ 2016-07-10T17:28:24+08:00 ] ::1 /discuz/index.php/Admin/Topic/media/js/jquery.uniform.min.js
ERR: 非法操作:media

[ 2016-07-10T17:28:24+08:00 ] ::1 /discuz/index.php/Admin/Topic/media/js/app.js
ERR: 非法操作:media

[ 2016-07-10T17:32:13+08:00 ] ::1 /discuz/index.php/Admin/Topic/media/css/bootstrap.min.css
ERR: 非法操作:media

[ 2016-07-10T17:32:13+08:00 ] ::1 /discuz/index.php/Admin/Topic/media/css/bootstrap-responsive.min.css
ERR: 非法操作:media

[ 2016-07-10T17:32:13+08:00 ] ::1 /discuz/index.php/Admin/Topic/media/css/font-awesome.min.css
ERR: 非法操作:media

[ 2016-07-10T17:32:13+08:00 ] ::1 /discuz/index.php/Admin/Topic/media/css/style-metro.css
ERR: 非法操作:media

[ 2016-07-10T17:32:13+08:00 ] ::1 /discuz/index.php/Admin/Topic/media/css/style.css
ERR: 非法操作:media

[ 2016-07-10T17:32:13+08:00 ] ::1 /discuz/index.php/Admin/Topic/media/css/style-responsive.css
ERR: 非法操作:media

[ 2016-07-10T17:32:14+08:00 ] ::1 /discuz/index.php/Admin/Topic/media/css/uniform.default.css
ERR: 非法操作:media

[ 2016-07-10T17:32:14+08:00 ] ::1 /discuz/index.php/Admin/Topic/media/css/error.css
ERR: 非法操作:media

[ 2016-07-10T17:32:14+08:00 ] ::1 /discuz/index.php/Admin/Topic/media/js/jquery-migrate-1.2.1.min.js
ERR: 非法操作:media

[ 2016-07-10T17:32:14+08:00 ] ::1 /discuz/index.php/Admin/Topic/media/js/jquery-ui-1.10.1.custom.min.js
ERR: 非法操作:media

[ 2016-07-10T17:32:14+08:00 ] ::1 /discuz/index.php/Admin/Topic/media/js/bootstrap.min.js
ERR: 非法操作:media

[ 2016-07-10T17:32:14+08:00 ] ::1 /discuz/index.php/Admin/Topic/media/js/jquery.slimscroll.min.js
ERR: 非法操作:media

[ 2016-07-10T17:32:14+08:00 ] ::1 /discuz/index.php/Admin/Topic/media/js/jquery.blockui.min.js
ERR: 非法操作:media

[ 2016-07-10T17:32:14+08:00 ] ::1 /discuz/index.php/Admin/Topic/media/css/default.css
ERR: 非法操作:media

[ 2016-07-10T17:32:14+08:00 ] ::1 /discuz/index.php/Admin/Topic/media/js/jquery-1.10.1.min.js
ERR: 非法操作:media

[ 2016-07-10T17:32:14+08:00 ] ::1 /discuz/index.php/Admin/Topic/media/js/jquery.cookie.min.js
ERR: 非法操作:media

[ 2016-07-10T17:32:14+08:00 ] ::1 /discuz/index.php/Admin/Topic/media/js/jquery.uniform.min.js
ERR: 非法操作:media

[ 2016-07-10T17:32:14+08:00 ] ::1 /discuz/index.php/Admin/Topic/media/js/app.js
ERR: 非法操作:media

[ 2016-07-10T17:32:14+08:00 ] ::1 /discuz/index.php/Admin/Topic/media/js/jquery-migrate-1.2.1.min.js
ERR: 非法操作:media

[ 2016-07-10T17:32:14+08:00 ] ::1 /discuz/index.php/Admin/Topic/media/js/jquery-ui-1.10.1.custom.min.js
ERR: 非法操作:media

[ 2016-07-10T17:32:14+08:00 ] ::1 /discuz/index.php/Admin/Topic/media/js/bootstrap.min.js
ERR: 非法操作:media

[ 2016-07-10T17:32:14+08:00 ] ::1 /discuz/index.php/Admin/Topic/media/js/jquery.slimscroll.min.js
ERR: 非法操作:media

[ 2016-07-10T17:32:14+08:00 ] ::1 /discuz/index.php/Admin/Topic/media/js/jquery.blockui.min.js
ERR: 非法操作:media

[ 2016-07-10T17:32:14+08:00 ] ::1 /discuz/index.php/Admin/Topic/media/js/jquery.cookie.min.js
ERR: 非法操作:media

[ 2016-07-10T17:32:14+08:00 ] ::1 /discuz/index.php/Admin/Topic/media/js/jquery.uniform.min.js
ERR: 非法操作:media

[ 2016-07-10T17:32:14+08:00 ] ::1 /discuz/index.php/Admin/Topic/media/js/app.js
ERR: 非法操作:media

[ 2016-07-10T17:33:55+08:00 ] ::1 /discuz/index.php/Admin/Topic/media/css/bootstrap.min.css
ERR: 非法操作:media

[ 2016-07-10T17:33:55+08:00 ] ::1 /discuz/index.php/Admin/Topic/media/css/bootstrap-responsive.min.css
ERR: 非法操作:media

[ 2016-07-10T17:33:55+08:00 ] ::1 /discuz/index.php/Admin/Topic/media/css/font-awesome.min.css
ERR: 非法操作:media

[ 2016-07-10T17:33:55+08:00 ] ::1 /discuz/index.php/Admin/Topic/media/css/style-metro.css
ERR: 非法操作:media

[ 2016-07-10T17:33:55+08:00 ] ::1 /discuz/index.php/Admin/Topic/media/css/style.css
ERR: 非法操作:media

[ 2016-07-10T17:33:55+08:00 ] ::1 /discuz/index.php/Admin/Topic/media/css/style-responsive.css
ERR: 非法操作:media

[ 2016-07-10T17:33:55+08:00 ] ::1 /discuz/index.php/Admin/Topic/media/js/jquery-1.10.1.min.js
ERR: 非法操作:media

[ 2016-07-10T17:33:55+08:00 ] ::1 /discuz/index.php/Admin/Topic/media/js/jquery-migrate-1.2.1.min.js
ERR: 非法操作:media

[ 2016-07-10T17:33:55+08:00 ] ::1 /discuz/index.php/Admin/Topic/media/css/default.css
ERR: 非法操作:media

[ 2016-07-10T17:33:55+08:00 ] ::1 /discuz/index.php/Admin/Topic/media/js/jquery-ui-1.10.1.custom.min.js
ERR: 非法操作:media

[ 2016-07-10T17:33:55+08:00 ] ::1 /discuz/index.php/Admin/Topic/media/js/bootstrap.min.js
ERR: 非法操作:media

[ 2016-07-10T17:33:55+08:00 ] ::1 /discuz/index.php/Admin/Topic/media/css/uniform.default.css
ERR: 非法操作:media

[ 2016-07-10T17:33:55+08:00 ] ::1 /discuz/index.php/Admin/Topic/media/js/jquery.blockui.min.js
ERR: 非法操作:media

[ 2016-07-10T17:33:55+08:00 ] ::1 /discuz/index.php/Admin/Topic/media/js/jquery.slimscroll.min.js
ERR: 非法操作:media

[ 2016-07-10T17:33:55+08:00 ] ::1 /discuz/index.php/Admin/Topic/media/js/jquery.uniform.min.js
ERR: 非法操作:media

[ 2016-07-10T17:33:55+08:00 ] ::1 /discuz/index.php/Admin/Topic/media/js/jquery.cookie.min.js
ERR: 非法操作:media

[ 2016-07-10T17:33:55+08:00 ] ::1 /discuz/index.php/Admin/Topic/media/css/error.css
ERR: 非法操作:media

[ 2016-07-10T17:33:55+08:00 ] ::1 /discuz/index.php/Admin/Topic/media/js/app.js
ERR: 非法操作:media

[ 2016-07-10T17:33:55+08:00 ] ::1 /discuz/index.php/Admin/Topic/media/js/jquery-migrate-1.2.1.min.js
ERR: 非法操作:media

[ 2016-07-10T17:33:55+08:00 ] ::1 /discuz/index.php/Admin/Topic/media/js/jquery-ui-1.10.1.custom.min.js
ERR: 非法操作:media

[ 2016-07-10T17:33:55+08:00 ] ::1 /discuz/index.php/Admin/Topic/media/js/bootstrap.min.js
ERR: 非法操作:media

[ 2016-07-10T17:33:55+08:00 ] ::1 /discuz/index.php/Admin/Topic/media/js/jquery.slimscroll.min.js
ERR: 非法操作:media

[ 2016-07-10T17:33:55+08:00 ] ::1 /discuz/index.php/Admin/Topic/media/js/jquery.blockui.min.js
ERR: 非法操作:media

[ 2016-07-10T17:33:56+08:00 ] ::1 /discuz/index.php/Admin/Topic/media/js/jquery.cookie.min.js
ERR: 非法操作:media

[ 2016-07-10T17:33:56+08:00 ] ::1 /discuz/index.php/Admin/Topic/media/js/jquery.uniform.min.js
ERR: 非法操作:media

[ 2016-07-10T17:33:56+08:00 ] ::1 /discuz/index.php/Admin/Topic/media/js/app.js
ERR: 非法操作:media

[ 2016-07-10T20:29:24+08:00 ] ::1 /discuz/index.php/Admin/Topic/insert
ERR: Think\Controller:E方法不存在！

[ 2016-07-10T20:29:48+08:00 ] ::1 /discuz/index.php/Admin/Topic/insert
ERR: Think\Controller:E方法不存在！

[ 2016-07-10T20:29:48+08:00 ] ::1 /discuz/index.php/Admin/Topic/__PUBLIC__/media/css/bootstrap.min.css
ERR: 非法操作:__PUBLIC__

[ 2016-07-10T20:29:48+08:00 ] ::1 /discuz/index.php/Admin/Topic/__PUBLIC__/media/css/style.css
ERR: 非法操作:__PUBLIC__

[ 2016-07-10T20:29:48+08:00 ] ::1 /discuz/index.php/Admin/Topic/__PUBLIC__/media/css/bootstrap-responsive.min.css
ERR: 非法操作:__PUBLIC__

[ 2016-07-10T20:29:48+08:00 ] ::1 /discuz/index.php/Admin/Topic/__PUBLIC__/media/css/default.css
ERR: 非法操作:__PUBLIC__

[ 2016-07-10T20:29:48+08:00 ] ::1 /discuz/index.php/Admin/Topic/__PUBLIC__/media/css/uniform.default.css
ERR: 非法操作:__PUBLIC__

[ 2016-07-10T20:29:48+08:00 ] ::1 /discuz/index.php/Admin/Topic/__PUBLIC__/media/css/error.css
ERR: 非法操作:__PUBLIC__

[ 2016-07-10T20:29:48+08:00 ] ::1 /discuz/index.php/Admin/Topic/__PUBLIC__/media/css/style-responsive.css
ERR: 非法操作:__PUBLIC__

[ 2016-07-10T20:29:48+08:00 ] ::1 /discuz/index.php/Admin/Topic/__PUBLIC__/media/css/font-awesome.min.css
ERR: 非法操作:__PUBLIC__

[ 2016-07-10T20:29:48+08:00 ] ::1 /discuz/index.php/Admin/Topic/__PUBLIC__/media/css/style-metro.css
ERR: 非法操作:__PUBLIC__

[ 2016-07-10T20:29:48+08:00 ] ::1 /discuz/index.php/Admin/Topic/__PUBLIC__/media/js/jquery-1.10.1.min.js
ERR: 非法操作:__PUBLIC__

[ 2016-07-10T20:29:48+08:00 ] ::1 /discuz/index.php/Admin/Topic/__PUBLIC__/media/js/jquery-ui-1.10.1.custom.min.js
ERR: 非法操作:__PUBLIC__

[ 2016-07-10T20:29:48+08:00 ] ::1 /discuz/index.php/Admin/Topic/__PUBLIC__/media/js/jquery-migrate-1.2.1.min.js
ERR: 非法操作:__PUBLIC__

[ 2016-07-10T20:29:48+08:00 ] ::1 /discuz/index.php/Admin/Topic/__PUBLIC__/media/js/jquery.slimscroll.min.js
ERR: 非法操作:__PUBLIC__

[ 2016-07-10T20:29:48+08:00 ] ::1 /discuz/index.php/Admin/Topic/__PUBLIC__/media/js/bootstrap.min.js
ERR: 非法操作:__PUBLIC__

[ 2016-07-10T20:29:48+08:00 ] ::1 /discuz/index.php/Admin/Topic/__PUBLIC__/media/js/jquery.cookie.min.js
ERR: 非法操作:__PUBLIC__

[ 2016-07-10T20:29:48+08:00 ] ::1 /discuz/index.php/Admin/Topic/__PUBLIC__/media/js/jquery.blockui.min.js
ERR: 非法操作:__PUBLIC__

[ 2016-07-10T20:29:48+08:00 ] ::1 /discuz/index.php/Admin/Topic/__PUBLIC__/media/js/app.js
ERR: 非法操作:__PUBLIC__

[ 2016-07-10T20:29:48+08:00 ] ::1 /discuz/index.php/Admin/Topic/__PUBLIC__/media/js/jquery.uniform.min.js
ERR: 非法操作:__PUBLIC__

[ 2016-07-10T20:29:48+08:00 ] ::1 /discuz/index.php/Admin/Topic/__PUBLIC__/media/js/jquery-ui-1.10.1.custom.min.js
ERR: 非法操作:__PUBLIC__

[ 2016-07-10T20:29:48+08:00 ] ::1 /discuz/index.php/Admin/Topic/__PUBLIC__/media/js/bootstrap.min.js
ERR: 非法操作:__PUBLIC__

[ 2016-07-10T20:29:48+08:00 ] ::1 /discuz/index.php/Admin/Topic/__PUBLIC__/media/js/jquery.slimscroll.min.js
ERR: 非法操作:__PUBLIC__

[ 2016-07-10T20:29:48+08:00 ] ::1 /discuz/index.php/Admin/Topic/__PUBLIC__/media/js/jquery.blockui.min.js
ERR: 非法操作:__PUBLIC__

[ 2016-07-10T20:29:48+08:00 ] ::1 /discuz/index.php/Admin/Topic/__PUBLIC__/media/js/jquery.cookie.min.js
ERR: 非法操作:__PUBLIC__

[ 2016-07-10T20:29:48+08:00 ] ::1 /discuz/index.php/Admin/Topic/__PUBLIC__/media/js/jquery.uniform.min.js
ERR: 非法操作:__PUBLIC__

[ 2016-07-10T20:29:48+08:00 ] ::1 /discuz/index.php/Admin/Topic/__PUBLIC__/media/js/app.js
ERR: 非法操作:__PUBLIC__

[ 2016-07-10T20:29:58+08:00 ] ::1 /discuz/index.php/Admin/Topic/insert
ERR: Think\Controller:E方法不存在！

[ 2016-07-10T20:29:58+08:00 ] ::1 /discuz/index.php/Admin/Topic/__PUBLIC__/media/css/bootstrap.min.css
ERR: 非法操作:__PUBLIC__

[ 2016-07-10T20:29:58+08:00 ] ::1 /discuz/index.php/Admin/Topic/__PUBLIC__/media/css/font-awesome.min.css
ERR: 非法操作:__PUBLIC__

[ 2016-07-10T20:29:58+08:00 ] ::1 /discuz/index.php/Admin/Topic/__PUBLIC__/media/css/style-responsive.css
ERR: 非法操作:__PUBLIC__

[ 2016-07-10T20:29:58+08:00 ] ::1 /discuz/index.php/Admin/Topic/__PUBLIC__/media/css/style-metro.css
ERR: 非法操作:__PUBLIC__

[ 2016-07-10T20:29:58+08:00 ] ::1 /discuz/index.php/Admin/Topic/__PUBLIC__/media/css/default.css
ERR: 非法操作:__PUBLIC__

[ 2016-07-10T20:29:58+08:00 ] ::1 /discuz/index.php/Admin/Topic/__PUBLIC__/media/css/style.css
ERR: 非法操作:__PUBLIC__

[ 2016-07-10T20:29:58+08:00 ] ::1 /discuz/index.php/Admin/Topic/__PUBLIC__/media/css/uniform.default.css
ERR: 非法操作:__PUBLIC__

[ 2016-07-10T20:29:58+08:00 ] ::1 /discuz/index.php/Admin/Topic/__PUBLIC__/media/css/error.css
ERR: 非法操作:__PUBLIC__

[ 2016-07-10T20:29:58+08:00 ] ::1 /discuz/index.php/Admin/Topic/__PUBLIC__/media/js/jquery-1.10.1.min.js
ERR: 非法操作:__PUBLIC__

[ 2016-07-10T20:29:58+08:00 ] ::1 /discuz/index.php/Admin/Topic/__PUBLIC__/media/js/jquery-migrate-1.2.1.min.js
ERR: 非法操作:__PUBLIC__

[ 2016-07-10T20:29:58+08:00 ] ::1 /discuz/index.php/Admin/Topic/__PUBLIC__/media/js/jquery-ui-1.10.1.custom.min.js
ERR: 非法操作:__PUBLIC__

[ 2016-07-10T20:29:58+08:00 ] ::1 /discuz/index.php/Admin/Topic/__PUBLIC__/media/js/bootstrap.min.js
ERR: 非法操作:__PUBLIC__

[ 2016-07-10T20:29:58+08:00 ] ::1 /discuz/index.php/Admin/Topic/__PUBLIC__/media/js/jquery.slimscroll.min.js
ERR: 非法操作:__PUBLIC__

[ 2016-07-10T20:29:58+08:00 ] ::1 /discuz/index.php/Admin/Topic/__PUBLIC__/media/js/jquery.blockui.min.js
ERR: 非法操作:__PUBLIC__

[ 2016-07-10T20:29:58+08:00 ] ::1 /discuz/index.php/Admin/Topic/__PUBLIC__/media/js/jquery.cookie.min.js
ERR: 非法操作:__PUBLIC__

[ 2016-07-10T20:29:58+08:00 ] ::1 /discuz/index.php/Admin/Topic/__PUBLIC__/media/css/bootstrap-responsive.min.css
ERR: 非法操作:__PUBLIC__

[ 2016-07-10T20:29:58+08:00 ] ::1 /discuz/index.php/Admin/Topic/__PUBLIC__/media/js/jquery.uniform.min.js
ERR: 非法操作:__PUBLIC__

[ 2016-07-10T20:29:58+08:00 ] ::1 /discuz/index.php/Admin/Topic/__PUBLIC__/media/js/app.js
ERR: 非法操作:__PUBLIC__

[ 2016-07-10T20:29:58+08:00 ] ::1 /discuz/index.php/Admin/Topic/__PUBLIC__/media/js/jquery-migrate-1.2.1.min.js
ERR: 非法操作:__PUBLIC__

[ 2016-07-10T20:29:58+08:00 ] ::1 /discuz/index.php/Admin/Topic/__PUBLIC__/media/js/jquery-ui-1.10.1.custom.min.js
ERR: 非法操作:__PUBLIC__

[ 2016-07-10T20:29:58+08:00 ] ::1 /discuz/index.php/Admin/Topic/__PUBLIC__/media/js/bootstrap.min.js
ERR: 非法操作:__PUBLIC__

[ 2016-07-10T20:29:58+08:00 ] ::1 /discuz/index.php/Admin/Topic/__PUBLIC__/media/js/jquery.slimscroll.min.js
ERR: 非法操作:__PUBLIC__

[ 2016-07-10T20:29:58+08:00 ] ::1 /discuz/index.php/Admin/Topic/__PUBLIC__/media/js/jquery.blockui.min.js
ERR: 非法操作:__PUBLIC__

[ 2016-07-10T20:29:58+08:00 ] ::1 /discuz/index.php/Admin/Topic/__PUBLIC__/media/js/jquery.cookie.min.js
ERR: 非法操作:__PUBLIC__

[ 2016-07-10T20:29:58+08:00 ] ::1 /discuz/index.php/Admin/Topic/__PUBLIC__/media/js/jquery.uniform.min.js
ERR: 非法操作:__PUBLIC__

[ 2016-07-10T20:29:58+08:00 ] ::1 /discuz/index.php/Admin/Topic/__PUBLIC__/media/js/app.js
ERR: 非法操作:__PUBLIC__

[ 2016-07-10T20:30:17+08:00 ] ::1 /discuz/index.php/Admin/Topic/insert
ERR: Think\Controller:E方法不存在！

[ 2016-07-10T20:30:17+08:00 ] ::1 /discuz/index.php/Admin/Topic/__PUBLIC__/media/css/bootstrap.min.css
ERR: 非法操作:__PUBLIC__

[ 2016-07-10T20:30:17+08:00 ] ::1 /discuz/index.php/Admin/Topic/__PUBLIC__/media/css/bootstrap-responsive.min.css
ERR: 非法操作:__PUBLIC__

[ 2016-07-10T20:30:17+08:00 ] ::1 /discuz/index.php/Admin/Topic/__PUBLIC__/media/css/default.css
ERR: 非法操作:__PUBLIC__

[ 2016-07-10T20:30:17+08:00 ] ::1 /discuz/index.php/Admin/Topic/__PUBLIC__/media/css/uniform.default.css
ERR: 非法操作:__PUBLIC__

[ 2016-07-10T20:30:17+08:00 ] ::1 /discuz/index.php/Admin/Topic/__PUBLIC__/media/css/style-metro.css
ERR: 非法操作:__PUBLIC__

[ 2016-07-10T20:30:17+08:00 ] ::1 /discuz/index.php/Admin/Topic/__PUBLIC__/media/css/style.css
ERR: 非法操作:__PUBLIC__

[ 2016-07-10T20:30:17+08:00 ] ::1 /discuz/index.php/Admin/Topic/__PUBLIC__/media/css/font-awesome.min.css
ERR: 非法操作:__PUBLIC__

[ 2016-07-10T20:30:17+08:00 ] ::1 /discuz/index.php/Admin/Topic/__PUBLIC__/media/css/style-responsive.css
ERR: 非法操作:__PUBLIC__

[ 2016-07-10T20:30:17+08:00 ] ::1 /discuz/index.php/Admin/Topic/__PUBLIC__/media/js/jquery-1.10.1.min.js
ERR: 非法操作:__PUBLIC__

[ 2016-07-10T20:30:17+08:00 ] ::1 /discuz/index.php/Admin/Topic/__PUBLIC__/media/css/error.css
ERR: 非法操作:__PUBLIC__

[ 2016-07-10T20:30:17+08:00 ] ::1 /discuz/index.php/Admin/Topic/__PUBLIC__/media/js/jquery-migrate-1.2.1.min.js
ERR: 非法操作:__PUBLIC__

[ 2016-07-10T20:30:17+08:00 ] ::1 /discuz/index.php/Admin/Topic/__PUBLIC__/media/js/jquery-ui-1.10.1.custom.min.js
ERR: 非法操作:__PUBLIC__

[ 2016-07-10T20:30:17+08:00 ] ::1 /discuz/index.php/Admin/Topic/__PUBLIC__/media/js/bootstrap.min.js
ERR: 非法操作:__PUBLIC__

[ 2016-07-10T20:30:17+08:00 ] ::1 /discuz/index.php/Admin/Topic/__PUBLIC__/media/js/jquery.slimscroll.min.js
ERR: 非法操作:__PUBLIC__

[ 2016-07-10T20:30:17+08:00 ] ::1 /discuz/index.php/Admin/Topic/__PUBLIC__/media/js/jquery.blockui.min.js
ERR: 非法操作:__PUBLIC__

[ 2016-07-10T20:30:17+08:00 ] ::1 /discuz/index.php/Admin/Topic/__PUBLIC__/media/js/jquery.cookie.min.js
ERR: 非法操作:__PUBLIC__

[ 2016-07-10T20:30:17+08:00 ] ::1 /discuz/index.php/Admin/Topic/__PUBLIC__/media/js/jquery.uniform.min.js
ERR: 非法操作:__PUBLIC__

[ 2016-07-10T20:30:17+08:00 ] ::1 /discuz/index.php/Admin/Topic/__PUBLIC__/media/js/app.js
ERR: 非法操作:__PUBLIC__

[ 2016-07-10T20:30:17+08:00 ] ::1 /discuz/index.php/Admin/Topic/__PUBLIC__/media/js/jquery-migrate-1.2.1.min.js
ERR: 非法操作:__PUBLIC__

[ 2016-07-10T20:30:17+08:00 ] ::1 /discuz/index.php/Admin/Topic/__PUBLIC__/media/js/jquery-ui-1.10.1.custom.min.js
ERR: 非法操作:__PUBLIC__

[ 2016-07-10T20:30:17+08:00 ] ::1 /discuz/index.php/Admin/Topic/__PUBLIC__/media/js/bootstrap.min.js
ERR: 非法操作:__PUBLIC__

[ 2016-07-10T20:30:17+08:00 ] ::1 /discuz/index.php/Admin/Topic/__PUBLIC__/media/js/jquery.slimscroll.min.js
ERR: 非法操作:__PUBLIC__

[ 2016-07-10T20:30:17+08:00 ] ::1 /discuz/index.php/Admin/Topic/__PUBLIC__/media/js/jquery.blockui.min.js
ERR: 非法操作:__PUBLIC__

[ 2016-07-10T20:30:17+08:00 ] ::1 /discuz/index.php/Admin/Topic/__PUBLIC__/media/js/jquery.cookie.min.js
ERR: 非法操作:__PUBLIC__

[ 2016-07-10T20:30:17+08:00 ] ::1 /discuz/index.php/Admin/Topic/__PUBLIC__/media/js/jquery.uniform.min.js
ERR: 非法操作:__PUBLIC__

[ 2016-07-10T20:30:18+08:00 ] ::1 /discuz/index.php/Admin/Topic/__PUBLIC__/media/js/app.js
ERR: 非法操作:__PUBLIC__

[ 2016-07-10T20:30:23+08:00 ] ::1 /discuz/index.php/Admin/Topic/insert
ERR: Think\Controller:E方法不存在！

[ 2016-07-10T20:30:23+08:00 ] ::1 /discuz/index.php/Admin/Topic/__PUBLIC__/media/css/bootstrap.min.css
ERR: 非法操作:__PUBLIC__

[ 2016-07-10T20:30:23+08:00 ] ::1 /discuz/index.php/Admin/Topic/__PUBLIC__/media/css/bootstrap-responsive.min.css
ERR: 非法操作:__PUBLIC__

[ 2016-07-10T20:30:23+08:00 ] ::1 /discuz/index.php/Admin/Topic/__PUBLIC__/media/css/font-awesome.min.css
ERR: 非法操作:__PUBLIC__

[ 2016-07-10T20:30:23+08:00 ] ::1 /discuz/index.php/Admin/Topic/__PUBLIC__/media/css/default.css
ERR: 非法操作:__PUBLIC__

[ 2016-07-10T20:30:23+08:00 ] ::1 /discuz/index.php/Admin/Topic/__PUBLIC__/media/css/style-metro.css
ERR: 非法操作:__PUBLIC__

[ 2016-07-10T20:30:23+08:00 ] ::1 /discuz/index.php/Admin/Topic/__PUBLIC__/media/css/style-responsive.css
ERR: 非法操作:__PUBLIC__

[ 2016-07-10T20:30:23+08:00 ] ::1 /discuz/index.php/Admin/Topic/__PUBLIC__/media/css/style.css
ERR: 非法操作:__PUBLIC__

[ 2016-07-10T20:30:23+08:00 ] ::1 /discuz/index.php/Admin/Topic/__PUBLIC__/media/js/jquery-1.10.1.min.js
ERR: 非法操作:__PUBLIC__

[ 2016-07-10T20:30:23+08:00 ] ::1 /discuz/index.php/Admin/Topic/__PUBLIC__/media/css/uniform.default.css
ERR: 非法操作:__PUBLIC__

[ 2016-07-10T20:30:23+08:00 ] ::1 /discuz/index.php/Admin/Topic/__PUBLIC__/media/js/jquery-migrate-1.2.1.min.js
ERR: 非法操作:__PUBLIC__

[ 2016-07-10T20:30:23+08:00 ] ::1 /discuz/index.php/Admin/Topic/__PUBLIC__/media/css/error.css
ERR: 非法操作:__PUBLIC__

[ 2016-07-10T20:30:23+08:00 ] ::1 /discuz/index.php/Admin/Topic/__PUBLIC__/media/js/jquery-ui-1.10.1.custom.min.js
ERR: 非法操作:__PUBLIC__

[ 2016-07-10T20:30:23+08:00 ] ::1 /discuz/index.php/Admin/Topic/__PUBLIC__/media/js/bootstrap.min.js
ERR: 非法操作:__PUBLIC__

[ 2016-07-10T20:30:23+08:00 ] ::1 /discuz/index.php/Admin/Topic/__PUBLIC__/media/js/jquery.slimscroll.min.js
ERR: 非法操作:__PUBLIC__

[ 2016-07-10T20:30:23+08:00 ] ::1 /discuz/index.php/Admin/Topic/__PUBLIC__/media/js/jquery.cookie.min.js
ERR: 非法操作:__PUBLIC__

[ 2016-07-10T20:30:23+08:00 ] ::1 /discuz/index.php/Admin/Topic/__PUBLIC__/media/js/jquery.blockui.min.js
ERR: 非法操作:__PUBLIC__

[ 2016-07-10T20:30:23+08:00 ] ::1 /discuz/index.php/Admin/Topic/__PUBLIC__/media/js/jquery.uniform.min.js
ERR: 非法操作:__PUBLIC__

[ 2016-07-10T20:30:23+08:00 ] ::1 /discuz/index.php/Admin/Topic/__PUBLIC__/media/js/app.js
ERR: 非法操作:__PUBLIC__

[ 2016-07-10T20:30:24+08:00 ] ::1 /discuz/index.php/Admin/Topic/__PUBLIC__/media/js/jquery-migrate-1.2.1.min.js
ERR: 非法操作:__PUBLIC__

[ 2016-07-10T20:30:24+08:00 ] ::1 /discuz/index.php/Admin/Topic/__PUBLIC__/media/js/jquery-ui-1.10.1.custom.min.js
ERR: 非法操作:__PUBLIC__

[ 2016-07-10T20:30:24+08:00 ] ::1 /discuz/index.php/Admin/Topic/__PUBLIC__/media/js/bootstrap.min.js
ERR: 非法操作:__PUBLIC__

[ 2016-07-10T20:30:24+08:00 ] ::1 /discuz/index.php/Admin/Topic/__PUBLIC__/media/js/jquery.slimscroll.min.js
ERR: 非法操作:__PUBLIC__

[ 2016-07-10T20:30:24+08:00 ] ::1 /discuz/index.php/Admin/Topic/__PUBLIC__/media/js/jquery.blockui.min.js
ERR: 非法操作:__PUBLIC__

[ 2016-07-10T20:30:24+08:00 ] ::1 /discuz/index.php/Admin/Topic/__PUBLIC__/media/js/jquery.cookie.min.js
ERR: 非法操作:__PUBLIC__

[ 2016-07-10T20:30:24+08:00 ] ::1 /discuz/index.php/Admin/Topic/__PUBLIC__/media/js/jquery.uniform.min.js
ERR: 非法操作:__PUBLIC__

[ 2016-07-10T20:30:24+08:00 ] ::1 /discuz/index.php/Admin/Topic/__PUBLIC__/media/js/app.js
ERR: 非法操作:__PUBLIC__

[ 2016-07-10T20:31:05+08:00 ] ::1 /discuz/index.php/Admin/Topic/insert
ERR: Think\Controller:E方法不存在！

[ 2016-07-10T20:31:05+08:00 ] ::1 /discuz/index.php/Admin/Topic/__PUBLIC__/media/css/bootstrap.min.css
ERR: 非法操作:__PUBLIC__

[ 2016-07-10T20:31:05+08:00 ] ::1 /discuz/index.php/Admin/Topic/__PUBLIC__/media/css/bootstrap-responsive.min.css
ERR: 非法操作:__PUBLIC__

[ 2016-07-10T20:31:05+08:00 ] ::1 /discuz/index.php/Admin/Topic/__PUBLIC__/media/css/style-metro.css
ERR: 非法操作:__PUBLIC__

[ 2016-07-10T20:31:05+08:00 ] ::1 /discuz/index.php/Admin/Topic/__PUBLIC__/media/css/style.css
ERR: 非法操作:__PUBLIC__

[ 2016-07-10T20:31:05+08:00 ] ::1 /discuz/index.php/Admin/Topic/__PUBLIC__/media/css/default.css
ERR: 非法操作:__PUBLIC__

[ 2016-07-10T20:31:05+08:00 ] ::1 /discuz/index.php/Admin/Topic/__PUBLIC__/media/css/uniform.default.css
ERR: 非法操作:__PUBLIC__

[ 2016-07-10T20:31:05+08:00 ] ::1 /discuz/index.php/Admin/Topic/__PUBLIC__/media/css/error.css
ERR: 非法操作:__PUBLIC__

[ 2016-07-10T20:31:05+08:00 ] ::1 /discuz/index.php/Admin/Topic/__PUBLIC__/media/css/font-awesome.min.css
ERR: 非法操作:__PUBLIC__

[ 2016-07-10T20:31:05+08:00 ] ::1 /discuz/index.php/Admin/Topic/__PUBLIC__/media/js/jquery-ui-1.10.1.custom.min.js
ERR: 非法操作:__PUBLIC__

[ 2016-07-10T20:31:05+08:00 ] ::1 /discuz/index.php/Admin/Topic/__PUBLIC__/media/js/jquery-1.10.1.min.js
ERR: 非法操作:__PUBLIC__

[ 2016-07-10T20:31:05+08:00 ] ::1 /discuz/index.php/Admin/Topic/__PUBLIC__/media/css/style-responsive.css
ERR: 非法操作:__PUBLIC__

[ 2016-07-10T20:31:05+08:00 ] ::1 /discuz/index.php/Admin/Topic/__PUBLIC__/media/js/jquery-migrate-1.2.1.min.js
ERR: 非法操作:__PUBLIC__

[ 2016-07-10T20:31:05+08:00 ] ::1 /discuz/index.php/Admin/Topic/__PUBLIC__/media/js/bootstrap.min.js
ERR: 非法操作:__PUBLIC__

[ 2016-07-10T20:31:05+08:00 ] ::1 /discuz/index.php/Admin/Topic/__PUBLIC__/media/js/jquery.blockui.min.js
ERR: 非法操作:__PUBLIC__

[ 2016-07-10T20:31:05+08:00 ] ::1 /discuz/index.php/Admin/Topic/__PUBLIC__/media/js/jquery.slimscroll.min.js
ERR: 非法操作:__PUBLIC__

[ 2016-07-10T20:31:05+08:00 ] ::1 /discuz/index.php/Admin/Topic/__PUBLIC__/media/js/jquery.cookie.min.js
ERR: 非法操作:__PUBLIC__

[ 2016-07-10T20:31:05+08:00 ] ::1 /discuz/index.php/Admin/Topic/__PUBLIC__/media/js/jquery.uniform.min.js
ERR: 非法操作:__PUBLIC__

[ 2016-07-10T20:31:05+08:00 ] ::1 /discuz/index.php/Admin/Topic/__PUBLIC__/media/js/app.js
ERR: 非法操作:__PUBLIC__

[ 2016-07-10T20:31:05+08:00 ] ::1 /discuz/index.php/Admin/Topic/__PUBLIC__/media/js/jquery-migrate-1.2.1.min.js
ERR: 非法操作:__PUBLIC__

[ 2016-07-10T20:31:05+08:00 ] ::1 /discuz/index.php/Admin/Topic/__PUBLIC__/media/js/jquery-ui-1.10.1.custom.min.js
ERR: 非法操作:__PUBLIC__

[ 2016-07-10T20:31:05+08:00 ] ::1 /discuz/index.php/Admin/Topic/__PUBLIC__/media/js/bootstrap.min.js
ERR: 非法操作:__PUBLIC__

[ 2016-07-10T20:31:05+08:00 ] ::1 /discuz/index.php/Admin/Topic/__PUBLIC__/media/js/jquery.slimscroll.min.js
ERR: 非法操作:__PUBLIC__

[ 2016-07-10T20:31:05+08:00 ] ::1 /discuz/index.php/Admin/Topic/__PUBLIC__/media/js/jquery.blockui.min.js
ERR: 非法操作:__PUBLIC__

[ 2016-07-10T20:31:05+08:00 ] ::1 /discuz/index.php/Admin/Topic/__PUBLIC__/media/js/jquery.cookie.min.js
ERR: 非法操作:__PUBLIC__

[ 2016-07-10T20:31:05+08:00 ] ::1 /discuz/index.php/Admin/Topic/__PUBLIC__/media/js/jquery.uniform.min.js
ERR: 非法操作:__PUBLIC__

[ 2016-07-10T20:31:05+08:00 ] ::1 /discuz/index.php/Admin/Topic/__PUBLIC__/media/js/app.js
ERR: 非法操作:__PUBLIC__

[ 2016-07-10T20:31:09+08:00 ] ::1 /discuz/index.php/Admin/Topic/insert
ERR: Think\Controller:E方法不存在！

[ 2016-07-10T20:31:09+08:00 ] ::1 /discuz/index.php/Admin/Topic/__PUBLIC__/media/css/bootstrap-responsive.min.css
ERR: 非法操作:__PUBLIC__

[ 2016-07-10T20:31:09+08:00 ] ::1 /discuz/index.php/Admin/Topic/__PUBLIC__/media/css/bootstrap.min.css
ERR: 非法操作:__PUBLIC__

[ 2016-07-10T20:31:09+08:00 ] ::1 /discuz/index.php/Admin/Topic/__PUBLIC__/media/css/style-metro.css
ERR: 非法操作:__PUBLIC__

[ 2016-07-10T20:31:09+08:00 ] ::1 /discuz/index.php/Admin/Topic/__PUBLIC__/media/css/font-awesome.min.css
ERR: 非法操作:__PUBLIC__

[ 2016-07-10T20:31:09+08:00 ] ::1 /discuz/index.php/Admin/Topic/__PUBLIC__/media/css/default.css
ERR: 非法操作:__PUBLIC__

[ 2016-07-10T20:31:09+08:00 ] ::1 /discuz/index.php/Admin/Topic/__PUBLIC__/media/css/uniform.default.css
ERR: 非法操作:__PUBLIC__

[ 2016-07-10T20:31:09+08:00 ] ::1 /discuz/index.php/Admin/Topic/__PUBLIC__/media/js/jquery-1.10.1.min.js
ERR: 非法操作:__PUBLIC__

[ 2016-07-10T20:31:09+08:00 ] ::1 /discuz/index.php/Admin/Topic/__PUBLIC__/media/css/style.css
ERR: 非法操作:__PUBLIC__

[ 2016-07-10T20:31:09+08:00 ] ::1 /discuz/index.php/Admin/Topic/__PUBLIC__/media/css/style-responsive.css
ERR: 非法操作:__PUBLIC__

[ 2016-07-10T20:31:09+08:00 ] ::1 /discuz/index.php/Admin/Topic/__PUBLIC__/media/css/error.css
ERR: 非法操作:__PUBLIC__

[ 2016-07-10T20:31:09+08:00 ] ::1 /discuz/index.php/Admin/Topic/__PUBLIC__/media/js/jquery-ui-1.10.1.custom.min.js
ERR: 非法操作:__PUBLIC__

[ 2016-07-10T20:31:09+08:00 ] ::1 /discuz/index.php/Admin/Topic/__PUBLIC__/media/js/bootstrap.min.js
ERR: 非法操作:__PUBLIC__

[ 2016-07-10T20:31:09+08:00 ] ::1 /discuz/index.php/Admin/Topic/__PUBLIC__/media/js/jquery-migrate-1.2.1.min.js
ERR: 非法操作:__PUBLIC__

[ 2016-07-10T20:31:09+08:00 ] ::1 /discuz/index.php/Admin/Topic/__PUBLIC__/media/js/jquery.cookie.min.js
ERR: 非法操作:__PUBLIC__

[ 2016-07-10T20:31:09+08:00 ] ::1 /discuz/index.php/Admin/Topic/__PUBLIC__/media/js/jquery.slimscroll.min.js
ERR: 非法操作:__PUBLIC__

[ 2016-07-10T20:31:09+08:00 ] ::1 /discuz/index.php/Admin/Topic/__PUBLIC__/media/js/jquery.blockui.min.js
ERR: 非法操作:__PUBLIC__

[ 2016-07-10T20:31:09+08:00 ] ::1 /discuz/index.php/Admin/Topic/__PUBLIC__/media/js/jquery.uniform.min.js
ERR: 非法操作:__PUBLIC__

[ 2016-07-10T20:31:09+08:00 ] ::1 /discuz/index.php/Admin/Topic/__PUBLIC__/media/js/app.js
ERR: 非法操作:__PUBLIC__

[ 2016-07-10T20:31:09+08:00 ] ::1 /discuz/index.php/Admin/Topic/__PUBLIC__/media/js/jquery-1.10.1.min.js
ERR: 非法操作:__PUBLIC__

[ 2016-07-10T20:31:09+08:00 ] ::1 /discuz/index.php/Admin/Topic/__PUBLIC__/media/js/jquery-migrate-1.2.1.min.js
ERR: 非法操作:__PUBLIC__

[ 2016-07-10T20:31:09+08:00 ] ::1 /discuz/index.php/Admin/Topic/__PUBLIC__/media/js/jquery-ui-1.10.1.custom.min.js
ERR: 非法操作:__PUBLIC__

[ 2016-07-10T20:31:09+08:00 ] ::1 /discuz/index.php/Admin/Topic/__PUBLIC__/media/js/bootstrap.min.js
ERR: 非法操作:__PUBLIC__

[ 2016-07-10T20:31:09+08:00 ] ::1 /discuz/index.php/Admin/Topic/__PUBLIC__/media/js/jquery.slimscroll.min.js
ERR: 非法操作:__PUBLIC__

[ 2016-07-10T20:31:09+08:00 ] ::1 /discuz/index.php/Admin/Topic/__PUBLIC__/media/js/jquery.blockui.min.js
ERR: 非法操作:__PUBLIC__

[ 2016-07-10T20:31:09+08:00 ] ::1 /discuz/index.php/Admin/Topic/__PUBLIC__/media/js/jquery.cookie.min.js
ERR: 非法操作:__PUBLIC__

[ 2016-07-10T20:31:09+08:00 ] ::1 /discuz/index.php/Admin/Topic/__PUBLIC__/media/js/jquery.uniform.min.js
ERR: 非法操作:__PUBLIC__

[ 2016-07-10T20:31:09+08:00 ] ::1 /discuz/index.php/Admin/Topic/__PUBLIC__/media/js/app.js
ERR: 非法操作:__PUBLIC__

