[ 2016-07-12T09:13:24+08:00 ] ::1 /discuz/index.php/Admin/News/index
ERR: 无法加载控制器:News

[ 2016-07-12T09:16:44+08:00 ] ::1 /discuz/index.php/Admin/Reply/index
ERR: 无法加载控制器:Reply

[ 2016-07-12T09:16:51+08:00 ] ::1 /discuz/index.php/Admin/Reply/index
ERR: 无法加载控制器:Reply

[ 2016-07-12T09:16:56+08:00 ] ::1 /discuz/index.php/Admin/Reply/index
ERR: 无法加载控制器:Reply

[ 2016-07-12T09:18:09+08:00 ] ::1 /discuz/index.php/Admin/Reply/index
ERR: 无法加载控制器:Reply

[ 2016-07-12T09:27:55+08:00 ] ::1 /discuz/index.php/Admin/News/index
ERR: 无法加载控制器:News

[ 2016-07-12T10:40:02+08:00 ] ::1 /discuz/index.php/Admin/Reply/index
ERR: 无法加载控制器:Reply

[ 2016-07-12T10:40:06+08:00 ] ::1 /discuz/index.php/Admin/Reply/index
ERR: 无法加载控制器:Reply

[ 2016-07-12T10:40:09+08:00 ] ::1 /discuz/index.php/Admin/Reply/index
ERR: 无法加载控制器:Reply

[ 2016-07-12T10:43:18+08:00 ] ::1 /discuz/index.php/Admin/Reply/index
ERR: 无法加载控制器:Reply

[ 2016-07-12T14:07:55+08:00 ] ::1 /discuz/index.php/Admin/Reply/index
ERR: 无法加载控制器:Reply

[ 2016-07-12T14:14:07+08:00 ] ::1 /discuz/index.php/Admin/Reply/index
ERR: 无法加载控制器:Reply

[ 2016-07-12T14:14:11+08:00 ] ::1 /discuz/index.php/Admin/Reply/index
ERR: 无法加载控制器:Reply

[ 2016-07-12T14:14:51+08:00 ] ::1 /discuz/index.php/Admin/Reply/index
ERR: 无法加载控制器:Reply

[ 2016-07-12T14:14:54+08:00 ] ::1 /discuz/index.php/Admin/Reply/index
ERR: 无法加载控制器:Reply

[ 2016-07-12T14:15:23+08:00 ] ::1 /discuz/index.php/Admin/Comment/index
ERR: 无法加载控制器:Comment

[ 2016-07-12T14:16:04+08:00 ] ::1 /discuz/index.php/Admin/Comment/index
ERR: 无法加载控制器:Comment

[ 2016-07-12T14:16:13+08:00 ] ::1 /discuz/index.php/Admin/Reply/index
ERR: 无法加载控制器:Reply

[ 2016-07-12T14:16:18+08:00 ] ::1 /discuz/index.php/Admin/Comment/index
ERR: 无法加载控制器:Comment

[ 2016-07-12T14:16:27+08:00 ] ::1 /discuz/index.php/Admin/Reply/index
ERR: 无法加载控制器:Reply

[ 2016-07-12T14:21:06+08:00 ] ::1 /discuz/index.php/Admin/Reply/index
ERR: 无法加载控制器:Reply

[ 2016-07-12T14:27:36+08:00 ] ::1 /discuz/index.php/Admin/Comment/index
ERR: 无法加载控制器:Comment

[ 2016-07-12T14:28:12+08:00 ] ::1 /discuz/index.php/Admin/Comment/index
ERR: 无法加载控制器:Comment

[ 2016-07-12T14:28:20+08:00 ] ::1 /discuz/index.php/Admin/Comment/index
ERR: 无法加载控制器:Comment

[ 2016-07-12T14:30:05+08:00 ] ::1 /discuz/index.php/Admin/Comment/index
ERR: 无法加载控制器:Comment

[ 2016-07-12T15:36:28+08:00 ] ::1 /discuz/index.php/Admin/File/index
ERR: 无法加载控制器:File

[ 2016-07-12T15:36:57+08:00 ] ::1 /discuz/index.php/Admin/File/index
ERR: 1146:Table 'discuz.file' doesn't exist
 [ SQL语句 ] : SHOW COLUMNS FROM `file`

[ 2016-07-12T15:39:55+08:00 ] ::1 /discuz/index.php/Admin/File/upload
ERR: 非法操作:upload

[ 2016-07-12T15:52:54+08:00 ] ::1 /discuz/index.php/Admin/File/index
ERR: syntax error, unexpected end of file, expecting function (T_FUNCTION)

[ 2016-07-12T18:02:33+08:00 ] ::1 /discuz/index.php/Admin/Access/index
ERR: 无法加载控制器:Access

[ 2016-07-12T18:02:44+08:00 ] ::1 /discuz/index.php/Admin/Notice/index
ERR: 无法加载控制器:Notice

[ 2016-07-12T19:22:09+08:00 ] ::1 /discuz/index.php/Admin/Image/index
ERR: 模板不存在:./App/Admin/View/Image/index.html

[ 2016-07-12T20:14:05+08:00 ] ::1 /discuz/index.php/Admin/Image/index
ERR: 模板不存在:./App/Admin/View/Image/index.html

[ 2016-07-12T20:37:13+08:00 ] ::1 /discuz/index.php/Admin/Image/index
ERR: 模板不存在:./App/Admin/View/Image/index.html

[ 2016-07-12T21:04:38+08:00 ] ::1 /discuz/index.php/Admin/Image/media/css/bootstrap.min.css
ERR: 非法操作:media

[ 2016-07-12T21:04:38+08:00 ] ::1 /discuz/index.php/Admin/Image/media/css/bootstrap-responsive.min.css
ERR: 非法操作:media

[ 2016-07-12T21:04:38+08:00 ] ::1 /discuz/index.php/Admin/Image/media/css/style-metro.css
ERR: 非法操作:media

[ 2016-07-12T21:04:38+08:00 ] ::1 /discuz/index.php/Admin/Image/media/css/style-responsive.css
ERR: 非法操作:media

[ 2016-07-12T21:04:38+08:00 ] ::1 /discuz/index.php/Admin/Image/media/css/default.css
ERR: 非法操作:media

[ 2016-07-12T21:04:38+08:00 ] ::1 /discuz/index.php/Admin/Image/media/css/style.css
ERR: 非法操作:media

[ 2016-07-12T21:04:38+08:00 ] ::1 /discuz/index.php/Admin/Image/media/css/font-awesome.min.css
ERR: 非法操作:media

[ 2016-07-12T21:04:38+08:00 ] ::1 /discuz/index.php/Admin/Image/media/css/jquery.fancybox.css
ERR: 非法操作:media

[ 2016-07-12T21:04:38+08:00 ] ::1 /discuz/index.php/Admin/Image/media/js/jquery-1.10.1.min.js
ERR: 非法操作:media

[ 2016-07-12T21:04:38+08:00 ] ::1 /discuz/index.php/Admin/Image/media/css/chosen.css
ERR: 非法操作:media

[ 2016-07-12T21:04:38+08:00 ] ::1 /discuz/index.php/Admin/Image/media/js/jquery-ui-1.10.1.custom.min.js
ERR: 非法操作:media

[ 2016-07-12T21:04:38+08:00 ] ::1 /discuz/index.php/Admin/Image/media/css/uniform.default.css
ERR: 非法操作:media

[ 2016-07-12T21:04:38+08:00 ] ::1 /discuz/index.php/Admin/Image/media/js/jquery-migrate-1.2.1.min.js
ERR: 非法操作:media

[ 2016-07-12T21:04:38+08:00 ] ::1 /discuz/index.php/Admin/Image/media/js/bootstrap.min.js
ERR: 非法操作:media

[ 2016-07-12T21:04:38+08:00 ] ::1 /discuz/index.php/Admin/Image/media/js/jquery.slimscroll.min.js
ERR: 非法操作:media

[ 2016-07-12T21:04:38+08:00 ] ::1 /discuz/index.php/Admin/Image/media/js/jquery.blockui.min.js
ERR: 非法操作:media

[ 2016-07-12T21:04:38+08:00 ] ::1 /discuz/index.php/Admin/Image/media/js/jquery.cookie.min.js
ERR: 非法操作:media

[ 2016-07-12T21:04:39+08:00 ] ::1 /discuz/index.php/Admin/Image/media/js/jquery.fancybox.pack.js
ERR: 非法操作:media

[ 2016-07-12T21:04:39+08:00 ] ::1 /discuz/index.php/Admin/Image/media/js/chosen.jquery.min.js
ERR: 非法操作:media

[ 2016-07-12T21:04:39+08:00 ] ::1 /discuz/index.php/Admin/Image/media/js/app.js
ERR: 非法操作:media

[ 2016-07-12T21:04:39+08:00 ] ::1 /discuz/index.php/Admin/Image/media/js/jquery.uniform.min.js
ERR: 非法操作:media

[ 2016-07-12T21:04:39+08:00 ] ::1 /discuz/index.php/Admin/Image/media/js/gallery.js
ERR: 非法操作:media

[ 2016-07-12T21:04:39+08:00 ] ::1 /discuz/index.php/Admin/Image/media/js/jquery-migrate-1.2.1.min.js
ERR: 非法操作:media

[ 2016-07-12T21:04:39+08:00 ] ::1 /discuz/index.php/Admin/Image/media/js/jquery-ui-1.10.1.custom.min.js
ERR: 非法操作:media

[ 2016-07-12T21:04:39+08:00 ] ::1 /discuz/index.php/Admin/Image/media/js/bootstrap.min.js
ERR: 非法操作:media

[ 2016-07-12T21:04:39+08:00 ] ::1 /discuz/index.php/Admin/Image/media/js/jquery.slimscroll.min.js
ERR: 非法操作:media

[ 2016-07-12T21:04:39+08:00 ] ::1 /discuz/index.php/Admin/Image/media/js/jquery.blockui.min.js
ERR: 非法操作:media

[ 2016-07-12T21:04:39+08:00 ] ::1 /discuz/index.php/Admin/Image/media/js/jquery.cookie.min.js
ERR: 非法操作:media

[ 2016-07-12T21:04:39+08:00 ] ::1 /discuz/index.php/Admin/Image/media/js/jquery.uniform.min.js
ERR: 非法操作:media

[ 2016-07-12T21:04:39+08:00 ] ::1 /discuz/index.php/Admin/Image/media/js/jquery.fancybox.pack.js
ERR: 非法操作:media

[ 2016-07-12T21:04:39+08:00 ] ::1 /discuz/index.php/Admin/Image/media/js/chosen.jquery.min.js
ERR: 非法操作:media

[ 2016-07-12T21:04:39+08:00 ] ::1 /discuz/index.php/Admin/Image/media/js/app.js
ERR: 非法操作:media

[ 2016-07-12T21:04:39+08:00 ] ::1 /discuz/index.php/Admin/Image/media/js/gallery.js
ERR: 非法操作:media

[ 2016-07-12T21:07:52+08:00 ] ::1 /discuz/index.php/Admin/Access/index
ERR: 无法加载控制器:Access

[ 2016-07-12T21:07:55+08:00 ] ::1 /discuz/index.php/Admin/Ad/index
ERR: 无法加载控制器:Ad

[ 2016-07-12T21:07:59+08:00 ] ::1 /discuz/index.php/Admin/Notice/index
ERR: 无法加载控制器:Notice

[ 2016-07-12T22:56:22+08:00 ] ::1 /discuz/index.php/Admin/Ad/index
ERR: 无法加载控制器:Ad

